-------------------------------------------------------------------------------
Test set: md.esempla.library.rest.controller.ApiDocumentation
-------------------------------------------------------------------------------
Tests run: 3, Failures: 0, Errors: 1, Skipped: 0, Time elapsed: 7.418 sec <<< FAILURE! - in md.esempla.library.rest.controller.ApiDocumentation
carRepositoryListExample(md.esempla.library.rest.controller.ApiDocumentation)  Time elapsed: 0.54 sec  <<< ERROR!
org.springframework.restdocs.snippet.ModelCreationException: com.fasterxml.jackson.databind.JsonMappingException: Can not deserialize instance of java.util.LinkedHashMap out of START_ARRAY token
 at [Source: [B@563843f1; line: 1, column: 1]
	at com.fasterxml.jackson.databind.JsonMappingException.from(JsonMappingException.java:270)
	at com.fasterxml.jackson.databind.DeserializationContext.reportMappingException(DeserializationContext.java:1234)
	at com.fasterxml.jackson.databind.DeserializationContext.handleUnexpectedToken(DeserializationContext.java:1122)
	at com.fasterxml.jackson.databind.DeserializationContext.handleUnexpectedToken(DeserializationContext.java:1075)
	at com.fasterxml.jackson.databind.deser.std.StdDeserializer._deserializeFromEmpty(StdDeserializer.java:892)
	at com.fasterxml.jackson.databind.deser.std.MapDeserializer.deserialize(MapDeserializer.java:358)
	at com.fasterxml.jackson.databind.deser.std.MapDeserializer.deserialize(MapDeserializer.java:27)
	at com.fasterxml.jackson.databind.ObjectMapper._readMapAndClose(ObjectMapper.java:3814)
	at com.fasterxml.jackson.databind.ObjectMapper.readValue(ObjectMapper.java:2945)
	at org.springframework.restdocs.hypermedia.AbstractJsonLinkExtractor.extractLinks(AbstractJsonLinkExtractor.java:41)
	at org.springframework.restdocs.hypermedia.ContentTypeLinkExtractor.extractLinks(ContentTypeLinkExtractor.java:54)
	at org.springframework.restdocs.hypermedia.LinksSnippet.createModel(LinksSnippet.java:127)
	at org.springframework.restdocs.snippet.TemplatedSnippet.document(TemplatedSnippet.java:64)
	at org.springframework.restdocs.generate.RestDocumentationGenerator.handle(RestDocumentationGenerator.java:196)
	at org.springframework.restdocs.mockmvc.RestDocumentationResultHandler.handle(RestDocumentationResultHandler.java:55)
	at org.springframework.test.web.servlet.MockMvc$1.andDo(MockMvc.java:177)
	at md.esempla.library.rest.controller.ApiDocumentation.carRepositoryListExample(ApiDocumentation.java:87)

