<?xml version="1.0" encoding="UTF-8"?>
<testsuite name="md.esempla.library.rest.controller.AuhorsRestControllerTest" time="0.834" tests="3" errors="1" skipped="0" failures="0">
  <properties>
[...]
</properties>
  <testcase name="testGetById" classname="md.esempla.library.rest.controller.AuhorsRestControllerTest" time="0.302">
    <error message="bound must be positive" type="java.lang.IllegalArgumentException">java.lang.IllegalArgumentException: bound must be positive
	at java.util.Random.nextInt(Random.java:388)
	at md.esempla.library.rest.controller.AuhorsRestControllerTest.testGetById(AuhorsRestControllerTest.java:44)
</error>
    <system-out><![CDATA[17:29:41.662 [main] DEBUG org.springframework.test.context.junit4.SpringJUnit4ClassRunner - SpringJUnit4ClassRunner constructor called with [class md.esempla.library.rest.controller.AuhorsRestControllerTest]
17:29:41.671 [main] DEBUG org.springframework.test.context.BootstrapUtils - Instantiating CacheAwareContextLoaderDelegate from class [org.springframework.test.context.cache.DefaultCacheAwareContextLoaderDelegate]
17:29:41.691 [main] DEBUG org.springframework.test.context.BootstrapUtils - Instantiating BootstrapContext using constructor [public org.springframework.test.context.support.DefaultBootstrapContext(java.lang.Class,org.springframework.test.context.CacheAwareContextLoaderDelegate)]
17:29:41.715 [main] DEBUG org.springframework.test.context.BootstrapUtils - Instantiating TestContextBootstrapper for test class [md.esempla.library.rest.controller.AuhorsRestControllerTest] from class [org.springframework.boot.test.context.SpringBootTestContextBootstrapper]
17:29:41.744 [main] INFO org.springframework.boot.test.context.SpringBootTestContextBootstrapper - Neither @ContextConfiguration nor @ContextHierarchy found for test class [md.esempla.library.rest.controller.AuhorsRestControllerTest], using SpringBootContextLoader
17:29:41.763 [main] DEBUG org.springframework.test.context.support.AbstractContextLoader - Did not detect default resource location for test class [md.esempla.library.rest.controller.AuhorsRestControllerTest]: class path resource [md/esempla/library/rest/controller/AuhorsRestControllerTest-context.xml] does not exist
17:29:41.763 [main] DEBUG org.springframework.test.context.support.AbstractContextLoader - Did not detect default resource location for test class [md.esempla.library.rest.controller.AuhorsRestControllerTest]: class path resource [md/esempla/library/rest/controller/AuhorsRestControllerTestContext.groovy] does not exist
17:29:41.764 [main] INFO org.springframework.test.context.support.AbstractContextLoader - Could not detect default resource locations for test class [md.esempla.library.rest.controller.AuhorsRestControllerTest]: no resource found for suffixes {-context.xml, Context.groovy}.
17:29:41.771 [main] INFO org.springframework.test.context.support.AnnotationConfigContextLoaderUtils - Could not detect default configuration classes for test class [md.esempla.library.rest.controller.AuhorsRestControllerTest]: AuhorsRestControllerTest does not declare any static, non-private, non-final, nested classes annotated with @Configuration.
17:29:41.833 [main] DEBUG org.springframework.test.context.support.ActiveProfilesUtils - Could not find an 'annotation declaring class' for annotation type [org.springframework.test.context.ActiveProfiles] and class [md.esempla.library.rest.controller.AuhorsRestControllerTest]
17:29:41.848 [main] DEBUG org.springframework.core.env.StandardEnvironment - Adding PropertySource 'systemProperties' with lowest search precedence
17:29:41.851 [main] DEBUG org.springframework.core.env.StandardEnvironment - Adding PropertySource 'systemEnvironment' with lowest search precedence
17:29:41.856 [main] DEBUG org.springframework.core.env.StandardEnvironment - Initialized StandardEnvironment with PropertySources [MapPropertySource@561247961 {name='systemProperties', properties={java.runtime.name=Java(TM) SE Runtime Environment, sun.boot.library.path=/usr/lib/jvm/java-8-oracle/jre/lib/amd64, java.vm.version=25.161-b12, java.vm.vendor=Oracle Corporation, java.vendor.url=http://java.oracle.com/, path.separator=:, java.vm.name=Java HotSpot(TM) 64-Bit Server VM, file.encoding.pkg=sun.io, user.country=US, sun.java.launcher=SUN_STANDARD, sun.os.patch.level=unknown, java.vm.specification.name=Java Virtual Machine Specification, user.dir=/home/java/Downloads/pro-spring-boot-master/ch14/library/rest, java.runtime.version=1.8.0_161-b12, basedir=/home/java/Downloads/pro-spring-boot-master/ch14/library/rest, java.awt.graphicsenv=sun.awt.X11GraphicsEnvironment, java.endorsed.dirs=/usr/lib/jvm/java-8-oracle/jre/lib/endorsed, os.arch=amd64, surefire.real.class.path=/home/java/Downloads/pro-spring-boot-master/ch14/library/rest/target/surefire/surefirebooter7600953578704775144.jar, java.io.tmpdir=/tmp, line.separator=
, java.vm.specification.vendor=Oracle Corporation, os.name=Linux, sun.jnu.encoding=UTF-8, java.library.path=/usr/java/packages/lib/amd64:/usr/lib64:/lib64:/lib:/usr/lib, surefire.test.class.path=/home/java/Downloads/pro-spring-boot-master/ch14/library/rest/target/test-classes:/home/java/Downloads/pro-spring-boot-master/ch14/library/rest/target/classes:/home/java/.m2/repository/org/springframework/boot/spring-boot-starter-web/1.5.10.RELEASE/spring-boot-starter-web-1.5.10.RELEASE.jar:/home/java/.m2/repository/org/springframework/boot/spring-boot-starter/1.5.10.RELEASE/spring-boot-starter-1.5.10.RELEASE.jar:/home/java/.m2/repository/org/springframework/boot/spring-boot/1.5.10.RELEASE/spring-boot-1.5.10.RELEASE.jar:/home/java/.m2/repository/org/springframework/boot/spring-boot-autoconfigure/1.5.10.RELEASE/spring-boot-autoconfigure-1.5.10.RELEASE.jar:/home/java/.m2/repository/org/springframework/boot/spring-boot-starter-logging/1.5.10.RELEASE/spring-boot-starter-logging-1.5.10.RELEASE.jar:/home/java/.m2/repository/ch/qos/logback/logback-classic/1.1.11/logback-classic-1.1.11.jar:/home/java/.m2/repository/ch/qos/logback/logback-core/1.1.11/logback-core-1.1.11.jar:/home/java/.m2/repository/org/slf4j/jcl-over-slf4j/1.7.25/jcl-over-slf4j-1.7.25.jar:/home/java/.m2/repository/org/slf4j/jul-to-slf4j/1.7.25/jul-to-slf4j-1.7.25.jar:/home/java/.m2/repository/org/slf4j/log4j-over-slf4j/1.7.25/log4j-over-slf4j-1.7.25.jar:/home/java/.m2/repository/org/yaml/snakeyaml/1.17/snakeyaml-1.17.jar:/home/java/.m2/repository/org/springframework/boot/spring-boot-starter-tomcat/1.5.10.RELEASE/spring-boot-starter-tomcat-1.5.10.RELEASE.jar:/home/java/.m2/repository/org/apache/tomcat/embed/tomcat-embed-core/8.5.27/tomcat-embed-core-8.5.27.jar:/home/java/.m2/repository/org/apache/tomcat/tomcat-annotations-api/8.5.27/tomcat-annotations-api-8.5.27.jar:/home/java/.m2/repository/org/apache/tomcat/embed/tomcat-embed-el/8.5.27/tomcat-embed-el-8.5.27.jar:/home/java/.m2/repository/org/apache/tomcat/embed/tomcat-embed-websocket/8.5.27/tomcat-embed-websocket-8.5.27.jar:/home/java/.m2/repository/org/hibernate/hibernate-validator/5.3.6.Final/hibernate-validator-5.3.6.Final.jar:/home/java/.m2/repository/javax/validation/validation-api/1.1.0.Final/validation-api-1.1.0.Final.jar:/home/java/.m2/repository/org/jboss/logging/jboss-logging/3.3.1.Final/jboss-logging-3.3.1.Final.jar:/home/java/.m2/repository/com/fasterxml/classmate/1.3.4/classmate-1.3.4.jar:/home/java/.m2/repository/com/fasterxml/jackson/core/jackson-databind/2.8.10/jackson-databind-2.8.10.jar:/home/java/.m2/repository/com/fasterxml/jackson/core/jackson-annotations/2.8.0/jackson-annotations-2.8.0.jar:/home/java/.m2/repository/com/fasterxml/jackson/core/jackson-core/2.8.10/jackson-core-2.8.10.jar:/home/java/.m2/repository/org/springframework/spring-web/4.3.14.RELEASE/spring-web-4.3.14.RELEASE.jar:/home/java/.m2/repository/org/springframework/spring-aop/4.3.14.RELEASE/spring-aop-4.3.14.RELEASE.jar:/home/java/.m2/repository/org/springframework/spring-beans/4.3.14.RELEASE/spring-beans-4.3.14.RELEASE.jar:/home/java/.m2/repository/org/springframework/spring-context/4.3.14.RELEASE/spring-context-4.3.14.RELEASE.jar:/home/java/.m2/repository/org/springframework/spring-webmvc/4.3.14.RELEASE/spring-webmvc-4.3.14.RELEASE.jar:/home/java/.m2/repository/org/springframework/spring-expression/4.3.14.RELEASE/spring-expression-4.3.14.RELEASE.jar:/home/java/.m2/repository/md/esempla/data/0.0.1-SNAPSHOT/data-0.0.1-SNAPSHOT.jar:/home/java/.m2/repository/org/postgresql/postgresql/9.4.1212.jre7/postgresql-9.4.1212.jre7.jar:/home/java/.m2/repository/org/springframework/boot/spring-boot-starter-data-jpa/1.5.10.RELEASE/spring-boot-starter-data-jpa-1.5.10.RELEASE.jar:/home/java/.m2/repository/org/springframework/boot/spring-boot-starter-aop/1.5.10.RELEASE/spring-boot-starter-aop-1.5.10.RELEASE.jar:/home/java/.m2/repository/org/aspectj/aspectjweaver/1.8.13/aspectjweaver-1.8.13.jar:/home/java/.m2/repository/org/springframework/boot/spring-boot-starter-jdbc/1.5.10.RELEASE/spring-boot-starter-jdbc-1.5.10.RELEASE.jar:/home/java/.m2/repository/org/apache/tomcat/tomcat-jdbc/8.5.27/tomcat-jdbc-8.5.27.jar:/home/java/.m2/repository/org/apache/tomcat/tomcat-juli/8.5.27/tomcat-juli-8.5.27.jar:/home/java/.m2/repository/org/springframework/spring-jdbc/4.3.14.RELEASE/spring-jdbc-4.3.14.RELEASE.jar:/home/java/.m2/repository/org/hibernate/hibernate-core/5.0.12.Final/hibernate-core-5.0.12.Final.jar:/home/java/.m2/repository/org/hibernate/javax/persistence/hibernate-jpa-2.1-api/1.0.0.Final/hibernate-jpa-2.1-api-1.0.0.Final.jar:/home/java/.m2/repository/org/javassist/javassist/3.21.0-GA/javassist-3.21.0-GA.jar:/home/java/.m2/repository/antlr/antlr/2.7.7/antlr-2.7.7.jar:/home/java/.m2/repository/org/jboss/jandex/2.0.0.Final/jandex-2.0.0.Final.jar:/home/java/.m2/repository/dom4j/dom4j/1.6.1/dom4j-1.6.1.jar:/home/java/.m2/repository/org/hibernate/common/hibernate-commons-annotations/5.0.1.Final/hibernate-commons-annotations-5.0.1.Final.jar:/home/java/.m2/repository/org/hibernate/hibernate-entitymanager/5.0.12.Final/hibernate-entitymanager-5.0.12.Final.jar:/home/java/.m2/repository/javax/transaction/javax.transaction-api/1.2/javax.transaction-api-1.2.jar:/home/java/.m2/repository/org/springframework/data/spring-data-jpa/1.11.10.RELEASE/spring-data-jpa-1.11.10.RELEASE.jar:/home/java/.m2/repository/org/springframework/data/spring-data-commons/1.13.10.RELEASE/spring-data-commons-1.13.10.RELEASE.jar:/home/java/.m2/repository/org/springframework/spring-orm/4.3.14.RELEASE/spring-orm-4.3.14.RELEASE.jar:/home/java/.m2/repository/org/springframework/spring-tx/4.3.14.RELEASE/spring-tx-4.3.14.RELEASE.jar:/home/java/.m2/repository/org/springframework/spring-aspects/4.3.14.RELEASE/spring-aspects-4.3.14.RELEASE.jar:/home/java/.m2/repository/org/apache/httpcomponents/httpclient/4.3.1/httpclient-4.3.1.jar:/home/java/.m2/repository/org/apache/httpcomponents/httpcore/4.4.9/httpcore-4.4.9.jar:/home/java/.m2/repository/commons-codec/commons-codec/1.10/commons-codec-1.10.jar:/home/java/.m2/repository/com/h2database/h2/1.4.196/h2-1.4.196.jar:/home/java/.m2/repository/org/projectlombok/lombok/1.16.20/lombok-1.16.20.jar:/home/java/.m2/repository/org/springframework/boot/spring-boot-starter-test/1.5.10.RELEASE/spring-boot-starter-test-1.5.10.RELEASE.jar:/home/java/.m2/repository/org/springframework/boot/spring-boot-test/1.5.10.RELEASE/spring-boot-test-1.5.10.RELEASE.jar:/home/java/.m2/repository/org/springframework/boot/spring-boot-test-autoconfigure/1.5.10.RELEASE/spring-boot-test-autoconfigure-1.5.10.RELEASE.jar:/home/java/.m2/repository/com/jayway/jsonpath/json-path/2.2.0/json-path-2.2.0.jar:/home/java/.m2/repository/net/minidev/json-smart/2.2.1/json-smart-2.2.1.jar:/home/java/.m2/repository/net/minidev/accessors-smart/1.1/accessors-smart-1.1.jar:/home/java/.m2/repository/org/ow2/asm/asm/5.0.3/asm-5.0.3.jar:/home/java/.m2/repository/org/slf4j/slf4j-api/1.7.25/slf4j-api-1.7.25.jar:/home/java/.m2/repository/junit/junit/4.12/junit-4.12.jar:/home/java/.m2/repository/org/mockito/mockito-core/1.10.19/mockito-core-1.10.19.jar:/home/java/.m2/repository/org/objenesis/objenesis/2.1/objenesis-2.1.jar:/home/java/.m2/repository/org/hamcrest/hamcrest-core/1.3/hamcrest-core-1.3.jar:/home/java/.m2/repository/org/hamcrest/hamcrest-library/1.3/hamcrest-library-1.3.jar:/home/java/.m2/repository/org/skyscreamer/jsonassert/1.4.0/jsonassert-1.4.0.jar:/home/java/.m2/repository/com/vaadin/external/google/android-json/0.0.20131108.vaadin1/android-json-0.0.20131108.vaadin1.jar:/home/java/.m2/repository/org/springframework/spring-core/4.3.14.RELEASE/spring-core-4.3.14.RELEASE.jar:/home/java/.m2/repository/org/springframework/spring-test/4.3.14.RELEASE/spring-test-4.3.14.RELEASE.jar:/home/java/.m2/repository/org/assertj/assertj-core/3.8.0/assertj-core-3.8.0.jar:, java.specification.name=Java Platform API Specification, java.class.version=52.0, sun.management.compiler=HotSpot 64-Bit Tiered Compilers, os.version=4.13.0-38-generic, user.home=/home/java, user.timezone=Europe/Chisinau, java.awt.printerjob=sun.print.PSPrinterJob, file.encoding=UTF-8, java.specification.version=1.8, java.class.path=/home/java/Downloads/pro-spring-boot-master/ch14/library/rest/target/test-classes:/home/java/Downloads/pro-spring-boot-master/ch14/library/rest/target/classes:/home/java/.m2/repository/org/springframework/boot/spring-boot-starter-web/1.5.10.RELEASE/spring-boot-starter-web-1.5.10.RELEASE.jar:/home/java/.m2/repository/org/springframework/boot/spring-boot-starter/1.5.10.RELEASE/spring-boot-starter-1.5.10.RELEASE.jar:/home/java/.m2/repository/org/springframework/boot/spring-boot/1.5.10.RELEASE/spring-boot-1.5.10.RELEASE.jar:/home/java/.m2/repository/org/springframework/boot/spring-boot-autoconfigure/1.5.10.RELEASE/spring-boot-autoconfigure-1.5.10.RELEASE.jar:/home/java/.m2/repository/org/springframework/boot/spring-boot-starter-logging/1.5.10.RELEASE/spring-boot-starter-logging-1.5.10.RELEASE.jar:/home/java/.m2/repository/ch/qos/logback/logback-classic/1.1.11/logback-classic-1.1.11.jar:/home/java/.m2/repository/ch/qos/logback/logback-core/1.1.11/logback-core-1.1.11.jar:/home/java/.m2/repository/org/slf4j/jcl-over-slf4j/1.7.25/jcl-over-slf4j-1.7.25.jar:/home/java/.m2/repository/org/slf4j/jul-to-slf4j/1.7.25/jul-to-slf4j-1.7.25.jar:/home/java/.m2/repository/org/slf4j/log4j-over-slf4j/1.7.25/log4j-over-slf4j-1.7.25.jar:/home/java/.m2/repository/org/yaml/snakeyaml/1.17/snakeyaml-1.17.jar:/home/java/.m2/repository/org/springframework/boot/spring-boot-starter-tomcat/1.5.10.RELEASE/spring-boot-starter-tomcat-1.5.10.RELEASE.jar:/home/java/.m2/repository/org/apache/tomcat/embed/tomcat-embed-core/8.5.27/tomcat-embed-core-8.5.27.jar:/home/java/.m2/repository/org/apache/tomcat/tomcat-annotations-api/8.5.27/tomcat-annotations-api-8.5.27.jar:/home/java/.m2/repository/org/apache/tomcat/embed/tomcat-embed-el/8.5.27/tomcat-embed-el-8.5.27.jar:/home/java/.m2/repository/org/apache/tomcat/embed/tomcat-embed-websocket/8.5.27/tomcat-embed-websocket-8.5.27.jar:/home/java/.m2/repository/org/hibernate/hibernate-validator/5.3.6.Final/hibernate-validator-5.3.6.Final.jar:/home/java/.m2/repository/javax/validation/validation-api/1.1.0.Final/validation-api-1.1.0.Final.jar:/home/java/.m2/repository/org/jboss/logging/jboss-logging/3.3.1.Final/jboss-logging-3.3.1.Final.jar:/home/java/.m2/repository/com/fasterxml/classmate/1.3.4/classmate-1.3.4.jar:/home/java/.m2/repository/com/fasterxml/jackson/core/jackson-databind/2.8.10/jackson-databind-2.8.10.jar:/home/java/.m2/repository/com/fasterxml/jackson/core/jackson-annotations/2.8.0/jackson-annotations-2.8.0.jar:/home/java/.m2/repository/com/fasterxml/jackson/core/jackson-core/2.8.10/jackson-core-2.8.10.jar:/home/java/.m2/repository/org/springframework/spring-web/4.3.14.RELEASE/spring-web-4.3.14.RELEASE.jar:/home/java/.m2/repository/org/springframework/spring-aop/4.3.14.RELEASE/spring-aop-4.3.14.RELEASE.jar:/home/java/.m2/repository/org/springframework/spring-beans/4.3.14.RELEASE/spring-beans-4.3.14.RELEASE.jar:/home/java/.m2/repository/org/springframework/spring-context/4.3.14.RELEASE/spring-context-4.3.14.RELEASE.jar:/home/java/.m2/repository/org/springframework/spring-webmvc/4.3.14.RELEASE/spring-webmvc-4.3.14.RELEASE.jar:/home/java/.m2/repository/org/springframework/spring-expression/4.3.14.RELEASE/spring-expression-4.3.14.RELEASE.jar:/home/java/.m2/repository/md/esempla/data/0.0.1-SNAPSHOT/data-0.0.1-SNAPSHOT.jar:/home/java/.m2/repository/org/postgresql/postgresql/9.4.1212.jre7/postgresql-9.4.1212.jre7.jar:/home/java/.m2/repository/org/springframework/boot/spring-boot-starter-data-jpa/1.5.10.RELEASE/spring-boot-starter-data-jpa-1.5.10.RELEASE.jar:/home/java/.m2/repository/org/springframework/boot/spring-boot-starter-aop/1.5.10.RELEASE/spring-boot-starter-aop-1.5.10.RELEASE.jar:/home/java/.m2/repository/org/aspectj/aspectjweaver/1.8.13/aspectjweaver-1.8.13.jar:/home/java/.m2/repository/org/springframework/boot/spring-boot-starter-jdbc/1.5.10.RELEASE/spring-boot-starter-jdbc-1.5.10.RELEASE.jar:/home/java/.m2/repository/org/apache/tomcat/tomcat-jdbc/8.5.27/tomcat-jdbc-8.5.27.jar:/home/java/.m2/repository/org/apache/tomcat/tomcat-juli/8.5.27/tomcat-juli-8.5.27.jar:/home/java/.m2/repository/org/springframework/spring-jdbc/4.3.14.RELEASE/spring-jdbc-4.3.14.RELEASE.jar:/home/java/.m2/repository/org/hibernate/hibernate-core/5.0.12.Final/hibernate-core-5.0.12.Final.jar:/home/java/.m2/repository/org/hibernate/javax/persistence/hibernate-jpa-2.1-api/1.0.0.Final/hibernate-jpa-2.1-api-1.0.0.Final.jar:/home/java/.m2/repository/org/javassist/javassist/3.21.0-GA/javassist-3.21.0-GA.jar:/home/java/.m2/repository/antlr/antlr/2.7.7/antlr-2.7.7.jar:/home/java/.m2/repository/org/jboss/jandex/2.0.0.Final/jandex-2.0.0.Final.jar:/home/java/.m2/repository/dom4j/dom4j/1.6.1/dom4j-1.6.1.jar:/home/java/.m2/repository/org/hibernate/common/hibernate-commons-annotations/5.0.1.Final/hibernate-commons-annotations-5.0.1.Final.jar:/home/java/.m2/repository/org/hibernate/hibernate-entitymanager/5.0.12.Final/hibernate-entitymanager-5.0.12.Final.jar:/home/java/.m2/repository/javax/transaction/javax.transaction-api/1.2/javax.transaction-api-1.2.jar:/home/java/.m2/repository/org/springframework/data/spring-data-jpa/1.11.10.RELEASE/spring-data-jpa-1.11.10.RELEASE.jar:/home/java/.m2/repository/org/springframework/data/spring-data-commons/1.13.10.RELEASE/spring-data-commons-1.13.10.RELEASE.jar:/home/java/.m2/repository/org/springframework/spring-orm/4.3.14.RELEASE/spring-orm-4.3.14.RELEASE.jar:/home/java/.m2/repository/org/springframework/spring-tx/4.3.14.RELEASE/spring-tx-4.3.14.RELEASE.jar:/home/java/.m2/repository/org/springframework/spring-aspects/4.3.14.RELEASE/spring-aspects-4.3.14.RELEASE.jar:/home/java/.m2/repository/org/apache/httpcomponents/httpclient/4.3.1/httpclient-4.3.1.jar:/home/java/.m2/repository/org/apache/httpcomponents/httpcore/4.4.9/httpcore-4.4.9.jar:/home/java/.m2/repository/commons-codec/commons-codec/1.10/commons-codec-1.10.jar:/home/java/.m2/repository/com/h2database/h2/1.4.196/h2-1.4.196.jar:/home/java/.m2/repository/org/projectlombok/lombok/1.16.20/lombok-1.16.20.jar:/home/java/.m2/repository/org/springframework/boot/spring-boot-starter-test/1.5.10.RELEASE/spring-boot-starter-test-1.5.10.RELEASE.jar:/home/java/.m2/repository/org/springframework/boot/spring-boot-test/1.5.10.RELEASE/spring-boot-test-1.5.10.RELEASE.jar:/home/java/.m2/repository/org/springframework/boot/spring-boot-test-autoconfigure/1.5.10.RELEASE/spring-boot-test-autoconfigure-1.5.10.RELEASE.jar:/home/java/.m2/repository/com/jayway/jsonpath/json-path/2.2.0/json-path-2.2.0.jar:/home/java/.m2/repository/net/minidev/json-smart/2.2.1/json-smart-2.2.1.jar:/home/java/.m2/repository/net/minidev/accessors-smart/1.1/accessors-smart-1.1.jar:/home/java/.m2/repository/org/ow2/asm/asm/5.0.3/asm-5.0.3.jar:/home/java/.m2/repository/org/slf4j/slf4j-api/1.7.25/slf4j-api-1.7.25.jar:/home/java/.m2/repository/junit/junit/4.12/junit-4.12.jar:/home/java/.m2/repository/org/mockito/mockito-core/1.10.19/mockito-core-1.10.19.jar:/home/java/.m2/repository/org/objenesis/objenesis/2.1/objenesis-2.1.jar:/home/java/.m2/repository/org/hamcrest/hamcrest-core/1.3/hamcrest-core-1.3.jar:/home/java/.m2/repository/org/hamcrest/hamcrest-library/1.3/hamcrest-library-1.3.jar:/home/java/.m2/repository/org/skyscreamer/jsonassert/1.4.0/jsonassert-1.4.0.jar:/home/java/.m2/repository/com/vaadin/external/google/android-json/0.0.20131108.vaadin1/android-json-0.0.20131108.vaadin1.jar:/home/java/.m2/repository/org/springframework/spring-core/4.3.14.RELEASE/spring-core-4.3.14.RELEASE.jar:/home/java/.m2/repository/org/springframework/spring-test/4.3.14.RELEASE/spring-test-4.3.14.RELEASE.jar:/home/java/.m2/repository/org/assertj/assertj-core/3.8.0/assertj-core-3.8.0.jar:, user.name=java, java.vm.specification.version=1.8, sun.java.command=/home/java/Downloads/pro-spring-boot-master/ch14/library/rest/target/surefire/surefirebooter7600953578704775144.jar /home/java/Downloads/pro-spring-boot-master/ch14/library/rest/target/surefire/surefire7695058719837014405tmp /home/java/Downloads/pro-spring-boot-master/ch14/library/rest/target/surefire/surefire_0321010524297685941tmp, java.home=/usr/lib/jvm/java-8-oracle/jre, sun.arch.data.model=64, user.language=en, java.specification.vendor=Oracle Corporation, awt.toolkit=sun.awt.X11.XToolkit, java.vm.info=mixed mode, java.version=1.8.0_161, java.ext.dirs=/usr/lib/jvm/java-8-oracle/jre/lib/ext:/usr/java/packages/lib/ext, sun.boot.class.path=/usr/lib/jvm/java-8-oracle/jre/lib/resources.jar:/usr/lib/jvm/java-8-oracle/jre/lib/rt.jar:/usr/lib/jvm/java-8-oracle/jre/lib/sunrsasign.jar:/usr/lib/jvm/java-8-oracle/jre/lib/jsse.jar:/usr/lib/jvm/java-8-oracle/jre/lib/jce.jar:/usr/lib/jvm/java-8-oracle/jre/lib/charsets.jar:/usr/lib/jvm/java-8-oracle/jre/lib/jfr.jar:/usr/lib/jvm/java-8-oracle/jre/classes, java.vendor=Oracle Corporation, localRepository=/home/java/.m2/repository, file.separator=/, java.vendor.url.bug=http://bugreport.sun.com/bugreport/, sun.io.unicode.encoding=UnicodeLittle, sun.cpu.endian=little, sun.desktop=gnome, sun.cpu.isalist=}}, SystemEnvironmentPropertySource@813656972 {name='systemEnvironment', properties={PATH=/home/java/bin:/home/java/.local/bin:/home/java/.sdkman/candidates/springboot/current/bin:/home/java/bin:/home/java/.local/bin:/usr/local/sbin:/usr/local/bin:/usr/sbin:/usr/bin:/sbin:/bin:/usr/games:/usr/local/games:/snap/bin:/usr/lib/jvm/java-8-oracle/bin:/usr/lib/jvm/java-8-oracle/db/bin:/usr/lib/jvm/java-8-oracle/jre/bin:/usr/lib/jvm/java-8-oracle/bin:/usr/lib/jvm/java-8-oracle/db/bin:/usr/lib/jvm/java-8-oracle/jre/bin, XAUTHORITY=/home/java/.Xauthority, SDKMAN_VERSION=5.6.2+294, XMODIFIERS=@im=ibus, XDG_DATA_DIRS=/usr/share/ubuntu:/usr/share/gnome:/usr/local/share:/usr/share:/var/lib/snapd/desktop, GDMSESSION=ubuntu, MANDATORY_PATH=/usr/share/gconf/ubuntu.mandatory.path, GTK_IM_MODULE=ibus, DBUS_SESSION_BUS_ADDRESS=unix:abstract=/tmp/dbus-clX1RQPzI3, DEFAULTS_PATH=/usr/share/gconf/ubuntu.default.path, XDG_CURRENT_DESKTOP=Unity, UPSTART_SESSION=unix:abstract=/com/ubuntu/upstart-session/1000/1719, QT4_IM_MODULE=xim, SDKMAN_DIR=/home/java/.sdkman, SESSION_MANAGER=local/java-LIFEBOOK-E752:@/tmp/.ICE-unix/1937,unix/java-LIFEBOOK-E752:/tmp/.ICE-unix/1937, QT_LINUX_ACCESSIBILITY_ALWAYS_ON=1, LOGNAME=java, JOB=unity-settings-daemon, PWD=/home/java/Downloads/pro-spring-boot-master/ch14/library/rest, DERBY_HOME=/usr/lib/jvm/java-8-oracle/db, IM_CONFIG_PHASE=1, SPRINGBOOT_HOME=/home/java/.sdkman/candidates/springboot/current, LANGUAGE=en_US, SHELL=/bin/bash, LESSOPEN=| /usr/bin/lesspipe %s, UNITY_HAS_3D_SUPPORT=true, GIO_LAUNCHED_DESKTOP_FILE=/home/java/.local/share/applications/jetbrains-idea.desktop, GTK2_MODULES=overlay-scrollbar, INSTANCE=, J2SDKDIR=/usr/lib/jvm/java-8-oracle, OLDPWD=/home/java/Downloads/pro-spring-boot-master/ch14/library/rest, GNOME_DESKTOP_SESSION_ID=this-is-deprecated, UPSTART_INSTANCE=, GTK_MODULES=gail:atk-bridge:unity-gtk-module, J2REDIR=/usr/lib/jvm/java-8-oracle/jre, CLUTTER_IM_MODULE=xim, XDG_SESSION_PATH=/org/freedesktop/DisplayManager/Session0, COMPIZ_BIN_PATH=/usr/bin/, SESSIONTYPE=gnome-session, LS_COLORS=rs=0:di=01;34:ln=01;36:mh=00:pi=40;33:so=01;35:do=01;35:bd=40;33;01:cd=40;33;01:or=40;31;01:mi=00:su=37;41:sg=30;43:ca=30;41:tw=30;42:ow=34;42:st=37;44:ex=01;32:*.tar=01;31:*.tgz=01;31:*.arc=01;31:*.arj=01;31:*.taz=01;31:*.lha=01;31:*.lz4=01;31:*.lzh=01;31:*.lzma=01;31:*.tlz=01;31:*.txz=01;31:*.tzo=01;31:*.t7z=01;31:*.zip=01;31:*.z=01;31:*.Z=01;31:*.dz=01;31:*.gz=01;31:*.lrz=01;31:*.lz=01;31:*.lzo=01;31:*.xz=01;31:*.bz2=01;31:*.bz=01;31:*.tbz=01;31:*.tbz2=01;31:*.tz=01;31:*.deb=01;31:*.rpm=01;31:*.jar=01;31:*.war=01;31:*.ear=01;31:*.sar=01;31:*.rar=01;31:*.alz=01;31:*.ace=01;31:*.zoo=01;31:*.cpio=01;31:*.7z=01;31:*.rz=01;31:*.cab=01;31:*.jpg=01;35:*.jpeg=01;35:*.gif=01;35:*.bmp=01;35:*.pbm=01;35:*.pgm=01;35:*.ppm=01;35:*.tga=01;35:*.xbm=01;35:*.xpm=01;35:*.tif=01;35:*.tiff=01;35:*.png=01;35:*.svg=01;35:*.svgz=01;35:*.mng=01;35:*.pcx=01;35:*.mov=01;35:*.mpg=01;35:*.mpeg=01;35:*.m2v=01;35:*.mkv=01;35:*.webm=01;35:*.ogm=01;35:*.mp4=01;35:*.m4v=01;35:*.mp4v=01;35:*.vob=01;35:*.qt=01;35:*.nuv=01;35:*.wmv=01;35:*.asf=01;35:*.rm=01;35:*.rmvb=01;35:*.flc=01;35:*.avi=01;35:*.fli=01;35:*.flv=01;35:*.gl=01;35:*.dl=01;35:*.xcf=01;35:*.xwd=01;35:*.yuv=01;35:*.cgm=01;35:*.emf=01;35:*.ogv=01;35:*.ogx=01;35:*.aac=00;36:*.au=00;36:*.flac=00;36:*.m4a=00;36:*.mid=00;36:*.midi=00;36:*.mka=00;36:*.mp3=00;36:*.mpc=00;36:*.ogg=00;36:*.ra=00;36:*.wav=00;36:*.oga=00;36:*.opus=00;36:*.spx=00;36:*.xspf=00;36:, XDG_SESSION_DESKTOP=ubuntu, SDKMAN_CURRENT_API=https://api.sdkman.io/2, SHLVL=1, LESSCLOSE=/usr/bin/lesspipe %s %s, COMPIZ_CONFIG_PROFILE=ubuntu, QT_IM_MODULE=ibus, UPSTART_JOB=unity7, JAVA_HOME=/usr/lib/jvm/java-8-oracle, TERM=xterm-256color, XDG_CONFIG_DIRS=/etc/xdg/xdg-ubuntu:/usr/share/upstart/xdg:/etc/xdg, LANG=en_US.UTF-8, GNOME_KEYRING_CONTROL=, XDG_SEAT_PATH=/org/freedesktop/DisplayManager/Seat0, XDG_SESSION_ID=c2, XDG_SESSION_TYPE=x11, DISPLAY=:0, UNITY_DEFAULT_PROFILE=unity, MAVEN_CMD_LINE_ARGS= clean install, SDKMAN_CANDIDATES_DIR=/home/java/.sdkman/candidates, _=/usr/bin/mvn, SDKMAN_LEGACY_API=https://api.sdkman.io/1, GDM_LANG=en_US, XDG_GREETER_DATA_DIR=/var/lib/lightdm-data/java, UPSTART_EVENTS=xsession started, GPG_AGENT_INFO=/home/java/.gnupg/S.gpg-agent:0:1, MAVEN_PROJECTBASEDIR=/home/java/Downloads/pro-spring-boot-master/ch14/library/rest, DESKTOP_SESSION=ubuntu, SESSION=ubuntu, SDKMAN_PLATFORM=Linux64, USER=java, XDG_MENU_PREFIX=gnome-, GIO_LAUNCHED_DESKTOP_FILE_PID=3099, QT_ACCESSIBILITY=1, SSH_AUTH_SOCK=/run/user/1000/keyring/ssh, XDG_SEAT=seat0, QT_QPA_PLATFORMTHEME=appmenu-qt5, XDG_VTNR=7, XDG_RUNTIME_DIR=/run/user/1000, HOME=/home/java, GNOME_KEYRING_PID=}}]
17:29:41.880 [main] DEBUG org.springframework.core.io.support.PathMatchingResourcePatternResolver - Resolved classpath location [md/esempla/library/rest/controller/] to resources [URL [file:/home/java/Downloads/pro-spring-boot-master/ch14/library/rest/target/test-classes/md/esempla/library/rest/controller/], URL [file:/home/java/Downloads/pro-spring-boot-master/ch14/library/rest/target/classes/md/esempla/library/rest/controller/]]
17:29:41.882 [main] DEBUG org.springframework.core.io.support.PathMatchingResourcePatternResolver - Looking for matching resources in directory tree [/home/java/Downloads/pro-spring-boot-master/ch14/library/rest/target/test-classes/md/esempla/library/rest/controller]
17:29:41.882 [main] DEBUG org.springframework.core.io.support.PathMatchingResourcePatternResolver - Searching directory [/home/java/Downloads/pro-spring-boot-master/ch14/library/rest/target/test-classes/md/esempla/library/rest/controller] for files matching pattern [/home/java/Downloads/pro-spring-boot-master/ch14/library/rest/target/test-classes/md/esempla/library/rest/controller/*.class]
17:29:41.912 [main] DEBUG org.springframework.core.io.support.PathMatchingResourcePatternResolver - Looking for matching resources in directory tree [/home/java/Downloads/pro-spring-boot-master/ch14/library/rest/target/classes/md/esempla/library/rest/controller]
17:29:41.912 [main] DEBUG org.springframework.core.io.support.PathMatchingResourcePatternResolver - Searching directory [/home/java/Downloads/pro-spring-boot-master/ch14/library/rest/target/classes/md/esempla/library/rest/controller] for files matching pattern [/home/java/Downloads/pro-spring-boot-master/ch14/library/rest/target/classes/md/esempla/library/rest/controller/*.class]
17:29:41.915 [main] DEBUG org.springframework.core.io.support.PathMatchingResourcePatternResolver - Resolved location pattern [classpath*:md/esempla/library/rest/controller/*.class] to resources [file [/home/java/Downloads/pro-spring-boot-master/ch14/library/rest/target/test-classes/md/esempla/library/rest/controller/AuhorsRestControllerTest.class], file [/home/java/Downloads/pro-spring-boot-master/ch14/library/rest/target/classes/md/esempla/library/rest/controller/AuhorsRestController.class], file [/home/java/Downloads/pro-spring-boot-master/ch14/library/rest/target/classes/md/esempla/library/rest/controller/BooksBorrowedRestController.class], file [/home/java/Downloads/pro-spring-boot-master/ch14/library/rest/target/classes/md/esempla/library/rest/controller/BooksEditedRestController.class], file [/home/java/Downloads/pro-spring-boot-master/ch14/library/rest/target/classes/md/esempla/library/rest/controller/BooksRestController.class], file [/home/java/Downloads/pro-spring-boot-master/ch14/library/rest/target/classes/md/esempla/library/rest/controller/ClientsRepositoryRestController.class], file [/home/java/Downloads/pro-spring-boot-master/ch14/library/rest/target/classes/md/esempla/library/rest/controller/PublishersRestController.class]]
17:29:41.993 [main] DEBUG org.springframework.core.io.support.PathMatchingResourcePatternResolver - Resolved classpath location [md/esempla/library/rest/] to resources [URL [file:/home/java/Downloads/pro-spring-boot-master/ch14/library/rest/target/test-classes/md/esempla/library/rest/], URL [file:/home/java/Downloads/pro-spring-boot-master/ch14/library/rest/target/classes/md/esempla/library/rest/]]
17:29:41.993 [main] DEBUG org.springframework.core.io.support.PathMatchingResourcePatternResolver - Looking for matching resources in directory tree [/home/java/Downloads/pro-spring-boot-master/ch14/library/rest/target/test-classes/md/esempla/library/rest]
17:29:41.993 [main] DEBUG org.springframework.core.io.support.PathMatchingResourcePatternResolver - Searching directory [/home/java/Downloads/pro-spring-boot-master/ch14/library/rest/target/test-classes/md/esempla/library/rest] for files matching pattern [/home/java/Downloads/pro-spring-boot-master/ch14/library/rest/target/test-classes/md/esempla/library/rest/*.class]
17:29:41.994 [main] DEBUG org.springframework.core.io.support.PathMatchingResourcePatternResolver - Looking for matching resources in directory tree [/home/java/Downloads/pro-spring-boot-master/ch14/library/rest/target/classes/md/esempla/library/rest]
17:29:41.994 [main] DEBUG org.springframework.core.io.support.PathMatchingResourcePatternResolver - Searching directory [/home/java/Downloads/pro-spring-boot-master/ch14/library/rest/target/classes/md/esempla/library/rest] for files matching pattern [/home/java/Downloads/pro-spring-boot-master/ch14/library/rest/target/classes/md/esempla/library/rest/*.class]
17:29:41.995 [main] DEBUG org.springframework.core.io.support.PathMatchingResourcePatternResolver - Resolved location pattern [classpath*:md/esempla/library/rest/*.class] to resources [file [/home/java/Downloads/pro-spring-boot-master/ch14/library/rest/target/classes/md/esempla/library/rest/RestApp.class]]
17:29:42.035 [main] DEBUG org.springframework.context.annotation.ClassPathScanningCandidateComponentProvider - Identified candidate component class: file [/home/java/Downloads/pro-spring-boot-master/ch14/library/rest/target/classes/md/esempla/library/rest/RestApp.class]
17:29:42.037 [main] INFO org.springframework.boot.test.context.SpringBootTestContextBootstrapper - Found @SpringBootConfiguration md.esempla.library.rest.RestApp for test class md.esempla.library.rest.controller.AuhorsRestControllerTest
17:29:42.043 [main] DEBUG org.springframework.boot.test.context.SpringBootTestContextBootstrapper - @TestExecutionListeners is not present for class [md.esempla.library.rest.controller.AuhorsRestControllerTest]: using defaults.
17:29:42.052 [main] INFO org.springframework.boot.test.context.SpringBootTestContextBootstrapper - Loaded default TestExecutionListener class names from location [META-INF/spring.factories]: [org.springframework.boot.test.mock.mockito.MockitoTestExecutionListener, org.springframework.boot.test.mock.mockito.ResetMocksTestExecutionListener, org.springframework.boot.test.autoconfigure.restdocs.RestDocsTestExecutionListener, org.springframework.boot.test.autoconfigure.web.client.MockRestServiceServerResetTestExecutionListener, org.springframework.boot.test.autoconfigure.web.servlet.MockMvcPrintOnlyOnFailureTestExecutionListener, org.springframework.boot.test.autoconfigure.web.servlet.WebDriverTestExecutionListener, org.springframework.test.context.web.ServletTestExecutionListener, org.springframework.test.context.support.DirtiesContextBeforeModesTestExecutionListener, org.springframework.test.context.support.DependencyInjectionTestExecutionListener, org.springframework.test.context.support.DirtiesContextTestExecutionListener, org.springframework.test.context.transaction.TransactionalTestExecutionListener, org.springframework.test.context.jdbc.SqlScriptsTestExecutionListener]
17:29:42.085 [main] INFO org.springframework.boot.test.context.SpringBootTestContextBootstrapper - Using TestExecutionListeners: [org.springframework.test.context.web.ServletTestExecutionListener@ca263c2, org.springframework.test.context.support.DirtiesContextBeforeModesTestExecutionListener@589b3632, org.springframework.boot.test.autoconfigure.SpringBootDependencyInjectionTestExecutionListener@45f45fa1, org.springframework.test.context.support.DirtiesContextTestExecutionListener@4c6e276e, org.springframework.test.context.transaction.TransactionalTestExecutionListener@534df152, org.springframework.test.context.jdbc.SqlScriptsTestExecutionListener@52e677af, org.springframework.boot.test.mock.mockito.MockitoTestExecutionListener@35083305, org.springframework.boot.test.mock.mockito.ResetMocksTestExecutionListener@8e0379d, org.springframework.boot.test.autoconfigure.restdocs.RestDocsTestExecutionListener@341b80b2, org.springframework.boot.test.autoconfigure.web.client.MockRestServiceServerResetTestExecutionListener@55a1c291, org.springframework.boot.test.autoconfigure.web.servlet.MockMvcPrintOnlyOnFailureTestExecutionListener@2145433b, org.springframework.boot.test.autoconfigure.web.servlet.WebDriverTestExecutionListener@2890c451]
17:29:42.089 [main] DEBUG org.springframework.test.annotation.ProfileValueUtils - Retrieved @ProfileValueSourceConfiguration [null] for test class [md.esempla.library.rest.controller.AuhorsRestControllerTest]
17:29:42.091 [main] DEBUG org.springframework.test.annotation.ProfileValueUtils - Retrieved ProfileValueSource type [class org.springframework.test.annotation.SystemProfileValueSource] for class [md.esempla.library.rest.controller.AuhorsRestControllerTest]
17:29:42.094 [main] DEBUG org.springframework.test.context.junit4.SpringJUnit4ClassRunner - SpringJUnit4ClassRunner constructor called with [class md.esempla.library.rest.controller.AuhorsRestControllerTest]
17:29:42.095 [main] DEBUG org.springframework.test.context.BootstrapUtils - Instantiating CacheAwareContextLoaderDelegate from class [org.springframework.test.context.cache.DefaultCacheAwareContextLoaderDelegate]
17:29:42.095 [main] DEBUG org.springframework.test.context.BootstrapUtils - Instantiating BootstrapContext using constructor [public org.springframework.test.context.support.DefaultBootstrapContext(java.lang.Class,org.springframework.test.context.CacheAwareContextLoaderDelegate)]
17:29:42.096 [main] DEBUG org.springframework.test.context.BootstrapUtils - Instantiating TestContextBootstrapper for test class [md.esempla.library.rest.controller.AuhorsRestControllerTest] from class [org.springframework.boot.test.context.SpringBootTestContextBootstrapper]
17:29:42.097 [main] INFO org.springframework.boot.test.context.SpringBootTestContextBootstrapper - Neither @ContextConfiguration nor @ContextHierarchy found for test class [md.esempla.library.rest.controller.AuhorsRestControllerTest], using SpringBootContextLoader
17:29:42.098 [main] DEBUG org.springframework.test.context.support.AbstractContextLoader - Did not detect default resource location for test class [md.esempla.library.rest.controller.AuhorsRestControllerTest]: class path resource [md/esempla/library/rest/controller/AuhorsRestControllerTest-context.xml] does not exist
17:29:42.098 [main] DEBUG org.springframework.test.context.support.AbstractContextLoader - Did not detect default resource location for test class [md.esempla.library.rest.controller.AuhorsRestControllerTest]: class path resource [md/esempla/library/rest/controller/AuhorsRestControllerTestContext.groovy] does not exist
17:29:42.098 [main] INFO org.springframework.test.context.support.AbstractContextLoader - Could not detect default resource locations for test class [md.esempla.library.rest.controller.AuhorsRestControllerTest]: no resource found for suffixes {-context.xml, Context.groovy}.
17:29:42.099 [main] INFO org.springframework.test.context.support.AnnotationConfigContextLoaderUtils - Could not detect default configuration classes for test class [md.esempla.library.rest.controller.AuhorsRestControllerTest]: AuhorsRestControllerTest does not declare any static, non-private, non-final, nested classes annotated with @Configuration.
17:29:42.106 [main] DEBUG org.springframework.test.context.support.ActiveProfilesUtils - Could not find an 'annotation declaring class' for annotation type [org.springframework.test.context.ActiveProfiles] and class [md.esempla.library.rest.controller.AuhorsRestControllerTest]
17:29:42.111 [main] DEBUG org.springframework.core.env.StandardEnvironment - Adding PropertySource 'systemProperties' with lowest search precedence
17:29:42.111 [main] DEBUG org.springframework.core.env.StandardEnvironment - Adding PropertySource 'systemEnvironment' with lowest search precedence
17:29:42.114 [main] DEBUG org.springframework.core.env.StandardEnvironment - Initialized StandardEnvironment with PropertySources [MapPropertySource@1213349904 {name='systemProperties', properties={java.runtime.name=Java(TM) SE Runtime Environment, sun.boot.library.path=/usr/lib/jvm/java-8-oracle/jre/lib/amd64, java.vm.version=25.161-b12, java.vm.vendor=Oracle Corporation, java.vendor.url=http://java.oracle.com/, path.separator=:, java.vm.name=Java HotSpot(TM) 64-Bit Server VM, file.encoding.pkg=sun.io, user.country=US, sun.java.launcher=SUN_STANDARD, sun.os.patch.level=unknown, java.vm.specification.name=Java Virtual Machine Specification, user.dir=/home/java/Downloads/pro-spring-boot-master/ch14/library/rest, java.runtime.version=1.8.0_161-b12, basedir=/home/java/Downloads/pro-spring-boot-master/ch14/library/rest, java.awt.graphicsenv=sun.awt.X11GraphicsEnvironment, java.endorsed.dirs=/usr/lib/jvm/java-8-oracle/jre/lib/endorsed, os.arch=amd64, surefire.real.class.path=/home/java/Downloads/pro-spring-boot-master/ch14/library/rest/target/surefire/surefirebooter7600953578704775144.jar, java.io.tmpdir=/tmp, line.separator=
, java.vm.specification.vendor=Oracle Corporation, os.name=Linux, sun.jnu.encoding=UTF-8, java.library.path=/usr/java/packages/lib/amd64:/usr/lib64:/lib64:/lib:/usr/lib, surefire.test.class.path=/home/java/Downloads/pro-spring-boot-master/ch14/library/rest/target/test-classes:/home/java/Downloads/pro-spring-boot-master/ch14/library/rest/target/classes:/home/java/.m2/repository/org/springframework/boot/spring-boot-starter-web/1.5.10.RELEASE/spring-boot-starter-web-1.5.10.RELEASE.jar:/home/java/.m2/repository/org/springframework/boot/spring-boot-starter/1.5.10.RELEASE/spring-boot-starter-1.5.10.RELEASE.jar:/home/java/.m2/repository/org/springframework/boot/spring-boot/1.5.10.RELEASE/spring-boot-1.5.10.RELEASE.jar:/home/java/.m2/repository/org/springframework/boot/spring-boot-autoconfigure/1.5.10.RELEASE/spring-boot-autoconfigure-1.5.10.RELEASE.jar:/home/java/.m2/repository/org/springframework/boot/spring-boot-starter-logging/1.5.10.RELEASE/spring-boot-starter-logging-1.5.10.RELEASE.jar:/home/java/.m2/repository/ch/qos/logback/logback-classic/1.1.11/logback-classic-1.1.11.jar:/home/java/.m2/repository/ch/qos/logback/logback-core/1.1.11/logback-core-1.1.11.jar:/home/java/.m2/repository/org/slf4j/jcl-over-slf4j/1.7.25/jcl-over-slf4j-1.7.25.jar:/home/java/.m2/repository/org/slf4j/jul-to-slf4j/1.7.25/jul-to-slf4j-1.7.25.jar:/home/java/.m2/repository/org/slf4j/log4j-over-slf4j/1.7.25/log4j-over-slf4j-1.7.25.jar:/home/java/.m2/repository/org/yaml/snakeyaml/1.17/snakeyaml-1.17.jar:/home/java/.m2/repository/org/springframework/boot/spring-boot-starter-tomcat/1.5.10.RELEASE/spring-boot-starter-tomcat-1.5.10.RELEASE.jar:/home/java/.m2/repository/org/apache/tomcat/embed/tomcat-embed-core/8.5.27/tomcat-embed-core-8.5.27.jar:/home/java/.m2/repository/org/apache/tomcat/tomcat-annotations-api/8.5.27/tomcat-annotations-api-8.5.27.jar:/home/java/.m2/repository/org/apache/tomcat/embed/tomcat-embed-el/8.5.27/tomcat-embed-el-8.5.27.jar:/home/java/.m2/repository/org/apache/tomcat/embed/tomcat-embed-websocket/8.5.27/tomcat-embed-websocket-8.5.27.jar:/home/java/.m2/repository/org/hibernate/hibernate-validator/5.3.6.Final/hibernate-validator-5.3.6.Final.jar:/home/java/.m2/repository/javax/validation/validation-api/1.1.0.Final/validation-api-1.1.0.Final.jar:/home/java/.m2/repository/org/jboss/logging/jboss-logging/3.3.1.Final/jboss-logging-3.3.1.Final.jar:/home/java/.m2/repository/com/fasterxml/classmate/1.3.4/classmate-1.3.4.jar:/home/java/.m2/repository/com/fasterxml/jackson/core/jackson-databind/2.8.10/jackson-databind-2.8.10.jar:/home/java/.m2/repository/com/fasterxml/jackson/core/jackson-annotations/2.8.0/jackson-annotations-2.8.0.jar:/home/java/.m2/repository/com/fasterxml/jackson/core/jackson-core/2.8.10/jackson-core-2.8.10.jar:/home/java/.m2/repository/org/springframework/spring-web/4.3.14.RELEASE/spring-web-4.3.14.RELEASE.jar:/home/java/.m2/repository/org/springframework/spring-aop/4.3.14.RELEASE/spring-aop-4.3.14.RELEASE.jar:/home/java/.m2/repository/org/springframework/spring-beans/4.3.14.RELEASE/spring-beans-4.3.14.RELEASE.jar:/home/java/.m2/repository/org/springframework/spring-context/4.3.14.RELEASE/spring-context-4.3.14.RELEASE.jar:/home/java/.m2/repository/org/springframework/spring-webmvc/4.3.14.RELEASE/spring-webmvc-4.3.14.RELEASE.jar:/home/java/.m2/repository/org/springframework/spring-expression/4.3.14.RELEASE/spring-expression-4.3.14.RELEASE.jar:/home/java/.m2/repository/md/esempla/data/0.0.1-SNAPSHOT/data-0.0.1-SNAPSHOT.jar:/home/java/.m2/repository/org/postgresql/postgresql/9.4.1212.jre7/postgresql-9.4.1212.jre7.jar:/home/java/.m2/repository/org/springframework/boot/spring-boot-starter-data-jpa/1.5.10.RELEASE/spring-boot-starter-data-jpa-1.5.10.RELEASE.jar:/home/java/.m2/repository/org/springframework/boot/spring-boot-starter-aop/1.5.10.RELEASE/spring-boot-starter-aop-1.5.10.RELEASE.jar:/home/java/.m2/repository/org/aspectj/aspectjweaver/1.8.13/aspectjweaver-1.8.13.jar:/home/java/.m2/repository/org/springframework/boot/spring-boot-starter-jdbc/1.5.10.RELEASE/spring-boot-starter-jdbc-1.5.10.RELEASE.jar:/home/java/.m2/repository/org/apache/tomcat/tomcat-jdbc/8.5.27/tomcat-jdbc-8.5.27.jar:/home/java/.m2/repository/org/apache/tomcat/tomcat-juli/8.5.27/tomcat-juli-8.5.27.jar:/home/java/.m2/repository/org/springframework/spring-jdbc/4.3.14.RELEASE/spring-jdbc-4.3.14.RELEASE.jar:/home/java/.m2/repository/org/hibernate/hibernate-core/5.0.12.Final/hibernate-core-5.0.12.Final.jar:/home/java/.m2/repository/org/hibernate/javax/persistence/hibernate-jpa-2.1-api/1.0.0.Final/hibernate-jpa-2.1-api-1.0.0.Final.jar:/home/java/.m2/repository/org/javassist/javassist/3.21.0-GA/javassist-3.21.0-GA.jar:/home/java/.m2/repository/antlr/antlr/2.7.7/antlr-2.7.7.jar:/home/java/.m2/repository/org/jboss/jandex/2.0.0.Final/jandex-2.0.0.Final.jar:/home/java/.m2/repository/dom4j/dom4j/1.6.1/dom4j-1.6.1.jar:/home/java/.m2/repository/org/hibernate/common/hibernate-commons-annotations/5.0.1.Final/hibernate-commons-annotations-5.0.1.Final.jar:/home/java/.m2/repository/org/hibernate/hibernate-entitymanager/5.0.12.Final/hibernate-entitymanager-5.0.12.Final.jar:/home/java/.m2/repository/javax/transaction/javax.transaction-api/1.2/javax.transaction-api-1.2.jar:/home/java/.m2/repository/org/springframework/data/spring-data-jpa/1.11.10.RELEASE/spring-data-jpa-1.11.10.RELEASE.jar:/home/java/.m2/repository/org/springframework/data/spring-data-commons/1.13.10.RELEASE/spring-data-commons-1.13.10.RELEASE.jar:/home/java/.m2/repository/org/springframework/spring-orm/4.3.14.RELEASE/spring-orm-4.3.14.RELEASE.jar:/home/java/.m2/repository/org/springframework/spring-tx/4.3.14.RELEASE/spring-tx-4.3.14.RELEASE.jar:/home/java/.m2/repository/org/springframework/spring-aspects/4.3.14.RELEASE/spring-aspects-4.3.14.RELEASE.jar:/home/java/.m2/repository/org/apache/httpcomponents/httpclient/4.3.1/httpclient-4.3.1.jar:/home/java/.m2/repository/org/apache/httpcomponents/httpcore/4.4.9/httpcore-4.4.9.jar:/home/java/.m2/repository/commons-codec/commons-codec/1.10/commons-codec-1.10.jar:/home/java/.m2/repository/com/h2database/h2/1.4.196/h2-1.4.196.jar:/home/java/.m2/repository/org/projectlombok/lombok/1.16.20/lombok-1.16.20.jar:/home/java/.m2/repository/org/springframework/boot/spring-boot-starter-test/1.5.10.RELEASE/spring-boot-starter-test-1.5.10.RELEASE.jar:/home/java/.m2/repository/org/springframework/boot/spring-boot-test/1.5.10.RELEASE/spring-boot-test-1.5.10.RELEASE.jar:/home/java/.m2/repository/org/springframework/boot/spring-boot-test-autoconfigure/1.5.10.RELEASE/spring-boot-test-autoconfigure-1.5.10.RELEASE.jar:/home/java/.m2/repository/com/jayway/jsonpath/json-path/2.2.0/json-path-2.2.0.jar:/home/java/.m2/repository/net/minidev/json-smart/2.2.1/json-smart-2.2.1.jar:/home/java/.m2/repository/net/minidev/accessors-smart/1.1/accessors-smart-1.1.jar:/home/java/.m2/repository/org/ow2/asm/asm/5.0.3/asm-5.0.3.jar:/home/java/.m2/repository/org/slf4j/slf4j-api/1.7.25/slf4j-api-1.7.25.jar:/home/java/.m2/repository/junit/junit/4.12/junit-4.12.jar:/home/java/.m2/repository/org/mockito/mockito-core/1.10.19/mockito-core-1.10.19.jar:/home/java/.m2/repository/org/objenesis/objenesis/2.1/objenesis-2.1.jar:/home/java/.m2/repository/org/hamcrest/hamcrest-core/1.3/hamcrest-core-1.3.jar:/home/java/.m2/repository/org/hamcrest/hamcrest-library/1.3/hamcrest-library-1.3.jar:/home/java/.m2/repository/org/skyscreamer/jsonassert/1.4.0/jsonassert-1.4.0.jar:/home/java/.m2/repository/com/vaadin/external/google/android-json/0.0.20131108.vaadin1/android-json-0.0.20131108.vaadin1.jar:/home/java/.m2/repository/org/springframework/spring-core/4.3.14.RELEASE/spring-core-4.3.14.RELEASE.jar:/home/java/.m2/repository/org/springframework/spring-test/4.3.14.RELEASE/spring-test-4.3.14.RELEASE.jar:/home/java/.m2/repository/org/assertj/assertj-core/3.8.0/assertj-core-3.8.0.jar:, java.specification.name=Java Platform API Specification, java.class.version=52.0, sun.management.compiler=HotSpot 64-Bit Tiered Compilers, os.version=4.13.0-38-generic, user.home=/home/java, user.timezone=Europe/Chisinau, java.awt.printerjob=sun.print.PSPrinterJob, file.encoding=UTF-8, java.specification.version=1.8, java.class.path=/home/java/Downloads/pro-spring-boot-master/ch14/library/rest/target/test-classes:/home/java/Downloads/pro-spring-boot-master/ch14/library/rest/target/classes:/home/java/.m2/repository/org/springframework/boot/spring-boot-starter-web/1.5.10.RELEASE/spring-boot-starter-web-1.5.10.RELEASE.jar:/home/java/.m2/repository/org/springframework/boot/spring-boot-starter/1.5.10.RELEASE/spring-boot-starter-1.5.10.RELEASE.jar:/home/java/.m2/repository/org/springframework/boot/spring-boot/1.5.10.RELEASE/spring-boot-1.5.10.RELEASE.jar:/home/java/.m2/repository/org/springframework/boot/spring-boot-autoconfigure/1.5.10.RELEASE/spring-boot-autoconfigure-1.5.10.RELEASE.jar:/home/java/.m2/repository/org/springframework/boot/spring-boot-starter-logging/1.5.10.RELEASE/spring-boot-starter-logging-1.5.10.RELEASE.jar:/home/java/.m2/repository/ch/qos/logback/logback-classic/1.1.11/logback-classic-1.1.11.jar:/home/java/.m2/repository/ch/qos/logback/logback-core/1.1.11/logback-core-1.1.11.jar:/home/java/.m2/repository/org/slf4j/jcl-over-slf4j/1.7.25/jcl-over-slf4j-1.7.25.jar:/home/java/.m2/repository/org/slf4j/jul-to-slf4j/1.7.25/jul-to-slf4j-1.7.25.jar:/home/java/.m2/repository/org/slf4j/log4j-over-slf4j/1.7.25/log4j-over-slf4j-1.7.25.jar:/home/java/.m2/repository/org/yaml/snakeyaml/1.17/snakeyaml-1.17.jar:/home/java/.m2/repository/org/springframework/boot/spring-boot-starter-tomcat/1.5.10.RELEASE/spring-boot-starter-tomcat-1.5.10.RELEASE.jar:/home/java/.m2/repository/org/apache/tomcat/embed/tomcat-embed-core/8.5.27/tomcat-embed-core-8.5.27.jar:/home/java/.m2/repository/org/apache/tomcat/tomcat-annotations-api/8.5.27/tomcat-annotations-api-8.5.27.jar:/home/java/.m2/repository/org/apache/tomcat/embed/tomcat-embed-el/8.5.27/tomcat-embed-el-8.5.27.jar:/home/java/.m2/repository/org/apache/tomcat/embed/tomcat-embed-websocket/8.5.27/tomcat-embed-websocket-8.5.27.jar:/home/java/.m2/repository/org/hibernate/hibernate-validator/5.3.6.Final/hibernate-validator-5.3.6.Final.jar:/home/java/.m2/repository/javax/validation/validation-api/1.1.0.Final/validation-api-1.1.0.Final.jar:/home/java/.m2/repository/org/jboss/logging/jboss-logging/3.3.1.Final/jboss-logging-3.3.1.Final.jar:/home/java/.m2/repository/com/fasterxml/classmate/1.3.4/classmate-1.3.4.jar:/home/java/.m2/repository/com/fasterxml/jackson/core/jackson-databind/2.8.10/jackson-databind-2.8.10.jar:/home/java/.m2/repository/com/fasterxml/jackson/core/jackson-annotations/2.8.0/jackson-annotations-2.8.0.jar:/home/java/.m2/repository/com/fasterxml/jackson/core/jackson-core/2.8.10/jackson-core-2.8.10.jar:/home/java/.m2/repository/org/springframework/spring-web/4.3.14.RELEASE/spring-web-4.3.14.RELEASE.jar:/home/java/.m2/repository/org/springframework/spring-aop/4.3.14.RELEASE/spring-aop-4.3.14.RELEASE.jar:/home/java/.m2/repository/org/springframework/spring-beans/4.3.14.RELEASE/spring-beans-4.3.14.RELEASE.jar:/home/java/.m2/repository/org/springframework/spring-context/4.3.14.RELEASE/spring-context-4.3.14.RELEASE.jar:/home/java/.m2/repository/org/springframework/spring-webmvc/4.3.14.RELEASE/spring-webmvc-4.3.14.RELEASE.jar:/home/java/.m2/repository/org/springframework/spring-expression/4.3.14.RELEASE/spring-expression-4.3.14.RELEASE.jar:/home/java/.m2/repository/md/esempla/data/0.0.1-SNAPSHOT/data-0.0.1-SNAPSHOT.jar:/home/java/.m2/repository/org/postgresql/postgresql/9.4.1212.jre7/postgresql-9.4.1212.jre7.jar:/home/java/.m2/repository/org/springframework/boot/spring-boot-starter-data-jpa/1.5.10.RELEASE/spring-boot-starter-data-jpa-1.5.10.RELEASE.jar:/home/java/.m2/repository/org/springframework/boot/spring-boot-starter-aop/1.5.10.RELEASE/spring-boot-starter-aop-1.5.10.RELEASE.jar:/home/java/.m2/repository/org/aspectj/aspectjweaver/1.8.13/aspectjweaver-1.8.13.jar:/home/java/.m2/repository/org/springframework/boot/spring-boot-starter-jdbc/1.5.10.RELEASE/spring-boot-starter-jdbc-1.5.10.RELEASE.jar:/home/java/.m2/repository/org/apache/tomcat/tomcat-jdbc/8.5.27/tomcat-jdbc-8.5.27.jar:/home/java/.m2/repository/org/apache/tomcat/tomcat-juli/8.5.27/tomcat-juli-8.5.27.jar:/home/java/.m2/repository/org/springframework/spring-jdbc/4.3.14.RELEASE/spring-jdbc-4.3.14.RELEASE.jar:/home/java/.m2/repository/org/hibernate/hibernate-core/5.0.12.Final/hibernate-core-5.0.12.Final.jar:/home/java/.m2/repository/org/hibernate/javax/persistence/hibernate-jpa-2.1-api/1.0.0.Final/hibernate-jpa-2.1-api-1.0.0.Final.jar:/home/java/.m2/repository/org/javassist/javassist/3.21.0-GA/javassist-3.21.0-GA.jar:/home/java/.m2/repository/antlr/antlr/2.7.7/antlr-2.7.7.jar:/home/java/.m2/repository/org/jboss/jandex/2.0.0.Final/jandex-2.0.0.Final.jar:/home/java/.m2/repository/dom4j/dom4j/1.6.1/dom4j-1.6.1.jar:/home/java/.m2/repository/org/hibernate/common/hibernate-commons-annotations/5.0.1.Final/hibernate-commons-annotations-5.0.1.Final.jar:/home/java/.m2/repository/org/hibernate/hibernate-entitymanager/5.0.12.Final/hibernate-entitymanager-5.0.12.Final.jar:/home/java/.m2/repository/javax/transaction/javax.transaction-api/1.2/javax.transaction-api-1.2.jar:/home/java/.m2/repository/org/springframework/data/spring-data-jpa/1.11.10.RELEASE/spring-data-jpa-1.11.10.RELEASE.jar:/home/java/.m2/repository/org/springframework/data/spring-data-commons/1.13.10.RELEASE/spring-data-commons-1.13.10.RELEASE.jar:/home/java/.m2/repository/org/springframework/spring-orm/4.3.14.RELEASE/spring-orm-4.3.14.RELEASE.jar:/home/java/.m2/repository/org/springframework/spring-tx/4.3.14.RELEASE/spring-tx-4.3.14.RELEASE.jar:/home/java/.m2/repository/org/springframework/spring-aspects/4.3.14.RELEASE/spring-aspects-4.3.14.RELEASE.jar:/home/java/.m2/repository/org/apache/httpcomponents/httpclient/4.3.1/httpclient-4.3.1.jar:/home/java/.m2/repository/org/apache/httpcomponents/httpcore/4.4.9/httpcore-4.4.9.jar:/home/java/.m2/repository/commons-codec/commons-codec/1.10/commons-codec-1.10.jar:/home/java/.m2/repository/com/h2database/h2/1.4.196/h2-1.4.196.jar:/home/java/.m2/repository/org/projectlombok/lombok/1.16.20/lombok-1.16.20.jar:/home/java/.m2/repository/org/springframework/boot/spring-boot-starter-test/1.5.10.RELEASE/spring-boot-starter-test-1.5.10.RELEASE.jar:/home/java/.m2/repository/org/springframework/boot/spring-boot-test/1.5.10.RELEASE/spring-boot-test-1.5.10.RELEASE.jar:/home/java/.m2/repository/org/springframework/boot/spring-boot-test-autoconfigure/1.5.10.RELEASE/spring-boot-test-autoconfigure-1.5.10.RELEASE.jar:/home/java/.m2/repository/com/jayway/jsonpath/json-path/2.2.0/json-path-2.2.0.jar:/home/java/.m2/repository/net/minidev/json-smart/2.2.1/json-smart-2.2.1.jar:/home/java/.m2/repository/net/minidev/accessors-smart/1.1/accessors-smart-1.1.jar:/home/java/.m2/repository/org/ow2/asm/asm/5.0.3/asm-5.0.3.jar:/home/java/.m2/repository/org/slf4j/slf4j-api/1.7.25/slf4j-api-1.7.25.jar:/home/java/.m2/repository/junit/junit/4.12/junit-4.12.jar:/home/java/.m2/repository/org/mockito/mockito-core/1.10.19/mockito-core-1.10.19.jar:/home/java/.m2/repository/org/objenesis/objenesis/2.1/objenesis-2.1.jar:/home/java/.m2/repository/org/hamcrest/hamcrest-core/1.3/hamcrest-core-1.3.jar:/home/java/.m2/repository/org/hamcrest/hamcrest-library/1.3/hamcrest-library-1.3.jar:/home/java/.m2/repository/org/skyscreamer/jsonassert/1.4.0/jsonassert-1.4.0.jar:/home/java/.m2/repository/com/vaadin/external/google/android-json/0.0.20131108.vaadin1/android-json-0.0.20131108.vaadin1.jar:/home/java/.m2/repository/org/springframework/spring-core/4.3.14.RELEASE/spring-core-4.3.14.RELEASE.jar:/home/java/.m2/repository/org/springframework/spring-test/4.3.14.RELEASE/spring-test-4.3.14.RELEASE.jar:/home/java/.m2/repository/org/assertj/assertj-core/3.8.0/assertj-core-3.8.0.jar:, user.name=java, java.vm.specification.version=1.8, sun.java.command=/home/java/Downloads/pro-spring-boot-master/ch14/library/rest/target/surefire/surefirebooter7600953578704775144.jar /home/java/Downloads/pro-spring-boot-master/ch14/library/rest/target/surefire/surefire7695058719837014405tmp /home/java/Downloads/pro-spring-boot-master/ch14/library/rest/target/surefire/surefire_0321010524297685941tmp, java.home=/usr/lib/jvm/java-8-oracle/jre, sun.arch.data.model=64, user.language=en, java.specification.vendor=Oracle Corporation, awt.toolkit=sun.awt.X11.XToolkit, java.vm.info=mixed mode, java.version=1.8.0_161, java.ext.dirs=/usr/lib/jvm/java-8-oracle/jre/lib/ext:/usr/java/packages/lib/ext, sun.boot.class.path=/usr/lib/jvm/java-8-oracle/jre/lib/resources.jar:/usr/lib/jvm/java-8-oracle/jre/lib/rt.jar:/usr/lib/jvm/java-8-oracle/jre/lib/sunrsasign.jar:/usr/lib/jvm/java-8-oracle/jre/lib/jsse.jar:/usr/lib/jvm/java-8-oracle/jre/lib/jce.jar:/usr/lib/jvm/java-8-oracle/jre/lib/charsets.jar:/usr/lib/jvm/java-8-oracle/jre/lib/jfr.jar:/usr/lib/jvm/java-8-oracle/jre/classes, java.vendor=Oracle Corporation, localRepository=/home/java/.m2/repository, file.separator=/, java.vendor.url.bug=http://bugreport.sun.com/bugreport/, sun.io.unicode.encoding=UnicodeLittle, sun.cpu.endian=little, sun.desktop=gnome, sun.cpu.isalist=}}, SystemEnvironmentPropertySource@1259769769 {name='systemEnvironment', properties={PATH=/home/java/bin:/home/java/.local/bin:/home/java/.sdkman/candidates/springboot/current/bin:/home/java/bin:/home/java/.local/bin:/usr/local/sbin:/usr/local/bin:/usr/sbin:/usr/bin:/sbin:/bin:/usr/games:/usr/local/games:/snap/bin:/usr/lib/jvm/java-8-oracle/bin:/usr/lib/jvm/java-8-oracle/db/bin:/usr/lib/jvm/java-8-oracle/jre/bin:/usr/lib/jvm/java-8-oracle/bin:/usr/lib/jvm/java-8-oracle/db/bin:/usr/lib/jvm/java-8-oracle/jre/bin, XAUTHORITY=/home/java/.Xauthority, SDKMAN_VERSION=5.6.2+294, XMODIFIERS=@im=ibus, XDG_DATA_DIRS=/usr/share/ubuntu:/usr/share/gnome:/usr/local/share:/usr/share:/var/lib/snapd/desktop, GDMSESSION=ubuntu, MANDATORY_PATH=/usr/share/gconf/ubuntu.mandatory.path, GTK_IM_MODULE=ibus, DBUS_SESSION_BUS_ADDRESS=unix:abstract=/tmp/dbus-clX1RQPzI3, DEFAULTS_PATH=/usr/share/gconf/ubuntu.default.path, XDG_CURRENT_DESKTOP=Unity, UPSTART_SESSION=unix:abstract=/com/ubuntu/upstart-session/1000/1719, QT4_IM_MODULE=xim, SDKMAN_DIR=/home/java/.sdkman, SESSION_MANAGER=local/java-LIFEBOOK-E752:@/tmp/.ICE-unix/1937,unix/java-LIFEBOOK-E752:/tmp/.ICE-unix/1937, QT_LINUX_ACCESSIBILITY_ALWAYS_ON=1, LOGNAME=java, JOB=unity-settings-daemon, PWD=/home/java/Downloads/pro-spring-boot-master/ch14/library/rest, DERBY_HOME=/usr/lib/jvm/java-8-oracle/db, IM_CONFIG_PHASE=1, SPRINGBOOT_HOME=/home/java/.sdkman/candidates/springboot/current, LANGUAGE=en_US, SHELL=/bin/bash, LESSOPEN=| /usr/bin/lesspipe %s, UNITY_HAS_3D_SUPPORT=true, GIO_LAUNCHED_DESKTOP_FILE=/home/java/.local/share/applications/jetbrains-idea.desktop, GTK2_MODULES=overlay-scrollbar, INSTANCE=, J2SDKDIR=/usr/lib/jvm/java-8-oracle, OLDPWD=/home/java/Downloads/pro-spring-boot-master/ch14/library/rest, GNOME_DESKTOP_SESSION_ID=this-is-deprecated, UPSTART_INSTANCE=, GTK_MODULES=gail:atk-bridge:unity-gtk-module, J2REDIR=/usr/lib/jvm/java-8-oracle/jre, CLUTTER_IM_MODULE=xim, XDG_SESSION_PATH=/org/freedesktop/DisplayManager/Session0, COMPIZ_BIN_PATH=/usr/bin/, SESSIONTYPE=gnome-session, LS_COLORS=rs=0:di=01;34:ln=01;36:mh=00:pi=40;33:so=01;35:do=01;35:bd=40;33;01:cd=40;33;01:or=40;31;01:mi=00:su=37;41:sg=30;43:ca=30;41:tw=30;42:ow=34;42:st=37;44:ex=01;32:*.tar=01;31:*.tgz=01;31:*.arc=01;31:*.arj=01;31:*.taz=01;31:*.lha=01;31:*.lz4=01;31:*.lzh=01;31:*.lzma=01;31:*.tlz=01;31:*.txz=01;31:*.tzo=01;31:*.t7z=01;31:*.zip=01;31:*.z=01;31:*.Z=01;31:*.dz=01;31:*.gz=01;31:*.lrz=01;31:*.lz=01;31:*.lzo=01;31:*.xz=01;31:*.bz2=01;31:*.bz=01;31:*.tbz=01;31:*.tbz2=01;31:*.tz=01;31:*.deb=01;31:*.rpm=01;31:*.jar=01;31:*.war=01;31:*.ear=01;31:*.sar=01;31:*.rar=01;31:*.alz=01;31:*.ace=01;31:*.zoo=01;31:*.cpio=01;31:*.7z=01;31:*.rz=01;31:*.cab=01;31:*.jpg=01;35:*.jpeg=01;35:*.gif=01;35:*.bmp=01;35:*.pbm=01;35:*.pgm=01;35:*.ppm=01;35:*.tga=01;35:*.xbm=01;35:*.xpm=01;35:*.tif=01;35:*.tiff=01;35:*.png=01;35:*.svg=01;35:*.svgz=01;35:*.mng=01;35:*.pcx=01;35:*.mov=01;35:*.mpg=01;35:*.mpeg=01;35:*.m2v=01;35:*.mkv=01;35:*.webm=01;35:*.ogm=01;35:*.mp4=01;35:*.m4v=01;35:*.mp4v=01;35:*.vob=01;35:*.qt=01;35:*.nuv=01;35:*.wmv=01;35:*.asf=01;35:*.rm=01;35:*.rmvb=01;35:*.flc=01;35:*.avi=01;35:*.fli=01;35:*.flv=01;35:*.gl=01;35:*.dl=01;35:*.xcf=01;35:*.xwd=01;35:*.yuv=01;35:*.cgm=01;35:*.emf=01;35:*.ogv=01;35:*.ogx=01;35:*.aac=00;36:*.au=00;36:*.flac=00;36:*.m4a=00;36:*.mid=00;36:*.midi=00;36:*.mka=00;36:*.mp3=00;36:*.mpc=00;36:*.ogg=00;36:*.ra=00;36:*.wav=00;36:*.oga=00;36:*.opus=00;36:*.spx=00;36:*.xspf=00;36:, XDG_SESSION_DESKTOP=ubuntu, SDKMAN_CURRENT_API=https://api.sdkman.io/2, SHLVL=1, LESSCLOSE=/usr/bin/lesspipe %s %s, COMPIZ_CONFIG_PROFILE=ubuntu, QT_IM_MODULE=ibus, UPSTART_JOB=unity7, JAVA_HOME=/usr/lib/jvm/java-8-oracle, TERM=xterm-256color, XDG_CONFIG_DIRS=/etc/xdg/xdg-ubuntu:/usr/share/upstart/xdg:/etc/xdg, LANG=en_US.UTF-8, GNOME_KEYRING_CONTROL=, XDG_SEAT_PATH=/org/freedesktop/DisplayManager/Seat0, XDG_SESSION_ID=c2, XDG_SESSION_TYPE=x11, DISPLAY=:0, UNITY_DEFAULT_PROFILE=unity, MAVEN_CMD_LINE_ARGS= clean install, SDKMAN_CANDIDATES_DIR=/home/java/.sdkman/candidates, _=/usr/bin/mvn, SDKMAN_LEGACY_API=https://api.sdkman.io/1, GDM_LANG=en_US, XDG_GREETER_DATA_DIR=/var/lib/lightdm-data/java, UPSTART_EVENTS=xsession started, GPG_AGENT_INFO=/home/java/.gnupg/S.gpg-agent:0:1, MAVEN_PROJECTBASEDIR=/home/java/Downloads/pro-spring-boot-master/ch14/library/rest, DESKTOP_SESSION=ubuntu, SESSION=ubuntu, SDKMAN_PLATFORM=Linux64, USER=java, XDG_MENU_PREFIX=gnome-, GIO_LAUNCHED_DESKTOP_FILE_PID=3099, QT_ACCESSIBILITY=1, SSH_AUTH_SOCK=/run/user/1000/keyring/ssh, XDG_SEAT=seat0, QT_QPA_PLATFORMTHEME=appmenu-qt5, XDG_VTNR=7, XDG_RUNTIME_DIR=/run/user/1000, HOME=/home/java, GNOME_KEYRING_PID=}}]
17:29:42.122 [main] INFO org.springframework.boot.test.context.SpringBootTestContextBootstrapper - Found @SpringBootConfiguration md.esempla.library.rest.RestApp for test class md.esempla.library.rest.controller.AuhorsRestControllerTest
17:29:42.126 [main] DEBUG org.springframework.boot.test.context.SpringBootTestContextBootstrapper - @TestExecutionListeners is not present for class [md.esempla.library.rest.controller.AuhorsRestControllerTest]: using defaults.
17:29:42.130 [main] INFO org.springframework.boot.test.context.SpringBootTestContextBootstrapper - Loaded default TestExecutionListener class names from location [META-INF/spring.factories]: [org.springframework.boot.test.mock.mockito.MockitoTestExecutionListener, org.springframework.boot.test.mock.mockito.ResetMocksTestExecutionListener, org.springframework.boot.test.autoconfigure.restdocs.RestDocsTestExecutionListener, org.springframework.boot.test.autoconfigure.web.client.MockRestServiceServerResetTestExecutionListener, org.springframework.boot.test.autoconfigure.web.servlet.MockMvcPrintOnlyOnFailureTestExecutionListener, org.springframework.boot.test.autoconfigure.web.servlet.WebDriverTestExecutionListener, org.springframework.test.context.web.ServletTestExecutionListener, org.springframework.test.context.support.DirtiesContextBeforeModesTestExecutionListener, org.springframework.test.context.support.DependencyInjectionTestExecutionListener, org.springframework.test.context.support.DirtiesContextTestExecutionListener, org.springframework.test.context.transaction.TransactionalTestExecutionListener, org.springframework.test.context.jdbc.SqlScriptsTestExecutionListener]
17:29:42.134 [main] INFO org.springframework.boot.test.context.SpringBootTestContextBootstrapper - Using TestExecutionListeners: [org.springframework.test.context.web.ServletTestExecutionListener@78047b92, org.springframework.test.context.support.DirtiesContextBeforeModesTestExecutionListener@8909f18, org.springframework.boot.test.autoconfigure.SpringBootDependencyInjectionTestExecutionListener@79ca92b9, org.springframework.test.context.support.DirtiesContextTestExecutionListener@1460a8c0, org.springframework.test.context.transaction.TransactionalTestExecutionListener@4f638935, org.springframework.test.context.jdbc.SqlScriptsTestExecutionListener@4387b79e, org.springframework.boot.test.mock.mockito.MockitoTestExecutionListener@6e75aa0d, org.springframework.boot.test.mock.mockito.ResetMocksTestExecutionListener@7fc229ab, org.springframework.boot.test.autoconfigure.restdocs.RestDocsTestExecutionListener@2cbb3d47, org.springframework.boot.test.autoconfigure.web.client.MockRestServiceServerResetTestExecutionListener@527e5409, org.springframework.boot.test.autoconfigure.web.servlet.MockMvcPrintOnlyOnFailureTestExecutionListener@1198b989, org.springframework.boot.test.autoconfigure.web.servlet.WebDriverTestExecutionListener@7ff95560]
17:29:42.134 [main] DEBUG org.springframework.test.annotation.ProfileValueUtils - Retrieved @ProfileValueSourceConfiguration [null] for test class [md.esempla.library.rest.controller.AuhorsRestControllerTest]
17:29:42.134 [main] DEBUG org.springframework.test.annotation.ProfileValueUtils - Retrieved ProfileValueSource type [class org.springframework.test.annotation.SystemProfileValueSource] for class [md.esempla.library.rest.controller.AuhorsRestControllerTest]
17:29:42.135 [main] DEBUG org.springframework.test.annotation.ProfileValueUtils - Retrieved @ProfileValueSourceConfiguration [null] for test class [md.esempla.library.rest.controller.AuhorsRestControllerTest]
17:29:42.136 [main] DEBUG org.springframework.test.annotation.ProfileValueUtils - Retrieved ProfileValueSource type [class org.springframework.test.annotation.SystemProfileValueSource] for class [md.esempla.library.rest.controller.AuhorsRestControllerTest]
17:29:42.142 [main] DEBUG org.springframework.test.context.support.AbstractDirtiesContextTestExecutionListener - Before test class: context [DefaultTestContext@6293abcc testClass = AuhorsRestControllerTest, testInstance = [null], testMethod = [null], testException = [null], mergedContextConfiguration = [WebMergedContextConfiguration@7995092a testClass = AuhorsRestControllerTest, locations = '{}', classes = '{class md.esempla.library.rest.RestApp}', contextInitializerClasses = '[]', activeProfiles = '{}', propertySourceLocations = '{}', propertySourceProperties = '{org.springframework.boot.test.context.SpringBootTestContextBootstrapper=true}', contextCustomizers = set[org.springframework.boot.test.context.SpringBootTestContextCustomizer@63e2203c, org.springframework.boot.test.context.filter.ExcludeFilterContextCustomizer@72b6cbcc, org.springframework.boot.test.json.DuplicateJsonObjectContextCustomizerFactory$DuplicateJsonObjectContextCustomizer@30b8a058, org.springframework.boot.test.mock.mockito.MockitoContextCustomizer@0, org.springframework.boot.test.autoconfigure.properties.PropertyMappingContextCustomizer@0, org.springframework.boot.test.autoconfigure.web.servlet.WebDriverContextCustomizerFactory$Customizer@4d95d2a2], resourceBasePath = 'src/main/webapp', contextLoader = 'org.springframework.boot.test.context.SpringBootContextLoader', parent = [null]]], class annotated with @DirtiesContext [false] with mode [null].
17:29:42.144 [main] DEBUG org.springframework.test.annotation.ProfileValueUtils - Retrieved @ProfileValueSourceConfiguration [null] for test class [md.esempla.library.rest.controller.AuhorsRestControllerTest]
17:29:42.145 [main] DEBUG org.springframework.test.annotation.ProfileValueUtils - Retrieved ProfileValueSource type [class org.springframework.test.annotation.SystemProfileValueSource] for class [md.esempla.library.rest.controller.AuhorsRestControllerTest]
17:29:42.244 [main] DEBUG org.springframework.core.env.StandardEnvironment - Adding PropertySource 'systemProperties' with lowest search precedence
17:29:42.244 [main] DEBUG org.springframework.core.env.StandardEnvironment - Adding PropertySource 'systemEnvironment' with lowest search precedence
17:29:42.245 [main] DEBUG org.springframework.core.env.StandardEnvironment - Initialized StandardEnvironment with PropertySources [MapPropertySource@1021436681 {name='systemProperties', properties={java.runtime.name=Java(TM) SE Runtime Environment, sun.boot.library.path=/usr/lib/jvm/java-8-oracle/jre/lib/amd64, java.vm.version=25.161-b12, java.vm.vendor=Oracle Corporation, java.vendor.url=http://java.oracle.com/, path.separator=:, java.vm.name=Java HotSpot(TM) 64-Bit Server VM, file.encoding.pkg=sun.io, user.country=US, sun.java.launcher=SUN_STANDARD, sun.os.patch.level=unknown, java.vm.specification.name=Java Virtual Machine Specification, user.dir=/home/java/Downloads/pro-spring-boot-master/ch14/library/rest, java.runtime.version=1.8.0_161-b12, basedir=/home/java/Downloads/pro-spring-boot-master/ch14/library/rest, java.awt.graphicsenv=sun.awt.X11GraphicsEnvironment, java.endorsed.dirs=/usr/lib/jvm/java-8-oracle/jre/lib/endorsed, os.arch=amd64, surefire.real.class.path=/home/java/Downloads/pro-spring-boot-master/ch14/library/rest/target/surefire/surefirebooter7600953578704775144.jar, java.io.tmpdir=/tmp, line.separator=
, java.vm.specification.vendor=Oracle Corporation, os.name=Linux, sun.jnu.encoding=UTF-8, java.library.path=/usr/java/packages/lib/amd64:/usr/lib64:/lib64:/lib:/usr/lib, surefire.test.class.path=/home/java/Downloads/pro-spring-boot-master/ch14/library/rest/target/test-classes:/home/java/Downloads/pro-spring-boot-master/ch14/library/rest/target/classes:/home/java/.m2/repository/org/springframework/boot/spring-boot-starter-web/1.5.10.RELEASE/spring-boot-starter-web-1.5.10.RELEASE.jar:/home/java/.m2/repository/org/springframework/boot/spring-boot-starter/1.5.10.RELEASE/spring-boot-starter-1.5.10.RELEASE.jar:/home/java/.m2/repository/org/springframework/boot/spring-boot/1.5.10.RELEASE/spring-boot-1.5.10.RELEASE.jar:/home/java/.m2/repository/org/springframework/boot/spring-boot-autoconfigure/1.5.10.RELEASE/spring-boot-autoconfigure-1.5.10.RELEASE.jar:/home/java/.m2/repository/org/springframework/boot/spring-boot-starter-logging/1.5.10.RELEASE/spring-boot-starter-logging-1.5.10.RELEASE.jar:/home/java/.m2/repository/ch/qos/logback/logback-classic/1.1.11/logback-classic-1.1.11.jar:/home/java/.m2/repository/ch/qos/logback/logback-core/1.1.11/logback-core-1.1.11.jar:/home/java/.m2/repository/org/slf4j/jcl-over-slf4j/1.7.25/jcl-over-slf4j-1.7.25.jar:/home/java/.m2/repository/org/slf4j/jul-to-slf4j/1.7.25/jul-to-slf4j-1.7.25.jar:/home/java/.m2/repository/org/slf4j/log4j-over-slf4j/1.7.25/log4j-over-slf4j-1.7.25.jar:/home/java/.m2/repository/org/yaml/snakeyaml/1.17/snakeyaml-1.17.jar:/home/java/.m2/repository/org/springframework/boot/spring-boot-starter-tomcat/1.5.10.RELEASE/spring-boot-starter-tomcat-1.5.10.RELEASE.jar:/home/java/.m2/repository/org/apache/tomcat/embed/tomcat-embed-core/8.5.27/tomcat-embed-core-8.5.27.jar:/home/java/.m2/repository/org/apache/tomcat/tomcat-annotations-api/8.5.27/tomcat-annotations-api-8.5.27.jar:/home/java/.m2/repository/org/apache/tomcat/embed/tomcat-embed-el/8.5.27/tomcat-embed-el-8.5.27.jar:/home/java/.m2/repository/org/apache/tomcat/embed/tomcat-embed-websocket/8.5.27/tomcat-embed-websocket-8.5.27.jar:/home/java/.m2/repository/org/hibernate/hibernate-validator/5.3.6.Final/hibernate-validator-5.3.6.Final.jar:/home/java/.m2/repository/javax/validation/validation-api/1.1.0.Final/validation-api-1.1.0.Final.jar:/home/java/.m2/repository/org/jboss/logging/jboss-logging/3.3.1.Final/jboss-logging-3.3.1.Final.jar:/home/java/.m2/repository/com/fasterxml/classmate/1.3.4/classmate-1.3.4.jar:/home/java/.m2/repository/com/fasterxml/jackson/core/jackson-databind/2.8.10/jackson-databind-2.8.10.jar:/home/java/.m2/repository/com/fasterxml/jackson/core/jackson-annotations/2.8.0/jackson-annotations-2.8.0.jar:/home/java/.m2/repository/com/fasterxml/jackson/core/jackson-core/2.8.10/jackson-core-2.8.10.jar:/home/java/.m2/repository/org/springframework/spring-web/4.3.14.RELEASE/spring-web-4.3.14.RELEASE.jar:/home/java/.m2/repository/org/springframework/spring-aop/4.3.14.RELEASE/spring-aop-4.3.14.RELEASE.jar:/home/java/.m2/repository/org/springframework/spring-beans/4.3.14.RELEASE/spring-beans-4.3.14.RELEASE.jar:/home/java/.m2/repository/org/springframework/spring-context/4.3.14.RELEASE/spring-context-4.3.14.RELEASE.jar:/home/java/.m2/repository/org/springframework/spring-webmvc/4.3.14.RELEASE/spring-webmvc-4.3.14.RELEASE.jar:/home/java/.m2/repository/org/springframework/spring-expression/4.3.14.RELEASE/spring-expression-4.3.14.RELEASE.jar:/home/java/.m2/repository/md/esempla/data/0.0.1-SNAPSHOT/data-0.0.1-SNAPSHOT.jar:/home/java/.m2/repository/org/postgresql/postgresql/9.4.1212.jre7/postgresql-9.4.1212.jre7.jar:/home/java/.m2/repository/org/springframework/boot/spring-boot-starter-data-jpa/1.5.10.RELEASE/spring-boot-starter-data-jpa-1.5.10.RELEASE.jar:/home/java/.m2/repository/org/springframework/boot/spring-boot-starter-aop/1.5.10.RELEASE/spring-boot-starter-aop-1.5.10.RELEASE.jar:/home/java/.m2/repository/org/aspectj/aspectjweaver/1.8.13/aspectjweaver-1.8.13.jar:/home/java/.m2/repository/org/springframework/boot/spring-boot-starter-jdbc/1.5.10.RELEASE/spring-boot-starter-jdbc-1.5.10.RELEASE.jar:/home/java/.m2/repository/org/apache/tomcat/tomcat-jdbc/8.5.27/tomcat-jdbc-8.5.27.jar:/home/java/.m2/repository/org/apache/tomcat/tomcat-juli/8.5.27/tomcat-juli-8.5.27.jar:/home/java/.m2/repository/org/springframework/spring-jdbc/4.3.14.RELEASE/spring-jdbc-4.3.14.RELEASE.jar:/home/java/.m2/repository/org/hibernate/hibernate-core/5.0.12.Final/hibernate-core-5.0.12.Final.jar:/home/java/.m2/repository/org/hibernate/javax/persistence/hibernate-jpa-2.1-api/1.0.0.Final/hibernate-jpa-2.1-api-1.0.0.Final.jar:/home/java/.m2/repository/org/javassist/javassist/3.21.0-GA/javassist-3.21.0-GA.jar:/home/java/.m2/repository/antlr/antlr/2.7.7/antlr-2.7.7.jar:/home/java/.m2/repository/org/jboss/jandex/2.0.0.Final/jandex-2.0.0.Final.jar:/home/java/.m2/repository/dom4j/dom4j/1.6.1/dom4j-1.6.1.jar:/home/java/.m2/repository/org/hibernate/common/hibernate-commons-annotations/5.0.1.Final/hibernate-commons-annotations-5.0.1.Final.jar:/home/java/.m2/repository/org/hibernate/hibernate-entitymanager/5.0.12.Final/hibernate-entitymanager-5.0.12.Final.jar:/home/java/.m2/repository/javax/transaction/javax.transaction-api/1.2/javax.transaction-api-1.2.jar:/home/java/.m2/repository/org/springframework/data/spring-data-jpa/1.11.10.RELEASE/spring-data-jpa-1.11.10.RELEASE.jar:/home/java/.m2/repository/org/springframework/data/spring-data-commons/1.13.10.RELEASE/spring-data-commons-1.13.10.RELEASE.jar:/home/java/.m2/repository/org/springframework/spring-orm/4.3.14.RELEASE/spring-orm-4.3.14.RELEASE.jar:/home/java/.m2/repository/org/springframework/spring-tx/4.3.14.RELEASE/spring-tx-4.3.14.RELEASE.jar:/home/java/.m2/repository/org/springframework/spring-aspects/4.3.14.RELEASE/spring-aspects-4.3.14.RELEASE.jar:/home/java/.m2/repository/org/apache/httpcomponents/httpclient/4.3.1/httpclient-4.3.1.jar:/home/java/.m2/repository/org/apache/httpcomponents/httpcore/4.4.9/httpcore-4.4.9.jar:/home/java/.m2/repository/commons-codec/commons-codec/1.10/commons-codec-1.10.jar:/home/java/.m2/repository/com/h2database/h2/1.4.196/h2-1.4.196.jar:/home/java/.m2/repository/org/projectlombok/lombok/1.16.20/lombok-1.16.20.jar:/home/java/.m2/repository/org/springframework/boot/spring-boot-starter-test/1.5.10.RELEASE/spring-boot-starter-test-1.5.10.RELEASE.jar:/home/java/.m2/repository/org/springframework/boot/spring-boot-test/1.5.10.RELEASE/spring-boot-test-1.5.10.RELEASE.jar:/home/java/.m2/repository/org/springframework/boot/spring-boot-test-autoconfigure/1.5.10.RELEASE/spring-boot-test-autoconfigure-1.5.10.RELEASE.jar:/home/java/.m2/repository/com/jayway/jsonpath/json-path/2.2.0/json-path-2.2.0.jar:/home/java/.m2/repository/net/minidev/json-smart/2.2.1/json-smart-2.2.1.jar:/home/java/.m2/repository/net/minidev/accessors-smart/1.1/accessors-smart-1.1.jar:/home/java/.m2/repository/org/ow2/asm/asm/5.0.3/asm-5.0.3.jar:/home/java/.m2/repository/org/slf4j/slf4j-api/1.7.25/slf4j-api-1.7.25.jar:/home/java/.m2/repository/junit/junit/4.12/junit-4.12.jar:/home/java/.m2/repository/org/mockito/mockito-core/1.10.19/mockito-core-1.10.19.jar:/home/java/.m2/repository/org/objenesis/objenesis/2.1/objenesis-2.1.jar:/home/java/.m2/repository/org/hamcrest/hamcrest-core/1.3/hamcrest-core-1.3.jar:/home/java/.m2/repository/org/hamcrest/hamcrest-library/1.3/hamcrest-library-1.3.jar:/home/java/.m2/repository/org/skyscreamer/jsonassert/1.4.0/jsonassert-1.4.0.jar:/home/java/.m2/repository/com/vaadin/external/google/android-json/0.0.20131108.vaadin1/android-json-0.0.20131108.vaadin1.jar:/home/java/.m2/repository/org/springframework/spring-core/4.3.14.RELEASE/spring-core-4.3.14.RELEASE.jar:/home/java/.m2/repository/org/springframework/spring-test/4.3.14.RELEASE/spring-test-4.3.14.RELEASE.jar:/home/java/.m2/repository/org/assertj/assertj-core/3.8.0/assertj-core-3.8.0.jar:, java.specification.name=Java Platform API Specification, java.class.version=52.0, sun.management.compiler=HotSpot 64-Bit Tiered Compilers, os.version=4.13.0-38-generic, user.home=/home/java, user.timezone=Europe/Chisinau, java.awt.printerjob=sun.print.PSPrinterJob, file.encoding=UTF-8, java.specification.version=1.8, java.class.path=/home/java/Downloads/pro-spring-boot-master/ch14/library/rest/target/test-classes:/home/java/Downloads/pro-spring-boot-master/ch14/library/rest/target/classes:/home/java/.m2/repository/org/springframework/boot/spring-boot-starter-web/1.5.10.RELEASE/spring-boot-starter-web-1.5.10.RELEASE.jar:/home/java/.m2/repository/org/springframework/boot/spring-boot-starter/1.5.10.RELEASE/spring-boot-starter-1.5.10.RELEASE.jar:/home/java/.m2/repository/org/springframework/boot/spring-boot/1.5.10.RELEASE/spring-boot-1.5.10.RELEASE.jar:/home/java/.m2/repository/org/springframework/boot/spring-boot-autoconfigure/1.5.10.RELEASE/spring-boot-autoconfigure-1.5.10.RELEASE.jar:/home/java/.m2/repository/org/springframework/boot/spring-boot-starter-logging/1.5.10.RELEASE/spring-boot-starter-logging-1.5.10.RELEASE.jar:/home/java/.m2/repository/ch/qos/logback/logback-classic/1.1.11/logback-classic-1.1.11.jar:/home/java/.m2/repository/ch/qos/logback/logback-core/1.1.11/logback-core-1.1.11.jar:/home/java/.m2/repository/org/slf4j/jcl-over-slf4j/1.7.25/jcl-over-slf4j-1.7.25.jar:/home/java/.m2/repository/org/slf4j/jul-to-slf4j/1.7.25/jul-to-slf4j-1.7.25.jar:/home/java/.m2/repository/org/slf4j/log4j-over-slf4j/1.7.25/log4j-over-slf4j-1.7.25.jar:/home/java/.m2/repository/org/yaml/snakeyaml/1.17/snakeyaml-1.17.jar:/home/java/.m2/repository/org/springframework/boot/spring-boot-starter-tomcat/1.5.10.RELEASE/spring-boot-starter-tomcat-1.5.10.RELEASE.jar:/home/java/.m2/repository/org/apache/tomcat/embed/tomcat-embed-core/8.5.27/tomcat-embed-core-8.5.27.jar:/home/java/.m2/repository/org/apache/tomcat/tomcat-annotations-api/8.5.27/tomcat-annotations-api-8.5.27.jar:/home/java/.m2/repository/org/apache/tomcat/embed/tomcat-embed-el/8.5.27/tomcat-embed-el-8.5.27.jar:/home/java/.m2/repository/org/apache/tomcat/embed/tomcat-embed-websocket/8.5.27/tomcat-embed-websocket-8.5.27.jar:/home/java/.m2/repository/org/hibernate/hibernate-validator/5.3.6.Final/hibernate-validator-5.3.6.Final.jar:/home/java/.m2/repository/javax/validation/validation-api/1.1.0.Final/validation-api-1.1.0.Final.jar:/home/java/.m2/repository/org/jboss/logging/jboss-logging/3.3.1.Final/jboss-logging-3.3.1.Final.jar:/home/java/.m2/repository/com/fasterxml/classmate/1.3.4/classmate-1.3.4.jar:/home/java/.m2/repository/com/fasterxml/jackson/core/jackson-databind/2.8.10/jackson-databind-2.8.10.jar:/home/java/.m2/repository/com/fasterxml/jackson/core/jackson-annotations/2.8.0/jackson-annotations-2.8.0.jar:/home/java/.m2/repository/com/fasterxml/jackson/core/jackson-core/2.8.10/jackson-core-2.8.10.jar:/home/java/.m2/repository/org/springframework/spring-web/4.3.14.RELEASE/spring-web-4.3.14.RELEASE.jar:/home/java/.m2/repository/org/springframework/spring-aop/4.3.14.RELEASE/spring-aop-4.3.14.RELEASE.jar:/home/java/.m2/repository/org/springframework/spring-beans/4.3.14.RELEASE/spring-beans-4.3.14.RELEASE.jar:/home/java/.m2/repository/org/springframework/spring-context/4.3.14.RELEASE/spring-context-4.3.14.RELEASE.jar:/home/java/.m2/repository/org/springframework/spring-webmvc/4.3.14.RELEASE/spring-webmvc-4.3.14.RELEASE.jar:/home/java/.m2/repository/org/springframework/spring-expression/4.3.14.RELEASE/spring-expression-4.3.14.RELEASE.jar:/home/java/.m2/repository/md/esempla/data/0.0.1-SNAPSHOT/data-0.0.1-SNAPSHOT.jar:/home/java/.m2/repository/org/postgresql/postgresql/9.4.1212.jre7/postgresql-9.4.1212.jre7.jar:/home/java/.m2/reposi
[...]
1108.vaadin1/android-json-0.0.20131108.vaadin1.jar:/home/java/.m2/repository/org/springframework/spring-core/4.3.14.RELEASE/spring-core-4.3.14.RELEASE.jar:/home/java/.m2/repository/org/springframework/spring-test/4.3.14.RELEASE/spring-test-4.3.14.RELEASE.jar:/home/java/.m2/repository/org/assertj/assertj-core/3.8.0/assertj-core-3.8.0.jar:, user.name=java, java.vm.specification.version=1.8, sun.java.command=/home/java/Downloads/pro-spring-boot-master/ch14/library/rest/target/surefire/surefirebooter7600953578704775144.jar /home/java/Downloads/pro-spring-boot-master/ch14/library/rest/target/surefire/surefire7695058719837014405tmp /home/java/Downloads/pro-spring-boot-master/ch14/library/rest/target/surefire/surefire_0321010524297685941tmp, java.home=/usr/lib/jvm/java-8-oracle/jre, sun.arch.data.model=64, user.language=en, java.specification.vendor=Oracle Corporation, awt.toolkit=sun.awt.X11.XToolkit, java.vm.info=mixed mode, java.version=1.8.0_161, java.ext.dirs=/usr/lib/jvm/java-8-oracle/jre/lib/ext:/usr/java/packages/lib/ext, sun.boot.class.path=/usr/lib/jvm/java-8-oracle/jre/lib/resources.jar:/usr/lib/jvm/java-8-oracle/jre/lib/rt.jar:/usr/lib/jvm/java-8-oracle/jre/lib/sunrsasign.jar:/usr/lib/jvm/java-8-oracle/jre/lib/jsse.jar:/usr/lib/jvm/java-8-oracle/jre/lib/jce.jar:/usr/lib/jvm/java-8-oracle/jre/lib/charsets.jar:/usr/lib/jvm/java-8-oracle/jre/lib/jfr.jar:/usr/lib/jvm/java-8-oracle/jre/classes, java.vendor=Oracle Corporation, localRepository=/home/java/.m2/repository, file.separator=/, java.vendor.url.bug=http://bugreport.sun.com/bugreport/, sun.io.unicode.encoding=UnicodeLittle, sun.cpu.endian=little, sun.desktop=gnome, sun.cpu.isalist=}}, SystemEnvironmentPropertySource@1790585734 {name='systemEnvironment', properties={PATH=/home/java/bin:/home/java/.local/bin:/home/java/.sdkman/candidates/springboot/current/bin:/home/java/bin:/home/java/.local/bin:/usr/local/sbin:/usr/local/bin:/usr/sbin:/usr/bin:/sbin:/bin:/usr/games:/usr/local/games:/snap/bin:/usr/lib/jvm/java-8-oracle/bin:/usr/lib/jvm/java-8-oracle/db/bin:/usr/lib/jvm/java-8-oracle/jre/bin:/usr/lib/jvm/java-8-oracle/bin:/usr/lib/jvm/java-8-oracle/db/bin:/usr/lib/jvm/java-8-oracle/jre/bin, XAUTHORITY=/home/java/.Xauthority, SDKMAN_VERSION=5.6.2+294, XMODIFIERS=@im=ibus, XDG_DATA_DIRS=/usr/share/ubuntu:/usr/share/gnome:/usr/local/share:/usr/share:/var/lib/snapd/desktop, GDMSESSION=ubuntu, MANDATORY_PATH=/usr/share/gconf/ubuntu.mandatory.path, GTK_IM_MODULE=ibus, DBUS_SESSION_BUS_ADDRESS=unix:abstract=/tmp/dbus-clX1RQPzI3, DEFAULTS_PATH=/usr/share/gconf/ubuntu.default.path, XDG_CURRENT_DESKTOP=Unity, UPSTART_SESSION=unix:abstract=/com/ubuntu/upstart-session/1000/1719, QT4_IM_MODULE=xim, SDKMAN_DIR=/home/java/.sdkman, SESSION_MANAGER=local/java-LIFEBOOK-E752:@/tmp/.ICE-unix/1937,unix/java-LIFEBOOK-E752:/tmp/.ICE-unix/1937, QT_LINUX_ACCESSIBILITY_ALWAYS_ON=1, LOGNAME=java, JOB=unity-settings-daemon, PWD=/home/java/Downloads/pro-spring-boot-master/ch14/library/rest, DERBY_HOME=/usr/lib/jvm/java-8-oracle/db, IM_CONFIG_PHASE=1, SPRINGBOOT_HOME=/home/java/.sdkman/candidates/springboot/current, LANGUAGE=en_US, SHELL=/bin/bash, LESSOPEN=| /usr/bin/lesspipe %s, UNITY_HAS_3D_SUPPORT=true, GIO_LAUNCHED_DESKTOP_FILE=/home/java/.local/share/applications/jetbrains-idea.desktop, GTK2_MODULES=overlay-scrollbar, INSTANCE=, J2SDKDIR=/usr/lib/jvm/java-8-oracle, OLDPWD=/home/java/Downloads/pro-spring-boot-master/ch14/library/rest, GNOME_DESKTOP_SESSION_ID=this-is-deprecated, UPSTART_INSTANCE=, GTK_MODULES=gail:atk-bridge:unity-gtk-module, J2REDIR=/usr/lib/jvm/java-8-oracle/jre, CLUTTER_IM_MODULE=xim, XDG_SESSION_PATH=/org/freedesktop/DisplayManager/Session0, COMPIZ_BIN_PATH=/usr/bin/, SESSIONTYPE=gnome-session, LS_COLORS=rs=0:di=01;34:ln=01;36:mh=00:pi=40;33:so=01;35:do=01;35:bd=40;33;01:cd=40;33;01:or=40;31;01:mi=00:su=37;41:sg=30;43:ca=30;41:tw=30;42:ow=34;42:st=37;44:ex=01;32:*.tar=01;31:*.tgz=01;31:*.arc=01;31:*.arj=01;31:*.taz=01;31:*.lha=01;31:*.lz4=01;31:*.lzh=01;31:*.lzma=01;31:*.tlz=01;31:*.txz=01;31:*.tzo=01;31:*.t7z=01;31:*.zip=01;31:*.z=01;31:*.Z=01;31:*.dz=01;31:*.gz=01;31:*.lrz=01;31:*.lz=01;31:*.lzo=01;31:*.xz=01;31:*.bz2=01;31:*.bz=01;31:*.tbz=01;31:*.tbz2=01;31:*.tz=01;31:*.deb=01;31:*.rpm=01;31:*.jar=01;31:*.war=01;31:*.ear=01;31:*.sar=01;31:*.rar=01;31:*.alz=01;31:*.ace=01;31:*.zoo=01;31:*.cpio=01;31:*.7z=01;31:*.rz=01;31:*.cab=01;31:*.jpg=01;35:*.jpeg=01;35:*.gif=01;35:*.bmp=01;35:*.pbm=01;35:*.pgm=01;35:*.ppm=01;35:*.tga=01;35:*.xbm=01;35:*.xpm=01;35:*.tif=01;35:*.tiff=01;35:*.png=01;35:*.svg=01;35:*.svgz=01;35:*.mng=01;35:*.pcx=01;35:*.mov=01;35:*.mpg=01;35:*.mpeg=01;35:*.m2v=01;35:*.mkv=01;35:*.webm=01;35:*.ogm=01;35:*.mp4=01;35:*.m4v=01;35:*.mp4v=01;35:*.vob=01;35:*.qt=01;35:*.nuv=01;35:*.wmv=01;35:*.asf=01;35:*.rm=01;35:*.rmvb=01;35:*.flc=01;35:*.avi=01;35:*.fli=01;35:*.flv=01;35:*.gl=01;35:*.dl=01;35:*.xcf=01;35:*.xwd=01;35:*.yuv=01;35:*.cgm=01;35:*.emf=01;35:*.ogv=01;35:*.ogx=01;35:*.aac=00;36:*.au=00;36:*.flac=00;36:*.m4a=00;36:*.mid=00;36:*.midi=00;36:*.mka=00;36:*.mp3=00;36:*.mpc=00;36:*.ogg=00;36:*.ra=00;36:*.wav=00;36:*.oga=00;36:*.opus=00;36:*.spx=00;36:*.xspf=00;36:, XDG_SESSION_DESKTOP=ubuntu, SDKMAN_CURRENT_API=https://api.sdkman.io/2, SHLVL=1, LESSCLOSE=/usr/bin/lesspipe %s %s, COMPIZ_CONFIG_PROFILE=ubuntu, QT_IM_MODULE=ibus, UPSTART_JOB=unity7, JAVA_HOME=/usr/lib/jvm/java-8-oracle, TERM=xterm-256color, XDG_CONFIG_DIRS=/etc/xdg/xdg-ubuntu:/usr/share/upstart/xdg:/etc/xdg, LANG=en_US.UTF-8, GNOME_KEYRING_CONTROL=, XDG_SEAT_PATH=/org/freedesktop/DisplayManager/Seat0, XDG_SESSION_ID=c2, XDG_SESSION_TYPE=x11, DISPLAY=:0, UNITY_DEFAULT_PROFILE=unity, MAVEN_CMD_LINE_ARGS= clean install, SDKMAN_CANDIDATES_DIR=/home/java/.sdkman/candidates, _=/usr/bin/mvn, SDKMAN_LEGACY_API=https://api.sdkman.io/1, GDM_LANG=en_US, XDG_GREETER_DATA_DIR=/var/lib/lightdm-data/java, UPSTART_EVENTS=xsession started, GPG_AGENT_INFO=/home/java/.gnupg/S.gpg-agent:0:1, MAVEN_PROJECTBASEDIR=/home/java/Downloads/pro-spring-boot-master/ch14/library/rest, DESKTOP_SESSION=ubuntu, SESSION=ubuntu, SDKMAN_PLATFORM=Linux64, USER=java, XDG_MENU_PREFIX=gnome-, GIO_LAUNCHED_DESKTOP_FILE_PID=3099, QT_ACCESSIBILITY=1, SSH_AUTH_SOCK=/run/user/1000/keyring/ssh, XDG_SEAT=seat0, QT_QPA_PLATFORMTHEME=appmenu-qt5, XDG_VTNR=7, XDG_RUNTIME_DIR=/run/user/1000, HOME=/home/java, GNOME_KEYRING_PID=}}]
17:29:42.247 [main] DEBUG org.springframework.core.env.MutablePropertySources - Adding PropertySource 'inline' with highest search precedence
17:29:42.255 [main] DEBUG org.springframework.test.context.support.TestPropertySourceUtils - Adding inlined properties to environment: {spring.jmx.enabled=false, org.springframework.boot.test.context.SpringBootTestContextBootstrapper=true, server.port=-1}
17:29:42.255 [main] DEBUG org.springframework.core.env.StandardEnvironment - Adding PropertySource 'Inlined Test Properties' with highest search precedence

  .   ____          _            __ _ _
 /\\ / ___'_ __ _ _(_)_ __  __ _ \ \ \ \
( ( )\___ | '_ | '_| | '_ \/ _` | \ \ \ \
 \\/  ___)| |_)| | | | | || (_| |  ) ) ) )
  '  |____| .__|_| |_|_| |_\__, | / / / /
 =========|_|==============|___/=/_/_/_/
 :: Spring Boot ::       (v1.5.10.RELEASE)

2018-04-23 17:29:42.745  INFO 29530 --- [           main] m.e.l.r.c.AuhorsRestControllerTest       : Starting AuhorsRestControllerTest on java-LIFEBOOK-E752 with PID 29530 (started by java in /home/java/Downloads/pro-spring-boot-master/ch14/library/rest)
2018-04-23 17:29:42.747  INFO 29530 --- [           main] m.e.l.r.c.AuhorsRestControllerTest       : No active profile set, falling back to default profiles: default
2018-04-23 17:29:42.826  INFO 29530 --- [           main] o.s.w.c.s.GenericWebApplicationContext   : Refreshing org.springframework.web.context.support.GenericWebApplicationContext@bae7dc0: startup date [Mon Apr 23 17:29:42 EEST 2018]; root of context hierarchy
2018-04-23 17:29:44.625  INFO 29530 --- [           main] trationDelegate$BeanPostProcessorChecker : Bean 'org.springframework.transaction.annotation.ProxyTransactionManagementConfiguration' of type [org.springframework.transaction.annotation.ProxyTransactionManagementConfiguration$$EnhancerBySpringCGLIB$$921b2971] is not eligible for getting processed by all BeanPostProcessors (for example: not eligible for auto-proxying)
2018-04-23 17:29:45.294  INFO 29530 --- [           main] o.s.jdbc.datasource.init.ScriptUtils     : Executing SQL script from class path resource [schema.sql]
2018-04-23 17:29:45.333  INFO 29530 --- [           main] o.s.jdbc.datasource.init.ScriptUtils     : Executed SQL script from class path resource [schema.sql] in 39 ms.
2018-04-23 17:29:45.337  INFO 29530 --- [           main] o.s.jdbc.datasource.init.ScriptUtils     : Executing SQL script from class path resource [data.sql]
2018-04-23 17:29:45.340  INFO 29530 --- [           main] o.s.jdbc.datasource.init.ScriptUtils     : Executed SQL script from class path resource [data.sql] in 2 ms.
2018-04-23 17:29:45.549  INFO 29530 --- [           main] j.LocalContainerEntityManagerFactoryBean : Building JPA container EntityManagerFactory for persistence unit 'default'
2018-04-23 17:29:45.575  INFO 29530 --- [           main] o.hibernate.jpa.internal.util.LogHelper  : HHH000204: Processing PersistenceUnitInfo [
	name: default
	...]
2018-04-23 17:29:45.689  INFO 29530 --- [           main] org.hibernate.Version                    : HHH000412: Hibernate Core {5.0.12.Final}
2018-04-23 17:29:45.690  INFO 29530 --- [           main] org.hibernate.cfg.Environment            : HHH000206: hibernate.properties not found
2018-04-23 17:29:45.692  INFO 29530 --- [           main] org.hibernate.cfg.Environment            : HHH000021: Bytecode provider name : javassist
2018-04-23 17:29:45.746  INFO 29530 --- [           main] o.hibernate.annotations.common.Version   : HCANN000001: Hibernate Commons Annotations {5.0.1.Final}
2018-04-23 17:29:45.895  INFO 29530 --- [           main] org.hibernate.dialect.Dialect            : HHH000400: Using dialect: org.hibernate.dialect.H2Dialect
2018-04-23 17:29:46.784  INFO 29530 --- [           main] org.hibernate.tool.hbm2ddl.SchemaExport  : HHH000227: Running hbm2ddl schema export
2018-04-23 17:29:46.849  INFO 29530 --- [           main] org.hibernate.tool.hbm2ddl.SchemaExport  : HHH000230: Schema export complete
2018-04-23 17:29:46.915  INFO 29530 --- [           main] j.LocalContainerEntityManagerFactoryBean : Initialized JPA EntityManagerFactory for persistence unit 'default'
2018-04-23 17:29:48.049  INFO 29530 --- [           main] s.w.s.m.m.a.RequestMappingHandlerAdapter : Looking for @ControllerAdvice: org.springframework.web.context.support.GenericWebApplicationContext@bae7dc0: startup date [Mon Apr 23 17:29:42 EEST 2018]; root of context hierarchy
2018-04-23 17:29:48.181  INFO 29530 --- [           main] s.w.s.m.m.a.RequestMappingHandlerMapping : Mapped "{[/api/authors],methods=[GET]}" onto public java.util.Collection<md.esempla.library.domain.Author> md.esempla.library.rest.controller.AuhorsRestController.getAll()
2018-04-23 17:29:48.182  INFO 29530 --- [           main] s.w.s.m.m.a.RequestMappingHandlerMapping : Mapped "{[/api/authors/{id}],methods=[GET]}" onto public md.esempla.library.domain.Author md.esempla.library.rest.controller.AuhorsRestController.getById(java.lang.Long)
2018-04-23 17:29:48.185  INFO 29530 --- [           main] s.w.s.m.m.a.RequestMappingHandlerMapping : Mapped "{[/api/authors/{id}],methods=[DELETE]}" onto public void md.esempla.library.rest.controller.AuhorsRestController.deleteById(java.lang.Long)
2018-04-23 17:29:48.185  INFO 29530 --- [           main] s.w.s.m.m.a.RequestMappingHandlerMapping : Mapped "{[/api/authors]}" onto public void md.esempla.library.rest.controller.AuhorsRestController.update(md.esempla.library.domain.Author)
2018-04-23 17:29:48.186  INFO 29530 --- [           main] s.w.s.m.m.a.RequestMappingHandlerMapping : Mapped "{[/api/authors],methods=[POST]}" onto public java.lang.Long md.esempla.library.rest.controller.AuhorsRestController.create(md.esempla.library.domain.Author)
2018-04-23 17:29:48.192  INFO 29530 --- [           main] s.w.s.m.m.a.RequestMappingHandlerMapping : Mapped "{[/api/booksborrowed],methods=[GET]}" onto public java.util.Collection<md.esempla.library.domain.BookBorrowed> md.esempla.library.rest.controller.BooksBorrowedRestController.bookBorroweds()
2018-04-23 17:29:48.192  INFO 29530 --- [           main] s.w.s.m.m.a.RequestMappingHandlerMapping : Mapped "{[/api/booksborrowed],methods=[PUT]}" onto public void md.esempla.library.rest.controller.BooksBorrowedRestController.update(md.esempla.library.domain.BookBorrowed)
2018-04-23 17:29:48.193  INFO 29530 --- [           main] s.w.s.m.m.a.RequestMappingHandlerMapping : Mapped "{[/api/booksborrowed/{id}],methods=[POST]}" onto public void md.esempla.library.rest.controller.BooksBorrowedRestController.delete(java.lang.Long)
2018-04-23 17:29:48.193  INFO 29530 --- [           main] s.w.s.m.m.a.RequestMappingHandlerMapping : Mapped "{[/api/booksborrowed],methods=[POST]}" onto public void md.esempla.library.rest.controller.BooksBorrowedRestController.create(md.esempla.library.domain.BookBorrowed)
2018-04-23 17:29:48.196  INFO 29530 --- [           main] s.w.s.m.m.a.RequestMappingHandlerMapping : Mapped "{[/api/editedbooks],methods=[GET]}" onto public java.util.Collection<md.esempla.library.domain.BookEdited> md.esempla.library.rest.controller.BooksEditedRestController.bookEditeds()
2018-04-23 17:29:48.197  INFO 29530 --- [           main] s.w.s.m.m.a.RequestMappingHandlerMapping : Mapped "{[/api/editedbooks],methods=[PUT]}" onto public void md.esempla.library.rest.controller.BooksEditedRestController.update(md.esempla.library.domain.BookEdited)
2018-04-23 17:29:48.197  INFO 29530 --- [           main] s.w.s.m.m.a.RequestMappingHandlerMapping : Mapped "{[/api/editedbooks/{id}],methods=[DELETE]}" onto public void md.esempla.library.rest.controller.BooksEditedRestController.delete(java.lang.Long)
2018-04-23 17:29:48.198  INFO 29530 --- [           main] s.w.s.m.m.a.RequestMappingHandlerMapping : Mapped "{[/api/editedbooks],methods=[POST]}" onto public java.lang.Long md.esempla.library.rest.controller.BooksEditedRestController.create(md.esempla.library.domain.BookEdited)
2018-04-23 17:29:48.205  INFO 29530 --- [           main] s.w.s.m.m.a.RequestMappingHandlerMapping : Mapped "{[/api/booksedited],methods=[DELETE]}" onto public md.esempla.library.domain.Book md.esempla.library.rest.controller.BooksRestController.book(java.lang.Long)
2018-04-23 17:29:48.206  INFO 29530 --- [           main] s.w.s.m.m.a.RequestMappingHandlerMapping : Mapped "{[/api/booksedited],methods=[GET]}" onto java.util.Collection<md.esempla.library.domain.Book> md.esempla.library.rest.controller.BooksRestController.books()
2018-04-23 17:29:48.207  INFO 29530 --- [           main] s.w.s.m.m.a.RequestMappingHandlerMapping : Mapped "{[/api/booksedited],methods=[PUT]}" onto public void md.esempla.library.rest.controller.BooksRestController.update(md.esempla.library.domain.Book)
2018-04-23 17:29:48.208  INFO 29530 --- [           main] s.w.s.m.m.a.RequestMappingHandlerMapping : Mapped "{[/api/booksedited],methods=[POST]}" onto public java.lang.Long md.esempla.library.rest.controller.BooksRestController.create(md.esempla.library.domain.Book)
2018-04-23 17:29:48.212  INFO 29530 --- [           main] s.w.s.m.m.a.RequestMappingHandlerMapping : Mapped "{[/api/clients/{id}],methods=[GET]}" onto public md.esempla.library.domain.Client md.esempla.library.rest.controller.ClientsRepositoryRestController.getById(java.lang.Long)
2018-04-23 17:29:48.212  INFO 29530 --- [           main] s.w.s.m.m.a.RequestMappingHandlerMapping : Mapped "{[/api/clients],methods=[GET]}" onto public java.util.Collection<md.esempla.library.domain.Client> md.esempla.library.rest.controller.ClientsRepositoryRestController.clients()
2018-04-23 17:29:48.213  INFO 29530 --- [           main] s.w.s.m.m.a.RequestMappingHandlerMapping : Mapped "{[/api/clients],methods=[PUT]}" onto public void md.esempla.library.rest.controller.ClientsRepositoryRestController.update(md.esempla.library.domain.Client)
2018-04-23 17:29:48.213  INFO 29530 --- [           main] s.w.s.m.m.a.RequestMappingHandlerMapping : Mapped "{[/api/clients/{id}],methods=[DELETE]}" onto public void md.esempla.library.rest.controller.ClientsRepositoryRestController.delete(java.lang.Long)
2018-04-23 17:29:48.214  INFO 29530 --- [           main] s.w.s.m.m.a.RequestMappingHandlerMapping : Mapped "{[/api/clients],methods=[POST]}" onto public java.lang.Long md.esempla.library.rest.controller.ClientsRepositoryRestController.create(md.esempla.library.domain.Client)
2018-04-23 17:29:48.227  INFO 29530 --- [           main] s.w.s.m.m.a.RequestMappingHandlerMapping : Mapped "{[/publishers/api/{id}],methods=[GET]}" onto public md.esempla.library.domain.Publisher md.esempla.library.rest.controller.PublishersRestController.getById(java.lang.Long)
2018-04-23 17:29:48.228  INFO 29530 --- [           main] s.w.s.m.m.a.RequestMappingHandlerMapping : Mapped "{[/publishers/api],methods=[GET]}" onto public java.util.Collection<md.esempla.library.domain.Publisher> md.esempla.library.rest.controller.PublishersRestController.publishers()
2018-04-23 17:29:48.229  INFO 29530 --- [           main] s.w.s.m.m.a.RequestMappingHandlerMapping : Mapped "{[/publishers/api],methods=[PUT]}" onto public void md.esempla.library.rest.controller.PublishersRestController.update(md.esempla.library.domain.Publisher)
2018-04-23 17:29:48.230  INFO 29530 --- [           main] s.w.s.m.m.a.RequestMappingHandlerMapping : Mapped "{[/publishers/api/{id}],methods=[DELETE]}" onto public void md.esempla.library.rest.controller.PublishersRestController.delete(java.lang.Long)
2018-04-23 17:29:48.231  INFO 29530 --- [           main] s.w.s.m.m.a.RequestMappingHandlerMapping : Mapped "{[/publishers/api],methods=[POST]}" onto public java.lang.Long md.esempla.library.rest.controller.PublishersRestController.create(md.esempla.library.domain.Publisher)
2018-04-23 17:29:48.236  INFO 29530 --- [           main] s.w.s.m.m.a.RequestMappingHandlerMapping : Mapped "{[/error],produces=[text/html]}" onto public org.springframework.web.servlet.ModelAndView org.springframework.boot.autoconfigure.web.BasicErrorController.errorHtml(javax.servlet.http.HttpServletRequest,javax.servlet.http.HttpServletResponse)
2018-04-23 17:29:48.237  INFO 29530 --- [           main] s.w.s.m.m.a.RequestMappingHandlerMapping : Mapped "{[/error]}" onto public org.springframework.http.ResponseEntity<java.util.Map<java.lang.String, java.lang.Object>> org.springframework.boot.autoconfigure.web.BasicErrorController.error(javax.servlet.http.HttpServletRequest)
2018-04-23 17:29:48.343  INFO 29530 --- [           main] o.s.w.s.handler.SimpleUrlHandlerMapping  : Mapped URL path [/webjars/**] onto handler of type [class org.springframework.web.servlet.resource.ResourceHttpRequestHandler]
2018-04-23 17:29:48.346  INFO 29530 --- [           main] o.s.w.s.handler.SimpleUrlHandlerMapping  : Mapped URL path [/**] onto handler of type [class org.springframework.web.servlet.resource.ResourceHttpRequestHandler]
2018-04-23 17:29:48.422  INFO 29530 --- [           main] o.s.w.s.handler.SimpleUrlHandlerMapping  : Mapped URL path [/**/favicon.ico] onto handler of type [class org.springframework.web.servlet.resource.ResourceHttpRequestHandler]
2018-04-23 17:29:48.868  INFO 29530 --- [           main] m.e.l.r.c.AuhorsRestControllerTest       : Started AuhorsRestControllerTest in 6.597 seconds (JVM running for 7.658)
2018-04-23 17:29:48.996  INFO 29530 --- [           main] o.h.h.i.QueryTranslatorFactoryInitiator  : HHH000397: Using ASTQueryTranslatorFactory
]]></system-out>
  </testcase>
  <testcase name="testCreate" classname="md.esempla.library.rest.controller.AuhorsRestControllerTest" time="0.531"/>
  <testcase name="testUpdate" classname="md.esempla.library.rest.controller.AuhorsRestControllerTest" time="0.001"/>
</testsuite>