<?xml version="1.0" encoding="UTF-8"?>
<testsuite name="md.esempla.library.rest.controller.AuhorsRestControllerTest" time="0.379" tests="3" errors="2" skipped="0" failures="0">
  <properties>
[...]
</properties>
  <testcase name="getByIdTest" classname="md.esempla.library.rest.controller.AuhorsRestControllerTest" time="0.122">
    <error message="bound must be positive" type="java.lang.IllegalArgumentException">java.lang.IllegalArgumentException: bound must be positive
	at java.util.Random.nextInt(Random.java:388)
	at md.esempla.library.rest.controller.AuhorsRestControllerTest.getByIdTest(AuhorsRestControllerTest.java:59)
</error>
    <system-out><![CDATA[13:27:03.743 [main] DEBUG org.springframework.test.context.junit4.SpringJUnit4ClassRunner - SpringJUnit4ClassRunner constructor called with [class md.esempla.library.rest.controller.AuhorsRestControllerTest]
13:27:03.757 [main] DEBUG org.springframework.test.context.BootstrapUtils - Instantiating CacheAwareContextLoaderDelegate from class [org.springframework.test.context.cache.DefaultCacheAwareContextLoaderDelegate]
13:27:03.769 [main] DEBUG org.springframework.test.context.BootstrapUtils - Instantiating BootstrapContext using constructor [public org.springframework.test.context.support.DefaultBootstrapContext(java.lang.Class,org.springframework.test.context.CacheAwareContextLoaderDelegate)]
13:27:03.803 [main] DEBUG org.springframework.test.context.BootstrapUtils - Instantiating TestContextBootstrapper for test class [md.esempla.library.rest.controller.AuhorsRestControllerTest] from class [org.springframework.boot.test.context.SpringBootTestContextBootstrapper]
13:27:03.823 [main] INFO org.springframework.boot.test.context.SpringBootTestContextBootstrapper - Neither @ContextConfiguration nor @ContextHierarchy found for test class [md.esempla.library.rest.controller.AuhorsRestControllerTest], using SpringBootContextLoader
13:27:03.829 [main] DEBUG org.springframework.test.context.support.AbstractContextLoader - Did not detect default resource location for test class [md.esempla.library.rest.controller.AuhorsRestControllerTest]: class path resource [md/esempla/library/rest/controller/AuhorsRestControllerTest-context.xml] does not exist
13:27:03.829 [main] DEBUG org.springframework.test.context.support.AbstractContextLoader - Did not detect default resource location for test class [md.esempla.library.rest.controller.AuhorsRestControllerTest]: class path resource [md/esempla/library/rest/controller/AuhorsRestControllerTestContext.groovy] does not exist
13:27:03.830 [main] INFO org.springframework.test.context.support.AbstractContextLoader - Could not detect default resource locations for test class [md.esempla.library.rest.controller.AuhorsRestControllerTest]: no resource found for suffixes {-context.xml, Context.groovy}.
13:27:03.831 [main] INFO org.springframework.test.context.support.AnnotationConfigContextLoaderUtils - Could not detect default configuration classes for test class [md.esempla.library.rest.controller.AuhorsRestControllerTest]: AuhorsRestControllerTest does not declare any static, non-private, non-final, nested classes annotated with @Configuration.
13:27:03.927 [main] DEBUG org.springframework.test.context.support.ActiveProfilesUtils - Could not find an 'annotation declaring class' for annotation type [org.springframework.test.context.ActiveProfiles] and class [md.esempla.library.rest.controller.AuhorsRestControllerTest]
13:27:03.970 [main] DEBUG org.springframework.core.env.StandardEnvironment - Adding PropertySource 'systemProperties' with lowest search precedence
13:27:03.973 [main] DEBUG org.springframework.core.env.StandardEnvironment - Adding PropertySource 'systemEnvironment' with lowest search precedence
13:27:03.975 [main] DEBUG org.springframework.core.env.StandardEnvironment - Initialized StandardEnvironment with PropertySources [MapPropertySource@415186196 {name='systemProperties', properties={java.runtime.name=Java(TM) SE Runtime Environment, sun.boot.library.path=/usr/lib/jvm/java-8-oracle/jre/lib/amd64, java.vm.version=25.161-b12, java.vm.vendor=Oracle Corporation, java.vendor.url=http://java.oracle.com/, path.separator=:, java.vm.name=Java HotSpot(TM) 64-Bit Server VM, file.encoding.pkg=sun.io, user.country=US, sun.java.launcher=SUN_STANDARD, sun.os.patch.level=unknown, java.vm.specification.name=Java Virtual Machine Specification, user.dir=/home/java/Downloads/pro-spring-boot-master/ch14/library/rest, java.runtime.version=1.8.0_161-b12, basedir=/home/java/Downloads/pro-spring-boot-master/ch14/library/rest, java.awt.graphicsenv=sun.awt.X11GraphicsEnvironment, java.endorsed.dirs=/usr/lib/jvm/java-8-oracle/jre/lib/endorsed, os.arch=amd64, surefire.real.class.path=/home/java/Downloads/pro-spring-boot-master/ch14/library/rest/target/surefire/surefirebooter1726677801631483921.jar, java.io.tmpdir=/tmp, line.separator=
, java.vm.specification.vendor=Oracle Corporation, os.name=Linux, sun.jnu.encoding=UTF-8, java.library.path=/usr/java/packages/lib/amd64:/usr/lib64:/lib64:/lib:/usr/lib, surefire.test.class.path=/home/java/Downloads/pro-spring-boot-master/ch14/library/rest/target/test-classes:/home/java/Downloads/pro-spring-boot-master/ch14/library/rest/target/classes:/home/java/.m2/repository/org/springframework/boot/spring-boot-starter-web/1.5.10.RELEASE/spring-boot-starter-web-1.5.10.RELEASE.jar:/home/java/.m2/repository/org/springframework/boot/spring-boot-starter/1.5.10.RELEASE/spring-boot-starter-1.5.10.RELEASE.jar:/home/java/.m2/repository/org/springframework/boot/spring-boot/1.5.10.RELEASE/spring-boot-1.5.10.RELEASE.jar:/home/java/.m2/repository/org/springframework/boot/spring-boot-autoconfigure/1.5.10.RELEASE/spring-boot-autoconfigure-1.5.10.RELEASE.jar:/home/java/.m2/repository/org/springframework/boot/spring-boot-starter-logging/1.5.10.RELEASE/spring-boot-starter-logging-1.5.10.RELEASE.jar:/home/java/.m2/repository/ch/qos/logback/logback-classic/1.1.11/logback-classic-1.1.11.jar:/home/java/.m2/repository/ch/qos/logback/logback-core/1.1.11/logback-core-1.1.11.jar:/home/java/.m2/repository/org/slf4j/jcl-over-slf4j/1.7.25/jcl-over-slf4j-1.7.25.jar:/home/java/.m2/repository/org/slf4j/jul-to-slf4j/1.7.25/jul-to-slf4j-1.7.25.jar:/home/java/.m2/repository/org/slf4j/log4j-over-slf4j/1.7.25/log4j-over-slf4j-1.7.25.jar:/home/java/.m2/repository/org/yaml/snakeyaml/1.17/snakeyaml-1.17.jar:/home/java/.m2/repository/org/springframework/boot/spring-boot-starter-tomcat/1.5.10.RELEASE/spring-boot-starter-tomcat-1.5.10.RELEASE.jar:/home/java/.m2/repository/org/apache/tomcat/embed/tomcat-embed-core/8.5.27/tomcat-embed-core-8.5.27.jar:/home/java/.m2/repository/org/apache/tomcat/tomcat-annotations-api/8.5.27/tomcat-annotations-api-8.5.27.jar:/home/java/.m2/repository/org/apache/tomcat/embed/tomcat-embed-el/8.5.27/tomcat-embed-el-8.5.27.jar:/home/java/.m2/repository/org/apache/tomcat/embed/tomcat-embed-websocket/8.5.27/tomcat-embed-websocket-8.5.27.jar:/home/java/.m2/repository/org/hibernate/hibernate-validator/5.3.6.Final/hibernate-validator-5.3.6.Final.jar:/home/java/.m2/repository/javax/validation/validation-api/1.1.0.Final/validation-api-1.1.0.Final.jar:/home/java/.m2/repository/org/jboss/logging/jboss-logging/3.3.1.Final/jboss-logging-3.3.1.Final.jar:/home/java/.m2/repository/com/fasterxml/classmate/1.3.4/classmate-1.3.4.jar:/home/java/.m2/repository/com/fasterxml/jackson/core/jackson-databind/2.8.10/jackson-databind-2.8.10.jar:/home/java/.m2/repository/com/fasterxml/jackson/core/jackson-annotations/2.8.0/jackson-annotations-2.8.0.jar:/home/java/.m2/repository/com/fasterxml/jackson/core/jackson-core/2.8.10/jackson-core-2.8.10.jar:/home/java/.m2/repository/org/springframework/spring-web/4.3.14.RELEASE/spring-web-4.3.14.RELEASE.jar:/home/java/.m2/repository/org/springframework/spring-aop/4.3.14.RELEASE/spring-aop-4.3.14.RELEASE.jar:/home/java/.m2/repository/org/springframework/spring-beans/4.3.14.RELEASE/spring-beans-4.3.14.RELEASE.jar:/home/java/.m2/repository/org/springframework/spring-context/4.3.14.RELEASE/spring-context-4.3.14.RELEASE.jar:/home/java/.m2/repository/org/springframework/spring-webmvc/4.3.14.RELEASE/spring-webmvc-4.3.14.RELEASE.jar:/home/java/.m2/repository/org/springframework/spring-expression/4.3.14.RELEASE/spring-expression-4.3.14.RELEASE.jar:/home/java/.m2/repository/md/esempla/data/0.0.1-SNAPSHOT/data-0.0.1-SNAPSHOT.jar:/home/java/.m2/repository/org/postgresql/postgresql/9.4.1212.jre7/postgresql-9.4.1212.jre7.jar:/home/java/.m2/repository/org/springframework/boot/spring-boot-starter-data-jpa/1.5.10.RELEASE/spring-boot-starter-data-jpa-1.5.10.RELEASE.jar:/home/java/.m2/repository/org/springframework/boot/spring-boot-starter-aop/1.5.10.RELEASE/spring-boot-starter-aop-1.5.10.RELEASE.jar:/home/java/.m2/repository/org/aspectj/aspectjweaver/1.8.13/aspectjweaver-1.8.13.jar:/home/java/.m2/repository/org/springframework/boot/spring-boot-starter-jdbc/1.5.10.RELEASE/spring-boot-starter-jdbc-1.5.10.RELEASE.jar:/home/java/.m2/repository/org/apache/tomcat/tomcat-jdbc/8.5.27/tomcat-jdbc-8.5.27.jar:/home/java/.m2/repository/org/apache/tomcat/tomcat-juli/8.5.27/tomcat-juli-8.5.27.jar:/home/java/.m2/repository/org/springframework/spring-jdbc/4.3.14.RELEASE/spring-jdbc-4.3.14.RELEASE.jar:/home/java/.m2/repository/org/hibernate/hibernate-core/5.0.12.Final/hibernate-core-5.0.12.Final.jar:/home/java/.m2/repository/org/hibernate/javax/persistence/hibernate-jpa-2.1-api/1.0.0.Final/hibernate-jpa-2.1-api-1.0.0.Final.jar:/home/java/.m2/repository/org/javassist/javassist/3.21.0-GA/javassist-3.21.0-GA.jar:/home/java/.m2/repository/antlr/antlr/2.7.7/antlr-2.7.7.jar:/home/java/.m2/repository/org/jboss/jandex/2.0.0.Final/jandex-2.0.0.Final.jar:/home/java/.m2/repository/dom4j/dom4j/1.6.1/dom4j-1.6.1.jar:/home/java/.m2/repository/org/hibernate/common/hibernate-commons-annotations/5.0.1.Final/hibernate-commons-annotations-5.0.1.Final.jar:/home/java/.m2/repository/org/hibernate/hibernate-entitymanager/5.0.12.Final/hibernate-entitymanager-5.0.12.Final.jar:/home/java/.m2/repository/javax/transaction/javax.transaction-api/1.2/javax.transaction-api-1.2.jar:/home/java/.m2/repository/org/springframework/data/spring-data-jpa/1.11.10.RELEASE/spring-data-jpa-1.11.10.RELEASE.jar:/home/java/.m2/repository/org/springframework/data/spring-data-commons/1.13.10.RELEASE/spring-data-commons-1.13.10.RELEASE.jar:/home/java/.m2/repository/org/springframework/spring-orm/4.3.14.RELEASE/spring-orm-4.3.14.RELEASE.jar:/home/java/.m2/repository/org/springframework/spring-tx/4.3.14.RELEASE/spring-tx-4.3.14.RELEASE.jar:/home/java/.m2/repository/org/springframework/spring-aspects/4.3.14.RELEASE/spring-aspects-4.3.14.RELEASE.jar:/home/java/.m2/repository/org/apache/httpcomponents/httpclient/4.3.1/httpclient-4.3.1.jar:/home/java/.m2/repository/org/apache/httpcomponents/httpcore/4.4.9/httpcore-4.4.9.jar:/home/java/.m2/repository/commons-codec/commons-codec/1.10/commons-codec-1.10.jar:/home/java/.m2/repository/com/h2database/h2/1.4.196/h2-1.4.196.jar:/home/java/.m2/repository/org/projectlombok/lombok/1.16.20/lombok-1.16.20.jar:/home/java/.m2/repository/org/springframework/boot/spring-boot-starter-test/1.5.10.RELEASE/spring-boot-starter-test-1.5.10.RELEASE.jar:/home/java/.m2/repository/org/springframework/boot/spring-boot-test/1.5.10.RELEASE/spring-boot-test-1.5.10.RELEASE.jar:/home/java/.m2/repository/org/springframework/boot/spring-boot-test-autoconfigure/1.5.10.RELEASE/spring-boot-test-autoconfigure-1.5.10.RELEASE.jar:/home/java/.m2/repository/com/jayway/jsonpath/json-path/2.2.0/json-path-2.2.0.jar:/home/java/.m2/repository/net/minidev/json-smart/2.2.1/json-smart-2.2.1.jar:/home/java/.m2/repository/net/minidev/accessors-smart/1.1/accessors-smart-1.1.jar:/home/java/.m2/repository/org/ow2/asm/asm/5.0.3/asm-5.0.3.jar:/home/java/.m2/repository/org/slf4j/slf4j-api/1.7.25/slf4j-api-1.7.25.jar:/home/java/.m2/repository/junit/junit/4.12/junit-4.12.jar:/home/java/.m2/repository/org/mockito/mockito-core/1.10.19/mockito-core-1.10.19.jar:/home/java/.m2/repository/org/objenesis/objenesis/2.1/objenesis-2.1.jar:/home/java/.m2/repository/org/hamcrest/hamcrest-core/1.3/hamcrest-core-1.3.jar:/home/java/.m2/repository/org/hamcrest/hamcrest-library/1.3/hamcrest-library-1.3.jar:/home/java/.m2/repository/org/skyscreamer/jsonassert/1.4.0/jsonassert-1.4.0.jar:/home/java/.m2/repository/com/vaadin/external/google/android-json/0.0.20131108.vaadin1/android-json-0.0.20131108.vaadin1.jar:/home/java/.m2/repository/org/springframework/spring-core/4.3.14.RELEASE/spring-core-4.3.14.RELEASE.jar:/home/java/.m2/repository/org/springframework/spring-test/4.3.14.RELEASE/spring-test-4.3.14.RELEASE.jar:/home/java/.m2/repository/org/assertj/assertj-core/3.8.0/assertj-core-3.8.0.jar:, java.specification.name=Java Platform API Specification, java.class.version=52.0, sun.management.compiler=HotSpot 64-Bit Tiered Compilers, os.version=4.13.0-38-generic, user.home=/home/java, user.timezone=Europe/Chisinau, java.awt.printerjob=sun.print.PSPrinterJob, file.encoding=UTF-8, java.specification.version=1.8, java.class.path=/home/java/Downloads/pro-spring-boot-master/ch14/library/rest/target/test-classes:/home/java/Downloads/pro-spring-boot-master/ch14/library/rest/target/classes:/home/java/.m2/repository/org/springframework/boot/spring-boot-starter-web/1.5.10.RELEASE/spring-boot-starter-web-1.5.10.RELEASE.jar:/home/java/.m2/repository/org/springframework/boot/spring-boot-starter/1.5.10.RELEASE/spring-boot-starter-1.5.10.RELEASE.jar:/home/java/.m2/repository/org/springframework/boot/spring-boot/1.5.10.RELEASE/spring-boot-1.5.10.RELEASE.jar:/home/java/.m2/repository/org/springframework/boot/spring-boot-autoconfigure/1.5.10.RELEASE/spring-boot-autoconfigure-1.5.10.RELEASE.jar:/home/java/.m2/repository/org/springframework/boot/spring-boot-starter-logging/1.5.10.RELEASE/spring-boot-starter-logging-1.5.10.RELEASE.jar:/home/java/.m2/repository/ch/qos/logback/logback-classic/1.1.11/logback-classic-1.1.11.jar:/home/java/.m2/repository/ch/qos/logback/logback-core/1.1.11/logback-core-1.1.11.jar:/home/java/.m2/repository/org/slf4j/jcl-over-slf4j/1.7.25/jcl-over-slf4j-1.7.25.jar:/home/java/.m2/repository/org/slf4j/jul-to-slf4j/1.7.25/jul-to-slf4j-1.7.25.jar:/home/java/.m2/repository/org/slf4j/log4j-over-slf4j/1.7.25/log4j-over-slf4j-1.7.25.jar:/home/java/.m2/repository/org/yaml/snakeyaml/1.17/snakeyaml-1.17.jar:/home/java/.m2/repository/org/springframework/boot/spring-boot-starter-tomcat/1.5.10.RELEASE/spring-boot-starter-tomcat-1.5.10.RELEASE.jar:/home/java/.m2/repository/org/apache/tomcat/embed/tomcat-embed-core/8.5.27/tomcat-embed-core-8.5.27.jar:/home/java/.m2/repository/org/apache/tomcat/tomcat-annotations-api/8.5.27/tomcat-annotations-api-8.5.27.jar:/home/java/.m2/repository/org/apache/tomcat/embed/tomcat-embed-el/8.5.27/tomcat-embed-el-8.5.27.jar:/home/java/.m2/repository/org/apache/tomcat/embed/tomcat-embed-websocket/8.5.27/tomcat-embed-websocket-8.5.27.jar:/home/java/.m2/repository/org/hibernate/hibernate-validator/5.3.6.Final/hibernate-validator-5.3.6.Final.jar:/home/java/.m2/repository/javax/validation/validation-api/1.1.0.Final/validation-api-1.1.0.Final.jar:/home/java/.m2/repository/org/jboss/logging/jboss-logging/3.3.1.Final/jboss-logging-3.3.1.Final.jar:/home/java/.m2/repository/com/fasterxml/classmate/1.3.4/classmate-1.3.4.jar:/home/java/.m2/repository/com/fasterxml/jackson/core/jackson-databind/2.8.10/jackson-databind-2.8.10.jar:/home/java/.m2/repository/com/fasterxml/jackson/core/jackson-annotations/2.8.0/jackson-annotations-2.8.0.jar:/home/java/.m2/repository/com/fasterxml/jackson/core/jackson-core/2.8.10/jackson-core-2.8.10.jar:/home/java/.m2/repository/org/springframework/spring-web/4.3.14.RELEASE/spring-web-4.3.14.RELEASE.jar:/home/java/.m2/repository/org/springframework/spring-aop/4.3.14.RELEASE/spring-aop-4.3.14.RELEASE.jar:/home/java/.m2/repository/org/springframework/spring-beans/4.3.14.RELEASE/spring-beans-4.3.14.RELEASE.jar:/home/java/.m2/repository/org/springframework/spring-context/4.3.14.RELEASE/spring-context-4.3.14.RELEASE.jar:/home/java/.m2/repository/org/springframework/spring-webmvc/4.3.14.RELEASE/spring-webmvc-4.3.14.RELEASE.jar:/home/java/.m2/repository/org/springframework/spring-expression/4.3.14.RELEASE/spring-expression-4.3.14.RELEASE.jar:/home/java/.m2/repository/md/esempla/data/0.0.1-SNAPSHOT/data-0.0.1-SNAPSHOT.jar:/home/java/.m2/repository/org/postgresql/postgresql/9.4.1212.jre7/postgresql-9.4.1212.jre7.jar:/home/java/.m2/repository/org/springframework/boot/spring-boot-starter-data-jpa/1.5.10.RELEASE/spring-boot-starter-data-jpa-1.5.10.RELEASE.jar:/home/java/.m2/repository/org/springframework/boot/spring-boot-starter-aop/1.5.10.RELEASE/spring-boot-starter-aop-1.5.10.RELEASE.jar:/home/java/.m2/repository/org/aspectj/aspectjweaver/1.8.13/aspectjweaver-1.8.13.jar:/home/java/.m2/repository/org/springframework/boot/spring-boot-starter-jdbc/1.5.10.RELEASE/spring-boot-starter-jdbc-1.5.10.RELEASE.jar:/home/java/.m2/repository/org/apache/tomcat/tomcat-jdbc/8.5.27/tomcat-jdbc-8.5.27.jar:/home/java/.m2/repository/org/apache/tomcat/tomcat-juli/8.5.27/tomcat-juli-8.5.27.jar:/home/java/.m2/repository/org/springframework/spring-jdbc/4.3.14.RELEASE/spring-jdbc-4.3.14.RELEASE.jar:/home/java/.m2/repository/org/hibernate/hibernate-core/5.0.12.Final/hibernate-core-5.0.12.Final.jar:/home/java/.m2/repository/org/hibernate/javax/persistence/hibernate-jpa-2.1-api/1.0.0.Final/hibernate-jpa-2.1-api-1.0.0.Final.jar:/home/java/.m2/repository/org/javassist/javassist/3.21.0-GA/javassist-3.21.0-GA.jar:/home/java/.m2/repository/antlr/antlr/2.7.7/antlr-2.7.7.jar:/home/java/.m2/repository/org/jboss/jandex/2.0.0.Final/jandex-2.0.0.Final.jar:/home/java/.m2/repository/dom4j/dom4j/1.6.1/dom4j-1.6.1.jar:/home/java/.m2/repository/org/hibernate/common/hibernate-commons-annotations/5.0.1.Final/hibernate-commons-annotations-5.0.1.Final.jar:/home/java/.m2/repository/org/hibernate/hibernate-entitymanager/5.0.12.Final/hibernate-entitymanager-5.0.12.Final.jar:/home/java/.m2/repository/javax/transaction/javax.transaction-api/1.2/javax.transaction-api-1.2.jar:/home/java/.m2/repository/org/springframework/data/spring-data-jpa/1.11.10.RELEASE/spring-data-jpa-1.11.10.RELEASE.jar:/home/java/.m2/repository/org/springframework/data/spring-data-commons/1.13.10.RELEASE/spring-data-commons-1.13.10.RELEASE.jar:/home/java/.m2/repository/org/springframework/spring-orm/4.3.14.RELEASE/spring-orm-4.3.14.RELEASE.jar:/home/java/.m2/repository/org/springframework/spring-tx/4.3.14.RELEASE/spring-tx-4.3.14.RELEASE.jar:/home/java/.m2/repository/org/springframework/spring-aspects/4.3.14.RELEASE/spring-aspects-4.3.14.RELEASE.jar:/home/java/.m2/repository/org/apache/httpcomponents/httpclient/4.3.1/httpclient-4.3.1.jar:/home/java/.m2/repository/org/apache/httpcomponents/httpcore/4.4.9/httpcore-4.4.9.jar:/home/java/.m2/repository/commons-codec/commons-codec/1.10/commons-codec-1.10.jar:/home/java/.m2/repository/com/h2database/h2/1.4.196/h2-1.4.196.jar:/home/java/.m2/repository/org/projectlombok/lombok/1.16.20/lombok-1.16.20.jar:/home/java/.m2/repository/org/springframework/boot/spring-boot-starter-test/1.5.10.RELEASE/spring-boot-starter-test-1.5.10.RELEASE.jar:/home/java/.m2/repository/org/springframework/boot/spring-boot-test/1.5.10.RELEASE/spring-boot-test-1.5.10.RELEASE.jar:/home/java/.m2/repository/org/springframework/boot/spring-boot-test-autoconfigure/1.5.10.RELEASE/spring-boot-test-autoconfigure-1.5.10.RELEASE.jar:/home/java/.m2/repository/com/jayway/jsonpath/json-path/2.2.0/json-path-2.2.0.jar:/home/java/.m2/repository/net/minidev/json-smart/2.2.1/json-smart-2.2.1.jar:/home/java/.m2/repository/net/minidev/accessors-smart/1.1/accessors-smart-1.1.jar:/home/java/.m2/repository/org/ow2/asm/asm/5.0.3/asm-5.0.3.jar:/home/java/.m2/repository/org/slf4j/slf4j-api/1.7.25/slf4j-api-1.7.25.jar:/home/java/.m2/repository/junit/junit/4.12/junit-4.12.jar:/home/java/.m2/repository/org/mockito/mockito-core/1.10.19/mockito-core-1.10.19.jar:/home/java/.m2/repository/org/objenesis/objenesis/2.1/objenesis-2.1.jar:/home/java/.m2/repository/org/hamcrest/hamcrest-core/1.3/hamcrest-core-1.3.jar:/home/java/.m2/repository/org/hamcrest/hamcrest-library/1.3/hamcrest-library-1.3.jar:/home/java/.m2/repository/org/skyscreamer/jsonassert/1.4.0/jsonassert-1.4.0.jar:/home/java/.m2/repository/com/vaadin/external/google/android-json/0.0.20131108.vaadin1/android-json-0.0.20131108.vaadin1.jar:/home/java/.m2/repository/org/springframework/spring-core/4.3.14.RELEASE/spring-core-4.3.14.RELEASE.jar:/home/java/.m2/repository/org/springframework/spring-test/4.3.14.RELEASE/spring-test-4.3.14.RELEASE.jar:/home/java/.m2/repository/org/assertj/assertj-core/3.8.0/assertj-core-3.8.0.jar:, user.name=java, java.vm.specification.version=1.8, sun.java.command=/home/java/Downloads/pro-spring-boot-master/ch14/library/rest/target/surefire/surefirebooter1726677801631483921.jar /home/java/Downloads/pro-spring-boot-master/ch14/library/rest/target/surefire/surefire5226162103251425072tmp /home/java/Downloads/pro-spring-boot-master/ch14/library/rest/target/surefire/surefire_06273466061911542204tmp, java.home=/usr/lib/jvm/java-8-oracle/jre, sun.arch.data.model=64, user.language=en, java.specification.vendor=Oracle Corporation, awt.toolkit=sun.awt.X11.XToolkit, java.vm.info=mixed mode, java.version=1.8.0_161, java.ext.dirs=/usr/lib/jvm/java-8-oracle/jre/lib/ext:/usr/java/packages/lib/ext, sun.boot.class.path=/usr/lib/jvm/java-8-oracle/jre/lib/resources.jar:/usr/lib/jvm/java-8-oracle/jre/lib/rt.jar:/usr/lib/jvm/java-8-oracle/jre/lib/sunrsasign.jar:/usr/lib/jvm/java-8-oracle/jre/lib/jsse.jar:/usr/lib/jvm/java-8-oracle/jre/lib/jce.jar:/usr/lib/jvm/java-8-oracle/jre/lib/charsets.jar:/usr/lib/jvm/java-8-oracle/jre/lib/jfr.jar:/usr/lib/jvm/java-8-oracle/jre/classes, java.vendor=Oracle Corporation, localRepository=/home/java/.m2/repository, file.separator=/, java.vendor.url.bug=http://bugreport.sun.com/bugreport/, sun.io.unicode.encoding=UnicodeLittle, sun.cpu.endian=little, sun.desktop=gnome, sun.cpu.isalist=}}, SystemEnvironmentPropertySource@1337344609 {name='systemEnvironment', properties={PATH=/home/java/bin:/home/java/.local/bin:/home/java/.sdkman/candidates/springboot/current/bin:/home/java/bin:/home/java/.local/bin:/usr/local/sbin:/usr/local/bin:/usr/sbin:/usr/bin:/sbin:/bin:/usr/games:/usr/local/games:/snap/bin:/usr/lib/jvm/java-8-oracle/bin:/usr/lib/jvm/java-8-oracle/db/bin:/usr/lib/jvm/java-8-oracle/jre/bin:/usr/lib/jvm/java-8-oracle/bin:/usr/lib/jvm/java-8-oracle/db/bin:/usr/lib/jvm/java-8-oracle/jre/bin, XAUTHORITY=/home/java/.Xauthority, SDKMAN_VERSION=5.6.2+294, XMODIFIERS=@im=ibus, XDG_DATA_DIRS=/usr/share/ubuntu:/usr/share/gnome:/usr/local/share:/usr/share:/var/lib/snapd/desktop, GDMSESSION=ubuntu, MANDATORY_PATH=/usr/share/gconf/ubuntu.mandatory.path, GTK_IM_MODULE=ibus, DBUS_SESSION_BUS_ADDRESS=unix:abstract=/tmp/dbus-9XBKHDdQE7, DEFAULTS_PATH=/usr/share/gconf/ubuntu.default.path, XDG_CURRENT_DESKTOP=Unity, UPSTART_SESSION=unix:abstract=/com/ubuntu/upstart-session/1000/8458, QT4_IM_MODULE=xim, SDKMAN_DIR=/home/java/.sdkman, SESSION_MANAGER=local/java-LIFEBOOK-E752:@/tmp/.ICE-unix/8686,unix/java-LIFEBOOK-E752:/tmp/.ICE-unix/8686, QT_LINUX_ACCESSIBILITY_ALWAYS_ON=1, LOGNAME=java, JOB=unity-settings-daemon, PWD=/home/java/Downloads/pro-spring-boot-master/ch14/library/rest, DERBY_HOME=/usr/lib/jvm/java-8-oracle/db, IM_CONFIG_PHASE=1, SPRINGBOOT_HOME=/home/java/.sdkman/candidates/springboot/current, LANGUAGE=en_US, SHELL=/bin/bash, LESSOPEN=| /usr/bin/lesspipe %s, UNITY_HAS_3D_SUPPORT=true, GIO_LAUNCHED_DESKTOP_FILE=/home/java/.local/share/applications/jetbrains-idea.desktop, GTK2_MODULES=overlay-scrollbar, INSTANCE=, J2SDKDIR=/usr/lib/jvm/java-8-oracle, OLDPWD=/home/java/Downloads/pro-spring-boot-master/ch14/library/rest, GNOME_DESKTOP_SESSION_ID=this-is-deprecated, UPSTART_INSTANCE=, GTK_MODULES=gail:atk-bridge:unity-gtk-module, J2REDIR=/usr/lib/jvm/java-8-oracle/jre, CLUTTER_IM_MODULE=xim, XDG_SESSION_PATH=/org/freedesktop/DisplayManager/Session0, COMPIZ_BIN_PATH=/usr/bin/, SESSIONTYPE=gnome-session, LS_COLORS=rs=0:di=01;34:ln=01;36:mh=00:pi=40;33:so=01;35:do=01;35:bd=40;33;01:cd=40;33;01:or=40;31;01:mi=00:su=37;41:sg=30;43:ca=30;41:tw=30;42:ow=34;42:st=37;44:ex=01;32:*.tar=01;31:*.tgz=01;31:*.arc=01;31:*.arj=01;31:*.taz=01;31:*.lha=01;31:*.lz4=01;31:*.lzh=01;31:*.lzma=01;31:*.tlz=01;31:*.txz=01;31:*.tzo=01;31:*.t7z=01;31:*.zip=01;31:*.z=01;31:*.Z=01;31:*.dz=01;31:*.gz=01;31:*.lrz=01;31:*.lz=01;31:*.lzo=01;31:*.xz=01;31:*.bz2=01;31:*.bz=01;31:*.tbz=01;31:*.tbz2=01;31:*.tz=01;31:*.deb=01;31:*.rpm=01;31:*.jar=01;31:*.war=01;31:*.ear=01;31:*.sar=01;31:*.rar=01;31:*.alz=01;31:*.ace=01;31:*.zoo=01;31:*.cpio=01;31:*.7z=01;31:*.rz=01;31:*.cab=01;31:*.jpg=01;35:*.jpeg=01;35:*.gif=01;35:*.bmp=01;35:*.pbm=01;35:*.pgm=01;35:*.ppm=01;35:*.tga=01;35:*.xbm=01;35:*.xpm=01;35:*.tif=01;35:*.tiff=01;35:*.png=01;35:*.svg=01;35:*.svgz=01;35:*.mng=01;35:*.pcx=01;35:*.mov=01;35:*.mpg=01;35:*.mpeg=01;35:*.m2v=01;35:*.mkv=01;35:*.webm=01;35:*.ogm=01;35:*.mp4=01;35:*.m4v=01;35:*.mp4v=01;35:*.vob=01;35:*.qt=01;35:*.nuv=01;35:*.wmv=01;35:*.asf=01;35:*.rm=01;35:*.rmvb=01;35:*.flc=01;35:*.avi=01;35:*.fli=01;35:*.flv=01;35:*.gl=01;35:*.dl=01;35:*.xcf=01;35:*.xwd=01;35:*.yuv=01;35:*.cgm=01;35:*.emf=01;35:*.ogv=01;35:*.ogx=01;35:*.aac=00;36:*.au=00;36:*.flac=00;36:*.m4a=00;36:*.mid=00;36:*.midi=00;36:*.mka=00;36:*.mp3=00;36:*.mpc=00;36:*.ogg=00;36:*.ra=00;36:*.wav=00;36:*.oga=00;36:*.opus=00;36:*.spx=00;36:*.xspf=00;36:, XDG_SESSION_DESKTOP=ubuntu, SDKMAN_CURRENT_API=https://api.sdkman.io/2, SHLVL=1, LESSCLOSE=/usr/bin/lesspipe %s %s, COMPIZ_CONFIG_PROFILE=ubuntu, QT_IM_MODULE=ibus, UPSTART_JOB=unity7, JAVA_HOME=/usr/lib/jvm/java-8-oracle, TERM=xterm-256color, XDG_CONFIG_DIRS=/etc/xdg/xdg-ubuntu:/usr/share/upstart/xdg:/etc/xdg, LANG=en_US.UTF-8, GNOME_KEYRING_CONTROL=, XDG_SEAT_PATH=/org/freedesktop/DisplayManager/Seat0, XDG_SESSION_ID=c2, XDG_SESSION_TYPE=x11, DISPLAY=:0, UNITY_DEFAULT_PROFILE=unity, MAVEN_CMD_LINE_ARGS= clean install, SDKMAN_CANDIDATES_DIR=/home/java/.sdkman/candidates, _=/usr/bin/mvn, SDKMAN_LEGACY_API=https://api.sdkman.io/1, GDM_LANG=en_US, XDG_GREETER_DATA_DIR=/var/lib/lightdm-data/java, UPSTART_EVENTS=xsession started, GPG_AGENT_INFO=/home/java/.gnupg/S.gpg-agent:0:1, MAVEN_PROJECTBASEDIR=/home/java/Downloads/pro-spring-boot-master/ch14/library/rest, DESKTOP_SESSION=ubuntu, SESSION=ubuntu, SDKMAN_PLATFORM=Linux64, USER=java, XDG_MENU_PREFIX=gnome-, GIO_LAUNCHED_DESKTOP_FILE_PID=17111, QT_ACCESSIBILITY=1, SSH_AUTH_SOCK=/run/user/1000/keyring/ssh, XDG_SEAT=seat0, QT_QPA_PLATFORMTHEME=appmenu-qt5, XDG_VTNR=7, XDG_RUNTIME_DIR=/run/user/1000, HOME=/home/java, GNOME_KEYRING_PID=}}]
13:27:04.000 [main] DEBUG org.springframework.core.io.support.PathMatchingResourcePatternResolver - Resolved classpath location [md/esempla/library/rest/controller/] to resources [URL [file:/home/java/Downloads/pro-spring-boot-master/ch14/library/rest/target/test-classes/md/esempla/library/rest/controller/], URL [file:/home/java/Downloads/pro-spring-boot-master/ch14/library/rest/target/classes/md/esempla/library/rest/controller/]]
13:27:04.008 [main] DEBUG org.springframework.core.io.support.PathMatchingResourcePatternResolver - Looking for matching resources in directory tree [/home/java/Downloads/pro-spring-boot-master/ch14/library/rest/target/test-classes/md/esempla/library/rest/controller]
13:27:04.014 [main] DEBUG org.springframework.core.io.support.PathMatchingResourcePatternResolver - Searching directory [/home/java/Downloads/pro-spring-boot-master/ch14/library/rest/target/test-classes/md/esempla/library/rest/controller] for files matching pattern [/home/java/Downloads/pro-spring-boot-master/ch14/library/rest/target/test-classes/md/esempla/library/rest/controller/*.class]
13:27:04.023 [main] DEBUG org.springframework.core.io.support.PathMatchingResourcePatternResolver - Looking for matching resources in directory tree [/home/java/Downloads/pro-spring-boot-master/ch14/library/rest/target/classes/md/esempla/library/rest/controller]
13:27:04.023 [main] DEBUG org.springframework.core.io.support.PathMatchingResourcePatternResolver - Searching directory [/home/java/Downloads/pro-spring-boot-master/ch14/library/rest/target/classes/md/esempla/library/rest/controller] for files matching pattern [/home/java/Downloads/pro-spring-boot-master/ch14/library/rest/target/classes/md/esempla/library/rest/controller/*.class]
13:27:04.032 [main] DEBUG org.springframework.core.io.support.PathMatchingResourcePatternResolver - Resolved location pattern [classpath*:md/esempla/library/rest/controller/*.class] to resources [file [/home/java/Downloads/pro-spring-boot-master/ch14/library/rest/target/test-classes/md/esempla/library/rest/controller/AuhorsRestControllerTest.class], file [/home/java/Downloads/pro-spring-boot-master/ch14/library/rest/target/classes/md/esempla/library/rest/controller/AuhorsRestController.class], file [/home/java/Downloads/pro-spring-boot-master/ch14/library/rest/target/classes/md/esempla/library/rest/controller/BooksBorrowedRestController.class], file [/home/java/Downloads/pro-spring-boot-master/ch14/library/rest/target/classes/md/esempla/library/rest/controller/BooksEditedRestController.class], file [/home/java/Downloads/pro-spring-boot-master/ch14/library/rest/target/classes/md/esempla/library/rest/controller/BooksRestController.class], file [/home/java/Downloads/pro-spring-boot-master/ch14/library/rest/target/classes/md/esempla/library/rest/controller/ClientsRepositoryRestController.class], file [/home/java/Downloads/pro-spring-boot-master/ch14/library/rest/target/classes/md/esempla/library/rest/controller/PublishersRestController.class]]
13:27:04.165 [main] DEBUG org.springframework.core.io.support.PathMatchingResourcePatternResolver - Resolved classpath location [md/esempla/library/rest/] to resources [URL [file:/home/java/Downloads/pro-spring-boot-master/ch14/library/rest/target/test-classes/md/esempla/library/rest/], URL [file:/home/java/Downloads/pro-spring-boot-master/ch14/library/rest/target/classes/md/esempla/library/rest/]]
13:27:04.166 [main] DEBUG org.springframework.core.io.support.PathMatchingResourcePatternResolver - Looking for matching resources in directory tree [/home/java/Downloads/pro-spring-boot-master/ch14/library/rest/target/test-classes/md/esempla/library/rest]
13:27:04.166 [main] DEBUG org.springframework.core.io.support.PathMatchingResourcePatternResolver - Searching directory [/home/java/Downloads/pro-spring-boot-master/ch14/library/rest/target/test-classes/md/esempla/library/rest] for files matching pattern [/home/java/Downloads/pro-spring-boot-master/ch14/library/rest/target/test-classes/md/esempla/library/rest/*.class]
13:27:04.168 [main] DEBUG org.springframework.core.io.support.PathMatchingResourcePatternResolver - Looking for matching resources in directory tree [/home/java/Downloads/pro-spring-boot-master/ch14/library/rest/target/classes/md/esempla/library/rest]
13:27:04.172 [main] DEBUG org.springframework.core.io.support.PathMatchingResourcePatternResolver - Searching directory [/home/java/Downloads/pro-spring-boot-master/ch14/library/rest/target/classes/md/esempla/library/rest] for files matching pattern [/home/java/Downloads/pro-spring-boot-master/ch14/library/rest/target/classes/md/esempla/library/rest/*.class]
13:27:04.173 [main] DEBUG org.springframework.core.io.support.PathMatchingResourcePatternResolver - Resolved location pattern [classpath*:md/esempla/library/rest/*.class] to resources [file [/home/java/Downloads/pro-spring-boot-master/ch14/library/rest/target/classes/md/esempla/library/rest/RestApp.class]]
13:27:04.236 [main] DEBUG org.springframework.context.annotation.ClassPathScanningCandidateComponentProvider - Identified candidate component class: file [/home/java/Downloads/pro-spring-boot-master/ch14/library/rest/target/classes/md/esempla/library/rest/RestApp.class]
13:27:04.239 [main] INFO org.springframework.boot.test.context.SpringBootTestContextBootstrapper - Found @SpringBootConfiguration md.esempla.library.rest.RestApp for test class md.esempla.library.rest.controller.AuhorsRestControllerTest
13:27:04.245 [main] DEBUG org.springframework.boot.test.context.SpringBootTestContextBootstrapper - @TestExecutionListeners is not present for class [md.esempla.library.rest.controller.AuhorsRestControllerTest]: using defaults.
13:27:04.249 [main] INFO org.springframework.boot.test.context.SpringBootTestContextBootstrapper - Loaded default TestExecutionListener class names from location [META-INF/spring.factories]: [org.springframework.boot.test.mock.mockito.MockitoTestExecutionListener, org.springframework.boot.test.mock.mockito.ResetMocksTestExecutionListener, org.springframework.boot.test.autoconfigure.restdocs.RestDocsTestExecutionListener, org.springframework.boot.test.autoconfigure.web.client.MockRestServiceServerResetTestExecutionListener, org.springframework.boot.test.autoconfigure.web.servlet.MockMvcPrintOnlyOnFailureTestExecutionListener, org.springframework.boot.test.autoconfigure.web.servlet.WebDriverTestExecutionListener, org.springframework.test.context.web.ServletTestExecutionListener, org.springframework.test.context.support.DirtiesContextBeforeModesTestExecutionListener, org.springframework.test.context.support.DependencyInjectionTestExecutionListener, org.springframework.test.context.support.DirtiesContextTestExecutionListener, org.springframework.test.context.transaction.TransactionalTestExecutionListener, org.springframework.test.context.jdbc.SqlScriptsTestExecutionListener]
13:27:04.284 [main] INFO org.springframework.boot.test.context.SpringBootTestContextBootstrapper - Using TestExecutionListeners: [org.springframework.test.context.web.ServletTestExecutionListener@79ad8b2f, org.springframework.test.context.support.DirtiesContextBeforeModesTestExecutionListener@1df82230, org.springframework.boot.test.autoconfigure.SpringBootDependencyInjectionTestExecutionListener@22635ba0, org.springframework.test.context.support.DirtiesContextTestExecutionListener@13c10b87, org.springframework.test.context.transaction.TransactionalTestExecutionListener@6a01e23, org.springframework.test.context.jdbc.SqlScriptsTestExecutionListener@5a955565, org.springframework.boot.test.mock.mockito.MockitoTestExecutionListener@6293abcc, org.springframework.boot.test.mock.mockito.ResetMocksTestExecutionListener@7995092a, org.springframework.boot.test.autoconfigure.restdocs.RestDocsTestExecutionListener@7fc2413d, org.springframework.boot.test.autoconfigure.web.client.MockRestServiceServerResetTestExecutionListener@f8c1ddd, org.springframework.boot.test.autoconfigure.web.servlet.MockMvcPrintOnlyOnFailureTestExecutionListener@70be0a2b, org.springframework.boot.test.autoconfigure.web.servlet.WebDriverTestExecutionListener@2133814f]
13:27:04.289 [main] DEBUG org.springframework.test.annotation.ProfileValueUtils - Retrieved @ProfileValueSourceConfiguration [null] for test class [md.esempla.library.rest.controller.AuhorsRestControllerTest]
13:27:04.290 [main] DEBUG org.springframework.test.annotation.ProfileValueUtils - Retrieved ProfileValueSource type [class org.springframework.test.annotation.SystemProfileValueSource] for class [md.esempla.library.rest.controller.AuhorsRestControllerTest]
13:27:04.302 [main] DEBUG org.springframework.test.context.junit4.SpringJUnit4ClassRunner - SpringJUnit4ClassRunner constructor called with [class md.esempla.library.rest.controller.AuhorsRestControllerTest]
13:27:04.303 [main] DEBUG org.springframework.test.context.BootstrapUtils - Instantiating CacheAwareContextLoaderDelegate from class [org.springframework.test.context.cache.DefaultCacheAwareContextLoaderDelegate]
13:27:04.304 [main] DEBUG org.springframework.test.context.BootstrapUtils - Instantiating BootstrapContext using constructor [public org.springframework.test.context.support.DefaultBootstrapContext(java.lang.Class,org.springframework.test.context.CacheAwareContextLoaderDelegate)]
13:27:04.307 [main] DEBUG org.springframework.test.context.BootstrapUtils - Instantiating TestContextBootstrapper for test class [md.esempla.library.rest.controller.AuhorsRestControllerTest] from class [org.springframework.boot.test.context.SpringBootTestContextBootstrapper]
13:27:04.308 [main] INFO org.springframework.boot.test.context.SpringBootTestContextBootstrapper - Neither @ContextConfiguration nor @ContextHierarchy found for test class [md.esempla.library.rest.controller.AuhorsRestControllerTest], using SpringBootContextLoader
13:27:04.310 [main] DEBUG org.springframework.test.context.support.AbstractContextLoader - Did not detect default resource location for test class [md.esempla.library.rest.controller.AuhorsRestControllerTest]: class path resource [md/esempla/library/rest/controller/AuhorsRestControllerTest-context.xml] does not exist
13:27:04.311 [main] DEBUG org.springframework.test.context.support.AbstractContextLoader - Did not detect default resource location for test class [md.esempla.library.rest.controller.AuhorsRestControllerTest]: class path resource [md/esempla/library/rest/controller/AuhorsRestControllerTestContext.groovy] does not exist
13:27:04.311 [main] INFO org.springframework.test.context.support.AbstractContextLoader - Could not detect default resource locations for test class [md.esempla.library.rest.controller.AuhorsRestControllerTest]: no resource found for suffixes {-context.xml, Context.groovy}.
13:27:04.311 [main] INFO org.springframework.test.context.support.AnnotationConfigContextLoaderUtils - Could not detect default configuration classes for test class [md.esempla.library.rest.controller.AuhorsRestControllerTest]: AuhorsRestControllerTest does not declare any static, non-private, non-final, nested classes annotated with @Configuration.
13:27:04.325 [main] DEBUG org.springframework.test.context.support.ActiveProfilesUtils - Could not find an 'annotation declaring class' for annotation type [org.springframework.test.context.ActiveProfiles] and class [md.esempla.library.rest.controller.AuhorsRestControllerTest]
13:27:04.325 [main] DEBUG org.springframework.core.env.StandardEnvironment - Adding PropertySource 'systemProperties' with lowest search precedence
13:27:04.325 [main] DEBUG org.springframework.core.env.StandardEnvironment - Adding PropertySource 'systemEnvironment' with lowest search precedence
13:27:04.328 [main] DEBUG org.springframework.core.env.StandardEnvironment - Initialized StandardEnvironment with PropertySources [MapPropertySource@665726928 {name='systemProperties', properties={java.runtime.name=Java(TM) SE Runtime Environment, sun.boot.library.path=/usr/lib/jvm/java-8-oracle/jre/lib/amd64, java.vm.version=25.161-b12, java.vm.vendor=Oracle Corporation, java.vendor.url=http://java.oracle.com/, path.separator=:, java.vm.name=Java HotSpot(TM) 64-Bit Server VM, file.encoding.pkg=sun.io, user.country=US, sun.java.launcher=SUN_STANDARD, sun.os.patch.level=unknown, java.vm.specification.name=Java Virtual Machine Specification, user.dir=/home/java/Downloads/pro-spring-boot-master/ch14/library/rest, java.runtime.version=1.8.0_161-b12, basedir=/home/java/Downloads/pro-spring-boot-master/ch14/library/rest, java.awt.graphicsenv=sun.awt.X11GraphicsEnvironment, java.endorsed.dirs=/usr/lib/jvm/java-8-oracle/jre/lib/endorsed, os.arch=amd64, surefire.real.class.path=/home/java/Downloads/pro-spring-boot-master/ch14/library/rest/target/surefire/surefirebooter1726677801631483921.jar, java.io.tmpdir=/tmp, line.separator=
, java.vm.specification.vendor=Oracle Corporation, os.name=Linux, sun.jnu.encoding=UTF-8, java.library.path=/usr/java/packages/lib/amd64:/usr/lib64:/lib64:/lib:/usr/lib, surefire.test.class.path=/home/java/Downloads/pro-spring-boot-master/ch14/library/rest/target/test-classes:/home/java/Downloads/pro-spring-boot-master/ch14/library/rest/target/classes:/home/java/.m2/repository/org/springframework/boot/spring-boot-starter-web/1.5.10.RELEASE/spring-boot-starter-web-1.5.10.RELEASE.jar:/home/java/.m2/repository/org/springframework/boot/spring-boot-starter/1.5.10.RELEASE/spring-boot-starter-1.5.10.RELEASE.jar:/home/java/.m2/repository/org/springframework/boot/spring-boot/1.5.10.RELEASE/spring-boot-1.5.10.RELEASE.jar:/home/java/.m2/repository/org/springframework/boot/spring-boot-autoconfigure/1.5.10.RELEASE/spring-boot-autoconfigure-1.5.10.RELEASE.jar:/home/java/.m2/repository/org/springframework/boot/spring-boot-starter-logging/1.5.10.RELEASE/spring-boot-starter-logging-1.5.10.RELEASE.jar:/home/java/.m2/repository/ch/qos/logback/logback-classic/1.1.11/logback-classic-1.1.11.jar:/home/java/.m2/repository/ch/qos/logback/logback-core/1.1.11/logback-core-1.1.11.jar:/home/java/.m2/repository/org/slf4j/jcl-over-slf4j/1.7.25/jcl-over-slf4j-1.7.25.jar:/home/java/.m2/repository/org/slf4j/jul-to-slf4j/1.7.25/jul-to-slf4j-1.7.25.jar:/home/java/.m2/repository/org/slf4j/log4j-over-slf4j/1.7.25/log4j-over-slf4j-1.7.25.jar:/home/java/.m2/repository/org/yaml/snakeyaml/1.17/snakeyaml-1.17.jar:/home/java/.m2/repository/org/springframework/boot/spring-boot-starter-tomcat/1.5.10.RELEASE/spring-boot-starter-tomcat-1.5.10.RELEASE.jar:/home/java/.m2/repository/org/apache/tomcat/embed/tomcat-embed-core/8.5.27/tomcat-embed-core-8.5.27.jar:/home/java/.m2/repository/org/apache/tomcat/tomcat-annotations-api/8.5.27/tomcat-annotations-api-8.5.27.jar:/home/java/.m2/repository/org/apache/tomcat/embed/tomcat-embed-el/8.5.27/tomcat-embed-el-8.5.27.jar:/home/java/.m2/repository/org/apache/tomcat/embed/tomcat-embed-websocket/8.5.27/tomcat-embed-websocket-8.5.27.jar:/home/java/.m2/repository/org/hibernate/hibernate-validator/5.3.6.Final/hibernate-validator-5.3.6.Final.jar:/home/java/.m2/repository/javax/validation/validation-api/1.1.0.Final/validation-api-1.1.0.Final.jar:/home/java/.m2/repository/org/jboss/logging/jboss-logging/3.3.1.Final/jboss-logging-3.3.1.Final.jar:/home/java/.m2/repository/com/fasterxml/classmate/1.3.4/classmate-1.3.4.jar:/home/java/.m2/repository/com/fasterxml/jackson/core/jackson-databind/2.8.10/jackson-databind-2.8.10.jar:/home/java/.m2/repository/com/fasterxml/jackson/core/jackson-annotations/2.8.0/jackson-annotations-2.8.0.jar:/home/java/.m2/repository/com/fasterxml/jackson/core/jackson-core/2.8.10/jackson-core-2.8.10.jar:/home/java/.m2/repository/org/springframework/spring-web/4.3.14.RELEASE/spring-web-4.3.14.RELEASE.jar:/home/java/.m2/repository/org/springframework/spring-aop/4.3.14.RELEASE/spring-aop-4.3.14.RELEASE.jar:/home/java/.m2/repository/org/springframework/spring-beans/4.3.14.RELEASE/spring-beans-4.3.14.RELEASE.jar:/home/java/.m2/repository/org/springframework/spring-context/4.3.14.RELEASE/spring-context-4.3.14.RELEASE.jar:/home/java/.m2/repository/org/springframework/spring-webmvc/4.3.14.RELEASE/spring-webmvc-4.3.14.RELEASE.jar:/home/java/.m2/repository/org/springframework/spring-expression/4.3.14.RELEASE/spring-expression-4.3.14.RELEASE.jar:/home/java/.m2/repository/md/esempla/data/0.0.1-SNAPSHOT/data-0.0.1-SNAPSHOT.jar:/home/java/.m2/repository/org/postgresql/postgresql/9.4.1212.jre7/postgresql-9.4.1212.jre7.jar:/home/java/.m2/repository/org/springframework/boot/spring-boot-starter-data-jpa/1.5.10.RELEASE/spring-boot-starter-data-jpa-1.5.10.RELEASE.jar:/home/java/.m2/repository/org/springframework/boot/spring-boot-starter-aop/1.5.10.RELEASE/spring-boot-starter-aop-1.5.10.RELEASE.jar:/home/java/.m2/repository/org/aspectj/aspectjweaver/1.8.13/aspectjweaver-1.8.13.jar:/home/java/.m2/repository/org/springframework/boot/spring-boot-starter-jdbc/1.5.10.RELEASE/spring-boot-starter-jdbc-1.5.10.RELEASE.jar:/home/java/.m2/repository/org/apache/tomcat/tomcat-jdbc/8.5.27/tomcat-jdbc-8.5.27.jar:/home/java/.m2/repository/org/apache/tomcat/tomcat-juli/8.5.27/tomcat-juli-8.5.27.jar:/home/java/.m2/repository/org/springframework/spring-jdbc/4.3.14.RELEASE/spring-jdbc-4.3.14.RELEASE.jar:/home/java/.m2/repository/org/hibernate/hibernate-core/5.0.12.Final/hibernate-core-5.0.12.Final.jar:/home/java/.m2/repository/org/hibernate/javax/persistence/hibernate-jpa-2.1-api/1.0.0.Final/hibernate-jpa-2.1-api-1.0.0.Final.jar:/home/java/.m2/repository/org/javassist/javassist/3.21.0-GA/javassist-3.21.0-GA.jar:/home/java/.m2/repository/antlr/antlr/2.7.7/antlr-2.7.7.jar:/home/java/.m2/repository/org/jboss/jandex/2.0.0.Final/jandex-2.0.0.Final.jar:/home/java/.m2/repository/dom4j/dom4j/1.6.1/dom4j-1.6.1.jar:/home/java/.m2/repository/org/hibernate/common/hibernate-commons-annotations/5.0.1.Final/hibernate-commons-annotations-5.0.1.Final.jar:/home/java/.m2/repository/org/hibernate/hibernate-entitymanager/5.0.12.Final/hibernate-entitymanager-5.0.12.Final.jar:/home/java/.m2/repository/javax/transaction/javax.transaction-api/1.2/javax.transaction-api-1.2.jar:/home/java/.m2/repository/org/springframework/data/spring-data-jpa/1.11.10.RELEASE/spring-data-jpa-1.11.10.RELEASE.jar:/home/java/.m2/repository/org/springframework/data/spring-data-commons/1.13.10.RELEASE/spring-data-commons-1.13.10.RELEASE.jar:/home/java/.m2/repository/org/springframework/spring-orm/4.3.14.RELEASE/spring-orm-4.3.14.RELEASE.jar:/home/java/.m2/repository/org/springframework/spring-tx/4.3.14.RELEASE/spring-tx-4.3.14.RELEASE.jar:/home/java/.m2/repository/org/springframework/spring-aspects/4.3.14.RELEASE/spring-aspects-4.3.14.RELEASE.jar:/home/java/.m2/repository/org/apache/httpcomponents/httpclient/4.3.1/httpclient-4.3.1.jar:/home/java/.m2/repository/org/apache/httpcomponents/httpcore/4.4.9/httpcore-4.4.9.jar:/home/java/.m2/repository/commons-codec/commons-codec/1.10/commons-codec-1.10.jar:/home/java/.m2/repository/com/h2database/h2/1.4.196/h2-1.4.196.jar:/home/java/.m2/repository/org/projectlombok/lombok/1.16.20/lombok-1.16.20.jar:/home/java/.m2/repository/org/springframework/boot/spring-boot-starter-test/1.5.10.RELEASE/spring-boot-starter-test-1.5.10.RELEASE.jar:/home/java/.m2/repository/org/springframework/boot/spring-boot-test/1.5.10.RELEASE/spring-boot-test-1.5.10.RELEASE.jar:/home/java/.m2/repository/org/springframework/boot/spring-boot-test-autoconfigure/1.5.10.RELEASE/spring-boot-test-autoconfigure-1.5.10.RELEASE.jar:/home/java/.m2/repository/com/jayway/jsonpath/json-path/2.2.0/json-path-2.2.0.jar:/home/java/.m2/repository/net/minidev/json-smart/2.2.1/json-smart-2.2.1.jar:/home/java/.m2/repository/net/minidev/accessors-smart/1.1/accessors-smart-1.1.jar:/home/java/.m2/repository/org/ow2/asm/asm/5.0.3/asm-5.0.3.jar:/home/java/.m2/repository/org/slf4j/slf4j-api/1.7.25/slf4j-api-1.7.25.jar:/home/java/.m2/repository/junit/junit/4.12/junit-4.12.jar:/home/java/.m2/repository/org/mockito/mockito-core/1.10.19/mockito-core-1.10.19.jar:/home/java/.m2/repository/org/objenesis/objenesis/2.1/objenesis-2.1.jar:/home/java/.m2/repository/org/hamcrest/hamcrest-core/1.3/hamcrest-core-1.3.jar:/home/java/.m2/repository/org/hamcrest/hamcrest-library/1.3/hamcrest-library-1.3.jar:/home/java/.m2/repository/org/skyscreamer/jsonassert/1.4.0/jsonassert-1.4.0.jar:/home/java/.m2/repository/com/vaadin/external/google/android-json/0.0.20131108.vaadin1/android-json-0.0.20131108.vaadin1.jar:/home/java/.m2/repository/org/springframework/spring-core/4.3.14.RELEASE/spring-core-4.3.14.RELEASE.jar:/home/java/.m2/repository/org/springframework/spring-test/4.3.14.RELEASE/spring-test-4.3.14.RELEASE.jar:/home/java/.m2/repository/org/assertj/assertj-core/3.8.0/assertj-core-3.8.0.jar:, java.specification.name=Java Platform API Specification, java.class.version=52.0, sun.management.compiler=HotSpot 64-Bit Tiered Compilers, os.version=4.13.0-38-generic, user.home=/home/java, user.timezone=Europe/Chisinau, java.awt.printerjob=sun.print.PSPrinterJob, file.encoding=UTF-8, java.specification.version=1.8, java.class.path=/home/java/Downloads/pro-spring-boot-master/ch14/library/rest/target/test-classes:/home/java/Downloads/pro-spring-boot-master/ch14/library/rest/target/classes:/home/java/.m2/repository/org/springframework/boot/spring-boot-starter-web/1.5.10.RELEASE/spring-boot-starter-web-1.5.10.RELEASE.jar:/home/java/.m2/repository/org/springframework/boot/spring-boot-starter/1.5.10.RELEASE/spring-boot-starter-1.5.10.RELEASE.jar:/home/java/.m2/repository/org/springframework/boot/spring-boot/1.5.10.RELEASE/spring-boot-1.5.10.RELEASE.jar:/home/java/.m2/repository/org/springframework/boot/spring-boot-autoconfigure/1.5.10.RELEASE/spring-boot-autoconfigure-1.5.10.RELEASE.jar:/home/java/.m2/repository/org/springframework/boot/spring-boot-starter-logging/1.5.10.RELEASE/spring-boot-starter-logging-1.5.10.RELEASE.jar:/home/java/.m2/repository/ch/qos/logback/logback-classic/1.1.11/logback-classic-1.1.11.jar:/home/java/.m2/repository/ch/qos/logback/logback-core/1.1.11/logback-core-1.1.11.jar:/home/java/.m2/repository/org/slf4j/jcl-over-slf4j/1.7.25/jcl-over-slf4j-1.7.25.jar:/home/java/.m2/repository/org/slf4j/jul-to-slf4j/1.7.25/jul-to-slf4j-1.7.25.jar:/home/java/.m2/repository/org/slf4j/log4j-over-slf4j/1.7.25/log4j-over-slf4j-1.7.25.jar:/home/java/.m2/repository/org/yaml/snakeyaml/1.17/snakeyaml-1.17.jar:/home/java/.m2/repository/org/springframework/boot/spring-boot-starter-tomcat/1.5.10.RELEASE/spring-boot-starter-tomcat-1.5.10.RELEASE.jar:/home/java/.m2/repository/org/apache/tomcat/embed/tomcat-embed-core/8.5.27/tomcat-embed-core-8.5.27.jar:/home/java/.m2/repository/org/apache/tomcat/tomcat-annotations-api/8.5.27/tomcat-annotations-api-8.5.27.jar:/home/java/.m2/repository/org/apache/tomcat/embed/tomcat-embed-el/8.5.27/tomcat-embed-el-8.5.27.jar:/home/java/.m2/repository/org/apache/tomcat/embed/tomcat-embed-websocket/8.5.27/tomcat-embed-websocket-8.5.27.jar:/home/java/.m2/repository/org/hibernate/hibernate-validator/5.3.6.Final/hibernate-validator-5.3.6.Final.jar:/home/java/.m2/repository/javax/validation/validation-api/1.1.0.Final/validation-api-1.1.0.Final.jar:/home/java/.m2/repository/org/jboss/logging/jboss-logging/3.3.1.Final/jboss-logging-3.3.1.Final.jar:/home/java/.m2/repository/com/fasterxml/classmate/1.3.4/classmate-1.3.4.jar:/home/java/.m2/repository/com/fasterxml/jackson/core/jackson-databind/2.8.10/jackson-databind-2.8.10.jar:/home/java/.m2/repository/com/fasterxml/jackson/core/jackson-annotations/2.8.0/jackson-annotations-2.8.0.jar:/home/java/.m2/repository/com/fasterxml/jackson/core/jackson-core/2.8.10/jackson-core-2.8.10.jar:/home/java/.m2/repository/org/springframework/spring-web/4.3.14.RELEASE/spring-web-4.3.14.RELEASE.jar:/home/java/.m2/repository/org/springframework/spring-aop/4.3.14.RELEASE/spring-aop-4.3.14.RELEASE.jar:/home/java/.m2/repository/org/springframework/spring-beans/4.3.14.RELEASE/spring-beans-4.3.14.RELEASE.jar:/home/java/.m2/repository/org/springframework/spring-context/4.3.14.RELEASE/spring-context-4.3.14.RELEASE.jar:/home/java/.m2/repository/org/springframework/spring-webmvc/4.3.14.RELEASE/spring-webmvc-4.3.14.RELEASE.jar:/home/java/.m2/repository/org/springframework/spring-expression/4.3.14.RELEASE/spring-expression-4.3.14.RELEASE.jar:/home/java/.m2/repository/md/esempla/data/0.0.1-SNAPSHOT/data-0.0.1-SNAPSHOT.jar:/home/java/.m2/repository/org/postgresql/postgresql/9.4.1212.jre7/postgresql-9.4.1212.jre7.jar:/home/java/.m2/repository/org/springframework/boot/spring-boot-starter-data-jpa/1.5.10.RELEASE/spring-boot-starter-data-jpa-1.5.10.RELEASE.jar:/home/java/.m2/repository/org/springframework/boot/spring-boot-starter-aop/1.5.10.RELEASE/spring-boot-starter-aop-1.5.10.RELEASE.jar:/home/java/.m2/repository/org/aspectj/aspectjweaver/1.8.13/aspectjweaver-1.8.13.jar:/home/java/.m2/repository/org/springframework/boot/spring-boot-starter-jdbc/1.5.10.RELEASE/spring-boot-starter-jdbc-1.5.10.RELEASE.jar:/home/java/.m2/repository/org/apache/tomcat/tomcat-jdbc/8.5.27/tomcat-jdbc-8.5.27.jar:/home/java/.m2/repository/org/apache/tomcat/tomcat-juli/8.5.27/tomcat-juli-8.5.27.jar:/home/java/.m2/repository/org/springframework/spring-jdbc/4.3.14.RELEASE/spring-jdbc-4.3.14.RELEASE.jar:/home/java/.m2/repository/org/hibernate/hibernate-core/5.0.12.Final/hibernate-core-5.0.12.Final.jar:/home/java/.m2/repository/org/hibernate/javax/persistence/hibernate-jpa-2.1-api/1.0.0.Final/hibernate-jpa-2.1-api-1.0.0.Final.jar:/home/java/.m2/repository/org/javassist/javassist/3.21.0-GA/javassist-3.21.0-GA.jar:/home/java/.m2/repository/antlr/antlr/2.7.7/antlr-2.7.7.jar:/home/java/.m2/repository/org/jboss/jandex/2.0.0.Final/jandex-2.0.0.Final.jar:/home/java/.m2/repository/dom4j/dom4j/1.6.1/dom4j-1.6.1.jar:/home/java/.m2/repository/org/hibernate/common/hibernate-commons-annotations/5.0.1.Final/hibernate-commons-annotations-5.0.1.Final.jar:/home/java/.m2/repository/org/hibernate/hibernate-entitymanager/5.0.12.Final/hibernate-entitymanager-5.0.12.Final.jar:/home/java/.m2/repository/javax/transaction/javax.transaction-api/1.2/javax.transaction-api-1.2.jar:/home/java/.m2/repository/org/springframework/data/spring-data-jpa/1.11.10.RELEASE/spring-data-jpa-1.11.10.RELEASE.jar:/home/java/.m2/repository/org/springframework/data/spring-data-commons/1.13.10.RELEASE/spring-data-commons-1.13.10.RELEASE.jar:/home/java/.m2/repository/org/springframework/spring-orm/4.3.14.RELEASE/spring-orm-4.3.14.RELEASE.jar:/home/java/.m2/repository/org/springframework/spring-tx/4.3.14.RELEASE/spring-tx-4.3.14.RELEASE.jar:/home/java/.m2/repository/org/springframework/spring-aspects/4.3.14.RELEASE/spring-aspects-4.3.14.RELEASE.jar:/home/java/.m2/repository/org/apache/httpcomponents/httpclient/4.3.1/httpclient-4.3.1.jar:/home/java/.m2/repository/org/apache/httpcomponents/httpcore/4.4.9/httpcore-4.4.9.jar:/home/java/.m2/repository/commons-codec/commons-codec/1.10/commons-codec-1.10.jar:/home/java/.m2/repository/com/h2database/h2/1.4.196/h2-1.4.196.jar:/home/java/.m2/repository/org/projectlombok/lombok/1.16.20/lombok-1.16.20.jar:/home/java/.m2/repository/org/springframework/boot/spring-boot-starter-test/1.5.10.RELEASE/spring-boot-starter-test-1.5.10.RELEASE.jar:/home/java/.m2/repository/org/springframework/boot/spring-boot-test/1.5.10.RELEASE/spring-boot-test-1.5.10.RELEASE.jar:/home/java/.m2/repository/org/springframework/boot/spring-boot-test-autoconfigure/1.5.10.RELEASE/spring-boot-test-autoconfigure-1.5.10.RELEASE.jar:/home/java/.m2/repository/com/jayway/jsonpath/json-path/2.2.0/json-path-2.2.0.jar:/home/java/.m2/repository/net/minidev/json-smart/2.2.1/json-smart-2.2.1.jar:/home/java/.m2/repository/net/minidev/accessors-smart/1.1/accessors-smart-1.1.jar:/home/java/.m2/repository/org/ow2/asm/asm/5.0.3/asm-5.0.3.jar:/home/java/.m2/repository/org/slf4j/slf4j-api/1.7.25/slf4j-api-1.7.25.jar:/home/java/.m2/repository/junit/junit/4.12/junit-4.12.jar:/home/java/.m2/repository/org/mockito/mockito-core/1.10.19/mockito-core-1.10.19.jar:/home/java/.m2/repository/org/objenesis/objenesis/2.1/objenesis-2.1.jar:/home/java/.m2/repository/org/hamcrest/hamcrest-core/1.3/hamcrest-core-1.3.jar:/home/java/.m2/repository/org/hamcrest/hamcrest-library/1.3/hamcrest-library-1.3.jar:/home/java/.m2/repository/org/skyscreamer/jsonassert/1.4.0/jsonassert-1.4.0.jar:/home/java/.m2/repository/com/vaadin/external/google/android-json/0.0.20131108.vaadin1/android-json-0.0.20131108.vaadin1.jar:/home/java/.m2/repository/org/springframework/spring-core/4.3.14.RELEASE/spring-core-4.3.14.RELEASE.jar:/home/java/.m2/repository/org/springframework/spring-test/4.3.14.RELEASE/spring-test-4.3.14.RELEASE.jar:/home/java/.m2/repository/org/assertj/assertj-core/3.8.0/assertj-core-3.8.0.jar:, user.name=java, java.vm.specification.version=1.8, sun.java.command=/home/java/Downloads/pro-spring-boot-master/ch14/library/rest/target/surefire/surefirebooter1726677801631483921.jar /home/java/Downloads/pro-spring-boot-master/ch14/library/rest/target/surefire/surefire5226162103251425072tmp /home/java/Downloads/pro-spring-boot-master/ch14/library/rest/target/surefire/surefire_06273466061911542204tmp, java.home=/usr/lib/jvm/java-8-oracle/jre, sun.arch.data.model=64, user.language=en, java.specification.vendor=Oracle Corporation, awt.toolkit=sun.awt.X11.XToolkit, java.vm.info=mixed mode, java.version=1.8.0_161, java.ext.dirs=/usr/lib/jvm/java-8-oracle/jre/lib/ext:/usr/java/packages/lib/ext, sun.boot.class.path=/usr/lib/jvm/java-8-oracle/jre/lib/resources.jar:/usr/lib/jvm/java-8-oracle/jre/lib/rt.jar:/usr/lib/jvm/java-8-oracle/jre/lib/sunrsasign.jar:/usr/lib/jvm/java-8-oracle/jre/lib/jsse.jar:/usr/lib/jvm/java-8-oracle/jre/lib/jce.jar:/usr/lib/jvm/java-8-oracle/jre/lib/charsets.jar:/usr/lib/jvm/java-8-oracle/jre/lib/jfr.jar:/usr/lib/jvm/java-8-oracle/jre/classes, java.vendor=Oracle Corporation, localRepository=/home/java/.m2/repository, file.separator=/, java.vendor.url.bug=http://bugreport.sun.com/bugreport/, sun.io.unicode.encoding=UnicodeLittle, sun.cpu.endian=little, sun.desktop=gnome, sun.cpu.isalist=}}, SystemEnvironmentPropertySource@689401025 {name='systemEnvironment', properties={PATH=/home/java/bin:/home/java/.local/bin:/home/java/.sdkman/candidates/springboot/current/bin:/home/java/bin:/home/java/.local/bin:/usr/local/sbin:/usr/local/bin:/usr/sbin:/usr/bin:/sbin:/bin:/usr/games:/usr/local/games:/snap/bin:/usr/lib/jvm/java-8-oracle/bin:/usr/lib/jvm/java-8-oracle/db/bin:/usr/lib/jvm/java-8-oracle/jre/bin:/usr/lib/jvm/java-8-oracle/bin:/usr/lib/jvm/java-8-oracle/db/bin:/usr/lib/jvm/java-8-oracle/jre/bin, XAUTHORITY=/home/java/.Xauthority, SDKMAN_VERSION=5.6.2+294, XMODIFIERS=@im=ibus, XDG_DATA_DIRS=/usr/share/ubuntu:/usr/share/gnome:/usr/local/share:/usr/share:/var/lib/snapd/desktop, GDMSESSION=ubuntu, MANDATORY_PATH=/usr/share/gconf/ubuntu.mandatory.path, GTK_IM_MODULE=ibus, DBUS_SESSION_BUS_ADDRESS=unix:abstract=/tmp/dbus-9XBKHDdQE7, DEFAULTS_PATH=/usr/share/gconf/ubuntu.default.path, XDG_CURRENT_DESKTOP=Unity, UPSTART_SESSION=unix:abstract=/com/ubuntu/upstart-session/1000/8458, QT4_IM_MODULE=xim, SDKMAN_DIR=/home/java/.sdkman, SESSION_MANAGER=local/java-LIFEBOOK-E752:@/tmp/.ICE-unix/8686,unix/java-LIFEBOOK-E752:/tmp/.ICE-unix/8686, QT_LINUX_ACCESSIBILITY_ALWAYS_ON=1, LOGNAME=java, JOB=unity-settings-daemon, PWD=/home/java/Downloads/pro-spring-boot-master/ch14/library/rest, DERBY_HOME=/usr/lib/jvm/java-8-oracle/db, IM_CONFIG_PHASE=1, SPRINGBOOT_HOME=/home/java/.sdkman/candidates/springboot/current, LANGUAGE=en_US, SHELL=/bin/bash, LESSOPEN=| /usr/bin/lesspipe %s, UNITY_HAS_3D_SUPPORT=true, GIO_LAUNCHED_DESKTOP_FILE=/home/java/.local/share/applications/jetbrains-idea.desktop, GTK2_MODULES=overlay-scrollbar, INSTANCE=, J2SDKDIR=/usr/lib/jvm/java-8-oracle, OLDPWD=/home/java/Downloads/pro-spring-boot-master/ch14/library/rest, GNOME_DESKTOP_SESSION_ID=this-is-deprecated, UPSTART_INSTANCE=, GTK_MODULES=gail:atk-bridge:unity-gtk-module, J2REDIR=/usr/lib/jvm/java-8-oracle/jre, CLUTTER_IM_MODULE=xim, XDG_SESSION_PATH=/org/freedesktop/DisplayManager/Session0, COMPIZ_BIN_PATH=/usr/bin/, SESSIONTYPE=gnome-session, LS_COLORS=rs=0:di=01;34:ln=01;36:mh=00:pi=40;33:so=01;35:do=01;35:bd=40;33;01:cd=40;33;01:or=40;31;01:mi=00:su=37;41:sg=30;43:ca=30;41:tw=30;42:ow=34;42:st=37;44:ex=01;32:*.tar=01;31:*.tgz=01;31:*.arc=01;31:*.arj=01;31:*.taz=01;31:*.lha=01;31:*.lz4=01;31:*.lzh=01;31:*.lzma=01;31:*.tlz=01;31:*.txz=01;31:*.tzo=01;31:*.t7z=01;31:*.zip=01;31:*.z=01;31:*.Z=01;31:*.dz=01;31:*.gz=01;31:*.lrz=01;31:*.lz=01;31:*.lzo=01;31:*.xz=01;31:*.bz2=01;31:*.bz=01;31:*.tbz=01;31:*.tbz2=01;31:*.tz=01;31:*.deb=01;31:*.rpm=01;31:*.jar=01;31:*.war=01;31:*.ear=01;31:*.sar=01;31:*.rar=01;31:*.alz=01;31:*.ace=01;31:*.zoo=01;31:*.cpio=01;31:*.7z=01;31:*.rz=01;31:*.cab=01;31:*.jpg=01;35:*.jpeg=01;35:*.gif=01;35:*.bmp=01;35:*.pbm=01;35:*.pgm=01;35:*.ppm=01;35:*.tga=01;35:*.xbm=01;35:*.xpm=01;35:*.tif=01;35:*.tiff=01;35:*.png=01;35:*.svg=01;35:*.svgz=01;35:*.mng=01;35:*.pcx=01;35:*.mov=01;35:*.mpg=01;35:*.mpeg=01;35:*.m2v=01;35:*.mkv=01;35:*.webm=01;35:*.ogm=01;35:*.mp4=01;35:*.m4v=01;35:*.mp4v=01;35:*.vob=01;35:*.qt=01;35:*.nuv=01;35:*.wmv=01;35:*.asf=01;35:*.rm=01;35:*.rmvb=01;35:*.flc=01;35:*.avi=01;35:*.fli=01;35:*.flv=01;35:*.gl=01;35:*.dl=01;35:*.xcf=01;35:*.xwd=01;35:*.yuv=01;35:*.cgm=01;35:*.emf=01;35:*.ogv=01;35:*.ogx=01;35:*.aac=00;36:*.au=00;36:*.flac=00;36:*.m4a=00;36:*.mid=00;36:*.midi=00;36:*.mka=00;36:*.mp3=00;36:*.mpc=00;36:*.ogg=00;36:*.ra=00;36:*.wav=00;36:*.oga=00;36:*.opus=00;36:*.spx=00;36:*.xspf=00;36:, XDG_SESSION_DESKTOP=ubuntu, SDKMAN_CURRENT_API=https://api.sdkman.io/2, SHLVL=1, LESSCLOSE=/usr/bin/lesspipe %s %s, COMPIZ_CONFIG_PROFILE=ubuntu, QT_IM_MODULE=ibus, UPSTART_JOB=unity7, JAVA_HOME=/usr/lib/jvm/java-8-oracle, TERM=xterm-256color, XDG_CONFIG_DIRS=/etc/xdg/xdg-ubuntu:/usr/share/upstart/xdg:/etc/xdg, LANG=en_US.UTF-8, GNOME_KEYRING_CONTROL=, XDG_SEAT_PATH=/org/freedesktop/DisplayManager/Seat0, XDG_SESSION_ID=c2, XDG_SESSION_TYPE=x11, DISPLAY=:0, UNITY_DEFAULT_PROFILE=unity, MAVEN_CMD_LINE_ARGS= clean install, SDKMAN_CANDIDATES_DIR=/home/java/.sdkman/candidates, _=/usr/bin/mvn, SDKMAN_LEGACY_API=https://api.sdkman.io/1, GDM_LANG=en_US, XDG_GREETER_DATA_DIR=/var/lib/lightdm-data/java, UPSTART_EVENTS=xsession started, GPG_AGENT_INFO=/home/java/.gnupg/S.gpg-agent:0:1, MAVEN_PROJECTBASEDIR=/home/java/Downloads/pro-spring-boot-master/ch14/library/rest, DESKTOP_SESSION=ubuntu, SESSION=ubuntu, SDKMAN_PLATFORM=Linux64, USER=java, XDG_MENU_PREFIX=gnome-, GIO_LAUNCHED_DESKTOP_FILE_PID=17111, QT_ACCESSIBILITY=1, SSH_AUTH_SOCK=/run/user/1000/keyring/ssh, XDG_SEAT=seat0, QT_QPA_PLATFORMTHEME=appmenu-qt5, XDG_VTNR=7, XDG_RUNTIME_DIR=/run/user/1000, HOME=/home/java, GNOME_KEYRING_PID=}}]
13:27:04.337 [main] INFO org.springframework.boot.test.context.SpringBootTestContextBootstrapper - Found @SpringBootConfiguration md.esempla.library.rest.RestApp for test class md.esempla.library.rest.controller.AuhorsRestControllerTest
13:27:04.342 [main] DEBUG org.springframework.boot.test.context.SpringBootTestContextBootstrapper - @TestExecutionListeners is not present for class [md.esempla.library.rest.controller.AuhorsRestControllerTest]: using defaults.
13:27:04.350 [main] INFO org.springframework.boot.test.context.SpringBootTestContextBootstrapper - Loaded default TestExecutionListener class names from location [META-INF/spring.factories]: [org.springframework.boot.test.mock.mockito.MockitoTestExecutionListener, org.springframework.boot.test.mock.mockito.ResetMocksTestExecutionListener, org.springframework.boot.test.autoconfigure.restdocs.RestDocsTestExecutionListener, org.springframework.boot.test.autoconfigure.web.client.MockRestServiceServerResetTestExecutionListener, org.springframework.boot.test.autoconfigure.web.servlet.MockMvcPrintOnlyOnFailureTestExecutionListener, org.springframework.boot.test.autoconfigure.web.servlet.WebDriverTestExecutionListener, org.springframework.test.context.web.ServletTestExecutionListener, org.springframework.test.context.support.DirtiesContextBeforeModesTestExecutionListener, org.springframework.test.context.support.DependencyInjectionTestExecutionListener, org.springframework.test.context.support.DirtiesContextTestExecutionListener, org.springframework.test.context.transaction.TransactionalTestExecutionListener, org.springframework.test.context.jdbc.SqlScriptsTestExecutionListener]
13:27:04.355 [main] INFO org.springframework.boot.test.context.SpringBootTestContextBootstrapper - Using TestExecutionListeners: [org.springframework.test.context.web.ServletTestExecutionListener@48fa0f47, org.springframework.test.context.support.DirtiesContextBeforeModesTestExecutionListener@6ac13091, org.springframework.boot.test.autoconfigure.SpringBootDependencyInjectionTestExecutionListener@5e316c74, org.springframework.test.context.support.DirtiesContextTestExecutionListener@6d2a209c, org.springframework.test.context.transaction.TransactionalTestExecutionListener@75329a49, org.springframework.test.context.jdbc.SqlScriptsTestExecutionListener@161479c6, org.springframework.boot.test.mock.mockito.MockitoTestExecutionListener@4313f5bc, org.springframework.boot.test.mock.mockito.ResetMocksTestExecutionListener@7f010382, org.springframework.boot.test.autoconfigure.restdocs.RestDocsTestExecutionListener@1e802ef9, org.springframework.boot.test.autoconfigure.web.client.MockRestServiceServerResetTestExecutionListener@2b6faea6, org.springframework.boot.test.autoconfigure.web.servlet.MockMvcPrintOnlyOnFailureTestExecutionListener@778d1062, org.springframework.boot.test.autoconfigure.web.servlet.WebDriverTestExecutionListener@670002]
13:27:04.355 [main] DEBUG org.springframework.test.annotation.ProfileValueUtils - Retrieved @ProfileValueSourceConfiguration [null] for test class [md.esempla.library.rest.controller.AuhorsRestControllerTest]
13:27:04.355 [main] DEBUG org.springframework.test.annotation.ProfileValueUtils - Retrieved ProfileValueSource type [class org.springframework.test.annotation.SystemProfileValueSource] for class [md.esempla.library.rest.controller.AuhorsRestControllerTest]
13:27:04.358 [main] DEBUG org.springframework.test.annotation.ProfileValueUtils - Retrieved @ProfileValueSourceConfiguration [null] for test class [md.esempla.library.rest.controller.AuhorsRestControllerTest]
13:27:04.359 [main] DEBUG org.springframework.test.annotation.ProfileValueUtils - Retrieved ProfileValueSource type [class org.springframework.test.annotation.SystemProfileValueSource] for class [md.esempla.library.rest.controller.AuhorsRestControllerTest]
13:27:04.378 [main] DEBUG org.springframework.test.context.support.AbstractDirtiesContextTestExecutionListener - Before test class: context [DefaultTestContext@5c909414 testClass = AuhorsRestControllerTest, testInstance = [null], testMethod = [null], testException = [null], mergedContextConfiguration = [WebMergedContextConfiguration@4b14c583 testClass = AuhorsRestControllerTest, locations = '{}', classes = '{class md.esempla.library.rest.RestApp}', contextInitializerClasses = '[]', activeProfiles = '{}', propertySourceLocations = '{}', propertySourceProperties = '{org.springframework.boot.test.context.SpringBootTestContextBootstrapper=true}', contextCustomizers = set[org.springframework.boot.test.context.SpringBootTestContextCustomizer@587d1d39, org.springframework.boot.test.context.filter.ExcludeFilterContextCustomizer@5bb21b69, org.springframework.boot.test.json.DuplicateJsonObjectContextCustomizerFactory$DuplicateJsonObjectContextCustomizer@687080dc, org.springframework.boot.test.mock.mockito.MockitoContextCustomizer@0, org.springframework.boot.test.autoconfigure.properties.PropertyMappingContextCustomizer@0, org.springframework.boot.test.autoconfigure.web.servlet.WebDriverContextCustomizerFactory$Customizer@87f383f], resourceBasePath = 'src/main/webapp', contextLoader = 'org.springframework.boot.test.context.SpringBootContextLoader', parent = [null]]], class annotated with @DirtiesContext [false] with mode [null].
13:27:04.379 [main] DEBUG org.springframework.test.annotation.ProfileValueUtils - Retrieved @ProfileValueSourceConfiguration [null] for test class [md.esempla.library.rest.controller.AuhorsRestControllerTest]
13:27:04.379 [main] DEBUG org.springframework.test.annotation.ProfileValueUtils - Retrieved ProfileValueSource type [class org.springframework.test.annotation.SystemProfileValueSource] for class [md.esempla.library.rest.controller.AuhorsRestControllerTest]
13:27:04.521 [main] DEBUG org.springframework.core.env.StandardEnvironment - Adding PropertySource 'systemProperties' with lowest search precedence
13:27:04.521 [main] DEBUG org.springframework.core.env.StandardEnvironment - Adding PropertySource 'systemEnvironment' with lowest search precedence
13:27:04.522 [main] DEBUG org.springframework.core.env.StandardEnvironment - Initialized StandardEnvironment with PropertySources [MapPropertySource@825249556 {name='systemProperties', properties={java.runtime.name=Java(TM) SE Runtime Environment, sun.boot.library.path=/usr/lib/jvm/java-8-oracle/jre/lib/amd64, java.vm.version=25.161-b12, java.vm.vendor=Oracle Corporation, java.vendor.url=http://java.oracle.com/, path.separator=:, java.vm.name=Java HotSpot(TM) 64-Bit Server VM, file.encoding.pkg=sun.io, user.country=US, sun.java.launcher=SUN_STANDARD, sun.os.patch.level=unknown, java.vm.specification.name=Java Virtual Machine Specification, user.dir=/home/java/Downloads/pro-spring-boot-master/ch14/library/rest, java.runtime.version=1.8.0_161-b12, basedir=/home/java/Downloads/pro-spring-boot-master/ch14/library/rest, java.awt.graphicsenv=sun.awt.X11GraphicsEnvironment, java.endorsed.dirs=/usr/lib/jvm/java-8-oracle/jre/lib/endorsed, os.arch=amd64, surefire.real.class.path=/home/java/Downloads/pro-spring-boot-master/ch14/library/rest/target/surefire/surefirebooter1726677801631483921.jar, java.io.tmpdir=/tmp, line.separator=
, java.vm.specification.vendor=Oracle Corporation, os.name=Linux, sun.jnu.encoding=UTF-8, java.library.path=/usr/java/packages/lib/amd64:/usr/lib64:/lib64:/lib:/usr/lib, surefire.test.class.path=/home/java/Downloads/pro-spring-boot-master/ch14/library/rest/target/test-classes:/home/java/Downloads/pro-spring-boot-master/ch14/library/rest/target/classes:/home/java/.m2/repository/org/springframework/boot/spring-boot-starter-web/1.5.10.RELEASE/spring-boot-starter-web-1.5.10.RELEASE.jar:/home/java/.m2/repository/org/springframework/boot/spring-boot-starter/1.5.10.RELEASE/spring-boot-starter-1.5.10.RELEASE.jar:/home/java/.m2/repository/org/springframework/boot/spring-boot/1.5.10.RELEASE/spring-boot-1.5.10.RELEASE.jar:/home/java/.m2/repository/org/springframework/boot/spring-boot-autoconfigure/1.5.10.RELEASE/spring-boot-autoconfigure-1.5.10.RELEASE.jar:/home/java/.m2/repository/org/springframework/boot/spring-boot-starter-logging/1.5.10.RELEASE/spring-boot-starter-logging-1.5.10.RELEASE.jar:/home/java/.m2/repository/ch/qos/logback/logback-classic/1.1.11/logback-classic-1.1.11.jar:/home/java/.m2/repository/ch/qos/logback/logback-core/1.1.11/logback-core-1.1.11.jar:/home/java/.m2/repository/org/slf4j/jcl-over-slf4j/1.7.25/jcl-over-slf4j-1.7.25.jar:/home/java/.m2/repository/org/slf4j/jul-to-slf4j/1.7.25/jul-to-slf4j-1.7.25.jar:/home/java/.m2/repository/org/slf4j/log4j-over-slf4j/1.7.25/log4j-over-slf4j-1.7.25.jar:/home/java/.m2/repository/org/yaml/snakeyaml/1.17/snakeyaml-1.17.jar:/home/java/.m2/repository/org/springframework/boot/spring-boot-starter-tomcat/1.5.10.RELEASE/spring-boot-starter-tomcat-1.5.10.RELEASE.jar:/home/java/.m2/repository/org/apache/tomcat/embed/tomcat-embed-core/8.5.27/tomcat-embed-core-8.5.27.jar:/home/java/.m2/repository/org/apache/tomcat/tomcat-annotations-api/8.5.27/tomcat-annotations-api-8.5.27.jar:/home/java/.m2/repository/org/apache/tomcat/embed/tomcat-embed-el/8.5.27/tomcat-embed-el-8.5.27.jar:/home/java/.m2/repository/org/apache/tomcat/embed/tomcat-embed-websocket/8.5.27/tomcat-embed-websocket-8.5.27.jar:/home/java/.m2/repository/org/hibernate/hibernate-validator/5.3.6.Final/hibernate-validator-5.3.6.Final.jar:/home/java/.m2/repository/javax/validation/validation-api/1.1.0.Final/validation-api-1.1.0.Final.jar:/home/java/.m2/repository/org/jboss/logging/jboss-logging/3.3.1.Final/jboss-logging-3.3.1.Final.jar:/home/java/.m2/repository/com/fasterxml/classmate/1.3.4/classmate-1.3.4.jar:/home/java/.m2/repository/com/fasterxml/jackson/core/jackson-databind/2.8.10/jackson-databind-2.8.10.jar:/home/java/.m2/repository/com/fasterxml/jackson/core/jackson-annotations/2.8.0/jackson-annotations-2.8.0.jar:/home/java/.m2/repository/com/fasterxml/jackson/core/jackson-core/2.8.10/jackson-core-2.8.10.jar:/home/java/.m2/repository/org/springframework/spring-web/4.3.14.RELEASE/spring-web-4.3.14.RELEASE.jar:/home/java/.m2/repository/org/springframework/spring-aop/4.3.14.RELEASE/spring-aop-4.3.14.RELEASE.jar:/home/java/.m2/repository/org/springframework/spring-beans/4.3.14.RELEASE/spring-beans-4.3.14.RELEASE.jar:/home/java/.m2/repository/org/springframework/spring-context/4.3.14.RELEASE/spring-context-4.3.14.RELEASE.jar:/home/java/.m2/repository/org/springframework/spring-webmvc/4.3.14.RELEASE/spring-webmvc-4.3.14.RELEASE.jar:/home/java/.m2/repository/org/springframework/spring-expression/4.3.14.RELEASE/spring-expression-4.3.14.RELEASE.jar:/home/java/.m2/repository/md/esempla/data/0.0.1-SNAPSHOT/data-0.0.1-SNAPSHOT.jar:/home/java/.m2/repository/org/postgresql/postgresql/9.4.1212.jre7/postgresql-9.4.1212.jre7.jar:/home/java/.m2/repository/org/springframework/boot/spring-boot-starter-data-jpa/1.5.10.RELEASE/spring-boot-starter-data-jpa-1.5.10.RELEASE.jar:/home/java/.m2/repository/org/springframework/boot/spring-boot-starter-aop/1.5.10.RELEASE/spring-boot-starter-aop-1.5.10.RELEASE.jar:/home/java/.m2/repository/org/aspectj/aspectjweaver/1.8.13/aspectjweaver-1.8.13.jar:/home/java/.m2/repository/org/springframework/boot/spring-boot-starter-jdbc/1.5.10.RELEASE/spring-boot-starter-jdbc-1.5.10.RELEASE.jar:/home/java/.m2/repository/org/apache/tomcat/tomcat-jdbc/8.5.27/tomcat-jdbc-8.5.27.jar:/home/java/.m2/repository/org/apache/tomcat/tomcat-juli/8.5.27/tomcat-juli-8.5.27.jar:/home/java/.m2/repository/org/springframework/spring-jdbc/4.3.14.RELEASE/spring-jdbc-4.3.14.RELEASE.jar:/home/java/.m2/repository/org/hibernate/hibernate-core/5.0.12.Final/hibernate-core-5.0.12.Final.jar:/home/java/.m2/repository/org/hibernate/javax/persistence/hibernate-jpa-2.1-api/1.0.0.Final/hibernate-jpa-2.1-api-1.0.0.Final.jar:/home/java/.m2/repository/org/javassist/javassist/3.21.0-GA/javassist-3.21.0-GA.jar:/home/java/.m2/repository/antlr/antlr/2.7.7/antlr-2.7.7.jar:/home/java/.m2/repository/org/jboss/jandex/2.0.0.Final/jandex-2.0.0.Final.jar:/home/java/.m2/repository/dom4j/dom4j/1.6.1/dom4j-1.6.1.jar:/home/java/.m2/repository/org/hibernate/common/hibernate-commons-annotations/5.0.1.Final/hibernate-commons-annotations-5.0.1.Final.jar:/home/java/.m2/repository/org/hibernate/hibernate-entitymanager/5.0.12.Final/hibernate-entitymanager-5.0.12.Final.jar:/home/java/.m2/repository/javax/transaction/javax.transaction-api/1.2/javax.transaction-api-1.2.jar:/home/java/.m2/repository/org/springframework/data/spring-data-jpa/1.11.10.RELEASE/spring-data-jpa-1.11.10.RELEASE.jar:/home/java/.m2/repository/org/springframework/data/spring-data-commons/1.13.10.RELEASE/spring-data-commons-1.13.10.RELEASE.jar:/home/java/.m2/repository/org/springframework/spring-orm/4.3.14.RELEASE/spring-orm-4.3.14.RELEASE.jar:/home/java/.m2/repository/org/springframework/spring-tx/4.3.14.RELEASE/spring-tx-4.3.14.RELEASE.jar:/home/java/.m2/repository/org/springframework/spring-aspects/4.3.14.RELEASE/spring-aspects-4.3.14.RELEASE.jar:/home/java/.m2/repository/org/apache/httpcomponents/httpclient/4.3.1/httpclient-4.3.1.jar:/home/java/.m2/repository/org/apache/httpcomponents/httpcore/4.4.9/httpcore-4.4.9.jar:/home/java/.m2/repository/commons-codec/commons-codec/1.10/commons-codec-1.10.jar:/home/java/.m2/repository/com/h2database/h2/1.4.196/h2-1.4.196.jar:/home/java/.m2/repository/org/projectlombok/lombok/1.16.20/lombok-1.16.20.jar:/home/java/.m2/repository/org/springframework/boot/spring-boot-starter-test/1.5.10.RELEASE/spring-boot-starter-test-1.5.10.RELEASE.jar:/home/java/.m2/repository/org/springframework/boot/spring-boot-test/1.5.10.RELEASE/spring-boot-test-1.5.10.RELEASE.jar:/home/java/.m2/repository/org/springframework/boot/spring-boot-test-autoconfigure/1.5.10.RELEASE/spring-boot-test-autoconfigure-1.5.10.RELEASE.jar:/home/java/.m2/repository/com/jayway/jsonpath/json-path/2.2.0/json-path-2.2.0.jar:/home/java/.m2/repository/net/minidev/json-smart/2.2.1/json-smart-2.2.1.jar:/home/java/.m2/repository/net/minidev/accessors-smart/1.1/accessors-smart-1.1.jar:/home/java/.m2/repository/org/ow2/asm/asm/5.0.3/asm-5.0.3.jar:/home/java/.m2/repository/org/slf4j/slf4j-api/1.7.25/slf4j-api-1.7.25.jar:/home/java/.m2/repository/junit/junit/4.12/junit-4.12.jar:/home/java/.m2/repository/org/mockito/mockito-core/1.10.19/mockito-core-1.10.19.jar:/home/java/.m2/repository/org/objenesis/objenesis/2.1/objenesis-2.1.jar:/home/java/.m2/repository/org/hamcrest/hamcrest-core/1.3/hamcrest-core-1.3.jar:/home/java/.m2/repository/org/hamcrest/hamcrest-library/1.3/hamcrest-library-1.3.jar:/home/java/.m2/repository/org/skyscreamer/jsonassert/1.4.0/jsonassert-1.4.0.jar:/home/java/.m2/repository/com/vaadin/external/google/android-json/0.0.20131108.vaadin1/android-json-0.0.20131108.vaadin1.jar:/home/java/.m2/repository/org/springframework/spring-core/4.3.14.RELEASE/spring-core-4.3.14.RELEASE.jar:/home/java/.m2/repository/org/springframework/spring-test/4.3.14.RELEASE/spring-test-4.3.14.RELEASE.jar:/home/java/.m2/repository/org/assertj/assertj-core/3.8.0/assertj-core-3.8.0.jar:, java.specification.name=Java Platform API Specification, java.class.version=52.0, sun.management.compiler=HotSpot 64-Bit Tiered Compilers, os.version=4.13.0-38-generic, user.home=/home/java, user.timezone=Europe/Chisinau, java.awt.printerjob=sun.print.PSPrinterJob, file.encoding=UTF-8, java.specification.version=1.8, java.class.path=/home/java/Downloads/pro-spring-boot-master/ch14/library/rest/target/test-classes:/home/java/Downloads/pro-spring-boot-master/ch14/library/rest/target/classes:/home/java/.m2/repository/org/springframework/boot/spring-boot-starter-web/1.5.10.RELEASE/spring-boot-starter-web-1.5.10.RELEASE.jar:/home/java/.m2/repository/org/springframework/boot/spring-boot-starter/1.5.10.RELEASE/spring-boot-starter-1.5.10.RELEASE.jar:/home/java/.m2/repository/org/springframework/boot/spring-boot/1.5.10.RELEASE/spring-boot-1.5.10.RELEASE.jar:/home/java/.m2/repository/org/springframework/boot/spring-boot-autoconfigure/1.5.10.RELEASE/spring-boot-autoconfigure-1.5.10.RELEASE.jar:/home/java/.m2/repository/org/springframework/boot/spring-boot-starter-logging/1.5.10.RELEASE/spring-boot-starter-logging-1.5.10.RELEASE.jar:/home/java/.m2/repository/ch/qos/logback/logback-classic/1.1.11/logback-classic-1.1.11.jar:/home/java/.m2/repository/ch/qos/logback/logback-core/1.1.11/logback-core-1.1.11.jar:/home/java/.m2/repository/org/slf4j/jcl-over-slf4j/1.7.25/jcl-over-slf4j-1.7.25.jar:/home/java/.m2/repository/org/slf4j/jul-to-slf4j/1.7.25/jul-to-slf4j-1.7.25.jar:/home/java/.m2/repository/org/slf4j/log4j-over-slf4j/1.7.25/log4j-over-slf4j-1.7.25.jar:/home/java/.m2/repository/org/yaml/snakeyaml/1.17/snakeyaml-1.17.jar:/home/java/.m2/repository/org/springframework/boot/spring-boot-starter-tomcat/1.5.10.RELEASE/spring-boot-starter-tomcat-1.5.10.RELEASE.jar:/home/java/.m2/repository/org/apache/tomcat/embed/tomcat-embed-core/8.5.27/tomcat-embed-core-8.5.27.jar:/home/java/.m2/repository/org/apache/tomcat/tomcat-annotations-api/8.5.27/tomcat-annotations-api-8.5.27.jar:/home/java/.m2/repository/org/apache/tomcat/embed/tomcat-embed-el/8.5.27/tomcat-embed-el-8.5.27.jar:/home/java/.m2/repository/org/apache/tomcat/embed/tomcat-embed-websocket/8.5.27/tomcat-embed-websocket-8.5.27.jar:/home/java/.m2/repository/org/hibernate/hibernate-validator/5.3.6.Final/hibernate-validator-5.3.6.Final.jar:/home/java/.m2/repository/javax/validation/validation-api/1.1.0.Final/validation-api-1.1.0.Final.jar:/home/java/.m2/repository/org/jboss/logging/jboss-logging/3.3.1.Final/jboss-logging-3.3.1.Final.jar:/home/java/.m2/repository/com/fasterxml/classmate/1.3.4/classmate-1.3.4.jar:/home/java/.m2/repository/com/fasterxml/jackson/core/jackson-databind/2.8.10/jackson-databind-2.8.10.jar:/home/java/.m2/repository/com/fasterxml/jackson/core/jackson-annotations/2.8.0/jackson-annotations-2.8.0.jar:/home/java/.m2/repository/com/fasterxml/jackson/core/jackson-core/2.8.10/jackson-core-2.8.10.jar:/home/java/.m2/repository/org/springframework/spring-web/4.3.14.RELEASE/spring-web-4.3.14.RELEASE.jar:/home/java/.m2/repository/org/springframework/spring-aop/4.3.14.RELEASE/spring-aop-4.3.14.RELEASE.jar:/home/java/.m2/repository/org/springframework/spring-beans/4.3.14.RELEASE/spring-beans-4.3.14.RELEASE.jar:/home/java/.m2/repository/org/springframework/spring-context/4.3.14.RELEASE/spring-context-4.3.14.RELEASE.jar:/home/java/.m2/repository/org/springframework/spring-webmvc/4.3.14.RELEASE/spring-webmvc-4.3.14.RELEASE.jar:/home/java/.m2/repository/org/springframework/spring-expression/4.3.14.RELEASE/spring-expression-4.3.14.RELEASE.jar:/home/java/.m2/repository/md/esempla/data/0.0.1-SNAPSHOT/data-0.0.1-SNAPSHOT.jar:/home/java/.m2/repository/org/postgresql/postgresql/9.4.1212.jre7/postgresql-9.4.1212.jre7.jar:/home/java/.m2/reposi
[...]
TYPE=gnome-session, LS_COLORS=rs=0:di=01;34:ln=01;36:mh=00:pi=40;33:so=01;35:do=01;35:bd=40;33;01:cd=40;33;01:or=40;31;01:mi=00:su=37;41:sg=30;43:ca=30;41:tw=30;42:ow=34;42:st=37;44:ex=01;32:*.tar=01;31:*.tgz=01;31:*.arc=01;31:*.arj=01;31:*.taz=01;31:*.lha=01;31:*.lz4=01;31:*.lzh=01;31:*.lzma=01;31:*.tlz=01;31:*.txz=01;31:*.tzo=01;31:*.t7z=01;31:*.zip=01;31:*.z=01;31:*.Z=01;31:*.dz=01;31:*.gz=01;31:*.lrz=01;31:*.lz=01;31:*.lzo=01;31:*.xz=01;31:*.bz2=01;31:*.bz=01;31:*.tbz=01;31:*.tbz2=01;31:*.tz=01;31:*.deb=01;31:*.rpm=01;31:*.jar=01;31:*.war=01;31:*.ear=01;31:*.sar=01;31:*.rar=01;31:*.alz=01;31:*.ace=01;31:*.zoo=01;31:*.cpio=01;31:*.7z=01;31:*.rz=01;31:*.cab=01;31:*.jpg=01;35:*.jpeg=01;35:*.gif=01;35:*.bmp=01;35:*.pbm=01;35:*.pgm=01;35:*.ppm=01;35:*.tga=01;35:*.xbm=01;35:*.xpm=01;35:*.tif=01;35:*.tiff=01;35:*.png=01;35:*.svg=01;35:*.svgz=01;35:*.mng=01;35:*.pcx=01;35:*.mov=01;35:*.mpg=01;35:*.mpeg=01;35:*.m2v=01;35:*.mkv=01;35:*.webm=01;35:*.ogm=01;35:*.mp4=01;35:*.m4v=01;35:*.mp4v=01;35:*.vob=01;35:*.qt=01;35:*.nuv=01;35:*.wmv=01;35:*.asf=01;35:*.rm=01;35:*.rmvb=01;35:*.flc=01;35:*.avi=01;35:*.fli=01;35:*.flv=01;35:*.gl=01;35:*.dl=01;35:*.xcf=01;35:*.xwd=01;35:*.yuv=01;35:*.cgm=01;35:*.emf=01;35:*.ogv=01;35:*.ogx=01;35:*.aac=00;36:*.au=00;36:*.flac=00;36:*.m4a=00;36:*.mid=00;36:*.midi=00;36:*.mka=00;36:*.mp3=00;36:*.mpc=00;36:*.ogg=00;36:*.ra=00;36:*.wav=00;36:*.oga=00;36:*.opus=00;36:*.spx=00;36:*.xspf=00;36:, XDG_SESSION_DESKTOP=ubuntu, SDKMAN_CURRENT_API=https://api.sdkman.io/2, SHLVL=1, LESSCLOSE=/usr/bin/lesspipe %s %s, COMPIZ_CONFIG_PROFILE=ubuntu, QT_IM_MODULE=ibus, UPSTART_JOB=unity7, JAVA_HOME=/usr/lib/jvm/java-8-oracle, TERM=xterm-256color, XDG_CONFIG_DIRS=/etc/xdg/xdg-ubuntu:/usr/share/upstart/xdg:/etc/xdg, LANG=en_US.UTF-8, GNOME_KEYRING_CONTROL=, XDG_SEAT_PATH=/org/freedesktop/DisplayManager/Seat0, XDG_SESSION_ID=c2, XDG_SESSION_TYPE=x11, DISPLAY=:0, UNITY_DEFAULT_PROFILE=unity, MAVEN_CMD_LINE_ARGS= clean install, SDKMAN_CANDIDATES_DIR=/home/java/.sdkman/candidates, _=/usr/bin/mvn, SDKMAN_LEGACY_API=https://api.sdkman.io/1, GDM_LANG=en_US, XDG_GREETER_DATA_DIR=/var/lib/lightdm-data/java, UPSTART_EVENTS=xsession started, GPG_AGENT_INFO=/home/java/.gnupg/S.gpg-agent:0:1, MAVEN_PROJECTBASEDIR=/home/java/Downloads/pro-spring-boot-master/ch14/library/rest, DESKTOP_SESSION=ubuntu, SESSION=ubuntu, SDKMAN_PLATFORM=Linux64, USER=java, XDG_MENU_PREFIX=gnome-, GIO_LAUNCHED_DESKTOP_FILE_PID=17111, QT_ACCESSIBILITY=1, SSH_AUTH_SOCK=/run/user/1000/keyring/ssh, XDG_SEAT=seat0, QT_QPA_PLATFORMTHEME=appmenu-qt5, XDG_VTNR=7, XDG_RUNTIME_DIR=/run/user/1000, HOME=/home/java, GNOME_KEYRING_PID=}}]
13:27:04.526 [main] DEBUG org.springframework.core.env.MutablePropertySources - Adding PropertySource 'inline' with highest search precedence
13:27:04.536 [main] DEBUG org.springframework.test.context.support.TestPropertySourceUtils - Adding inlined properties to environment: {spring.jmx.enabled=false, org.springframework.boot.test.context.SpringBootTestContextBootstrapper=true, server.port=-1}
13:27:04.536 [main] DEBUG org.springframework.core.env.StandardEnvironment - Adding PropertySource 'Inlined Test Properties' with highest search precedence

  .   ____          _            __ _ _
 /\\ / ___'_ __ _ _(_)_ __  __ _ \ \ \ \
( ( )\___ | '_ | '_| | '_ \/ _` | \ \ \ \
 \\/  ___)| |_)| | | | | || (_| |  ) ) ) )
  '  |____| .__|_| |_|_| |_\__, | / / / /
 =========|_|==============|___/=/_/_/_/
 :: Spring Boot ::       (v1.5.10.RELEASE)

2018-04-24 13:27:05.163  INFO 31196 --- [           main] m.e.l.r.c.AuhorsRestControllerTest       : Starting AuhorsRestControllerTest on java-LIFEBOOK-E752 with PID 31196 (started by java in /home/java/Downloads/pro-spring-boot-master/ch14/library/rest)
2018-04-24 13:27:05.168  INFO 31196 --- [           main] m.e.l.r.c.AuhorsRestControllerTest       : No active profile set, falling back to default profiles: default
2018-04-24 13:27:05.276  INFO 31196 --- [           main] o.s.w.c.s.GenericWebApplicationContext   : Refreshing org.springframework.web.context.support.GenericWebApplicationContext@38cee291: startup date [Tue Apr 24 13:27:05 EEST 2018]; root of context hierarchy
2018-04-24 13:27:07.455  INFO 31196 --- [           main] trationDelegate$BeanPostProcessorChecker : Bean 'org.springframework.transaction.annotation.ProxyTransactionManagementConfiguration' of type [org.springframework.transaction.annotation.ProxyTransactionManagementConfiguration$$EnhancerBySpringCGLIB$$ff3517f0] is not eligible for getting processed by all BeanPostProcessors (for example: not eligible for auto-proxying)
2018-04-24 13:27:08.448  INFO 31196 --- [           main] o.s.jdbc.datasource.init.ScriptUtils     : Executing SQL script from class path resource [schema.sql]
2018-04-24 13:27:08.545  INFO 31196 --- [           main] o.s.jdbc.datasource.init.ScriptUtils     : Executed SQL script from class path resource [schema.sql] in 96 ms.
2018-04-24 13:27:08.549  INFO 31196 --- [           main] o.s.jdbc.datasource.init.ScriptUtils     : Executing SQL script from class path resource [data.sql]
2018-04-24 13:27:08.553  INFO 31196 --- [           main] o.s.jdbc.datasource.init.ScriptUtils     : Executed SQL script from class path resource [data.sql] in 4 ms.
2018-04-24 13:27:08.801  INFO 31196 --- [           main] j.LocalContainerEntityManagerFactoryBean : Building JPA container EntityManagerFactory for persistence unit 'default'
2018-04-24 13:27:08.829  INFO 31196 --- [           main] o.hibernate.jpa.internal.util.LogHelper  : HHH000204: Processing PersistenceUnitInfo [
	name: default
	...]
2018-04-24 13:27:08.975  INFO 31196 --- [           main] org.hibernate.Version                    : HHH000412: Hibernate Core {5.0.12.Final}
2018-04-24 13:27:08.977  INFO 31196 --- [           main] org.hibernate.cfg.Environment            : HHH000206: hibernate.properties not found
2018-04-24 13:27:08.980  INFO 31196 --- [           main] org.hibernate.cfg.Environment            : HHH000021: Bytecode provider name : javassist
2018-04-24 13:27:09.062  INFO 31196 --- [           main] o.hibernate.annotations.common.Version   : HCANN000001: Hibernate Commons Annotations {5.0.1.Final}
2018-04-24 13:27:09.237  INFO 31196 --- [           main] org.hibernate.dialect.Dialect            : HHH000400: Using dialect: org.hibernate.dialect.H2Dialect
2018-04-24 13:27:10.078  INFO 31196 --- [           main] org.hibernate.tool.hbm2ddl.SchemaExport  : HHH000227: Running hbm2ddl schema export
2018-04-24 13:27:10.111  INFO 31196 --- [           main] org.hibernate.tool.hbm2ddl.SchemaExport  : HHH000230: Schema export complete
2018-04-24 13:27:10.162  INFO 31196 --- [           main] j.LocalContainerEntityManagerFactoryBean : Initialized JPA EntityManagerFactory for persistence unit 'default'
2018-04-24 13:27:11.604  INFO 31196 --- [           main] s.w.s.m.m.a.RequestMappingHandlerAdapter : Looking for @ControllerAdvice: org.springframework.web.context.support.GenericWebApplicationContext@38cee291: startup date [Tue Apr 24 13:27:05 EEST 2018]; root of context hierarchy
2018-04-24 13:27:11.771  INFO 31196 --- [           main] s.w.s.m.m.a.RequestMappingHandlerMapping : Mapped "{[/api/authors/{id}],methods=[DELETE]}" onto public void md.esempla.library.rest.controller.AuhorsRestController.deleteById(java.lang.Long)
2018-04-24 13:27:11.773  INFO 31196 --- [           main] s.w.s.m.m.a.RequestMappingHandlerMapping : Mapped "{[/api/authors/{id}],methods=[GET]}" onto public md.esempla.library.domain.Author md.esempla.library.rest.controller.AuhorsRestController.getById(java.lang.Long)
2018-04-24 13:27:11.773  INFO 31196 --- [           main] s.w.s.m.m.a.RequestMappingHandlerMapping : Mapped "{[/api/authors],methods=[GET]}" onto public java.util.Collection<md.esempla.library.domain.Author> md.esempla.library.rest.controller.AuhorsRestController.getAll()
2018-04-24 13:27:11.775  INFO 31196 --- [           main] s.w.s.m.m.a.RequestMappingHandlerMapping : Mapped "{[/api/authors]}" onto public void md.esempla.library.rest.controller.AuhorsRestController.update(md.esempla.library.domain.Author)
2018-04-24 13:27:11.776  INFO 31196 --- [           main] s.w.s.m.m.a.RequestMappingHandlerMapping : Mapped "{[/api/authors],methods=[POST]}" onto public java.lang.Long md.esempla.library.rest.controller.AuhorsRestController.create(md.esempla.library.domain.Author)
2018-04-24 13:27:11.784  INFO 31196 --- [           main] s.w.s.m.m.a.RequestMappingHandlerMapping : Mapped "{[/api/booksborrowed],methods=[GET]}" onto public java.util.Collection<md.esempla.library.domain.BookBorrowed> md.esempla.library.rest.controller.BooksBorrowedRestController.bookBorroweds()
2018-04-24 13:27:11.785  INFO 31196 --- [           main] s.w.s.m.m.a.RequestMappingHandlerMapping : Mapped "{[/api/booksborrowed],methods=[PUT]}" onto public void md.esempla.library.rest.controller.BooksBorrowedRestController.update(md.esempla.library.domain.BookBorrowed)
2018-04-24 13:27:11.785  INFO 31196 --- [           main] s.w.s.m.m.a.RequestMappingHandlerMapping : Mapped "{[/api/booksborrowed/{id}],methods=[POST]}" onto public void md.esempla.library.rest.controller.BooksBorrowedRestController.delete(java.lang.Long)
2018-04-24 13:27:11.787  INFO 31196 --- [           main] s.w.s.m.m.a.RequestMappingHandlerMapping : Mapped "{[/api/booksborrowed],methods=[POST]}" onto public void md.esempla.library.rest.controller.BooksBorrowedRestController.create(md.esempla.library.domain.BookBorrowed)
2018-04-24 13:27:11.797  INFO 31196 --- [           main] s.w.s.m.m.a.RequestMappingHandlerMapping : Mapped "{[/api/editedbooks],methods=[GET]}" onto public java.util.Collection<md.esempla.library.domain.BookEdited> md.esempla.library.rest.controller.BooksEditedRestController.bookEditeds()
2018-04-24 13:27:11.802  INFO 31196 --- [           main] s.w.s.m.m.a.RequestMappingHandlerMapping : Mapped "{[/api/editedbooks],methods=[PUT]}" onto public void md.esempla.library.rest.controller.BooksEditedRestController.update(md.esempla.library.domain.BookEdited)
2018-04-24 13:27:11.804  INFO 31196 --- [           main] s.w.s.m.m.a.RequestMappingHandlerMapping : Mapped "{[/api/editedbooks/{id}],methods=[DELETE]}" onto public void md.esempla.library.rest.controller.BooksEditedRestController.delete(java.lang.Long)
2018-04-24 13:27:11.805  INFO 31196 --- [           main] s.w.s.m.m.a.RequestMappingHandlerMapping : Mapped "{[/api/editedbooks],methods=[POST]}" onto public java.lang.Long md.esempla.library.rest.controller.BooksEditedRestController.create(md.esempla.library.domain.BookEdited)
2018-04-24 13:27:11.809  INFO 31196 --- [           main] s.w.s.m.m.a.RequestMappingHandlerMapping : Mapped "{[/api/booksedited],methods=[DELETE]}" onto public md.esempla.library.domain.Book md.esempla.library.rest.controller.BooksRestController.book(java.lang.Long)
2018-04-24 13:27:11.809  INFO 31196 --- [           main] s.w.s.m.m.a.RequestMappingHandlerMapping : Mapped "{[/api/booksedited],methods=[GET]}" onto java.util.Collection<md.esempla.library.domain.Book> md.esempla.library.rest.controller.BooksRestController.books()
2018-04-24 13:27:11.809  INFO 31196 --- [           main] s.w.s.m.m.a.RequestMappingHandlerMapping : Mapped "{[/api/booksedited],methods=[PUT]}" onto public void md.esempla.library.rest.controller.BooksRestController.update(md.esempla.library.domain.Book)
2018-04-24 13:27:11.813  INFO 31196 --- [           main] s.w.s.m.m.a.RequestMappingHandlerMapping : Mapped "{[/api/booksedited],methods=[POST]}" onto public java.lang.Long md.esempla.library.rest.controller.BooksRestController.create(md.esempla.library.domain.Book)
2018-04-24 13:27:11.817  INFO 31196 --- [           main] s.w.s.m.m.a.RequestMappingHandlerMapping : Mapped "{[/api/clients/{id}],methods=[GET]}" onto public md.esempla.library.domain.Client md.esempla.library.rest.controller.ClientsRepositoryRestController.getById(java.lang.Long)
2018-04-24 13:27:11.821  INFO 31196 --- [           main] s.w.s.m.m.a.RequestMappingHandlerMapping : Mapped "{[/api/clients],methods=[GET]}" onto public java.util.Collection<md.esempla.library.domain.Client> md.esempla.library.rest.controller.ClientsRepositoryRestController.clients()
2018-04-24 13:27:11.822  INFO 31196 --- [           main] s.w.s.m.m.a.RequestMappingHandlerMapping : Mapped "{[/api/clients],methods=[PUT]}" onto public void md.esempla.library.rest.controller.ClientsRepositoryRestController.update(md.esempla.library.domain.Client)
2018-04-24 13:27:11.823  INFO 31196 --- [           main] s.w.s.m.m.a.RequestMappingHandlerMapping : Mapped "{[/api/clients/{id}],methods=[DELETE]}" onto public void md.esempla.library.rest.controller.ClientsRepositoryRestController.delete(java.lang.Long)
2018-04-24 13:27:11.824  INFO 31196 --- [           main] s.w.s.m.m.a.RequestMappingHandlerMapping : Mapped "{[/api/clients],methods=[POST]}" onto public java.lang.Long md.esempla.library.rest.controller.ClientsRepositoryRestController.create(md.esempla.library.domain.Client)
2018-04-24 13:27:11.828  INFO 31196 --- [           main] s.w.s.m.m.a.RequestMappingHandlerMapping : Mapped "{[/publishers/api/{id}],methods=[GET]}" onto public md.esempla.library.domain.Publisher md.esempla.library.rest.controller.PublishersRestController.getById(java.lang.Long)
2018-04-24 13:27:11.828  INFO 31196 --- [           main] s.w.s.m.m.a.RequestMappingHandlerMapping : Mapped "{[/publishers/api],methods=[GET]}" onto public java.util.Collection<md.esempla.library.domain.Publisher> md.esempla.library.rest.controller.PublishersRestController.publishers()
2018-04-24 13:27:11.828  INFO 31196 --- [           main] s.w.s.m.m.a.RequestMappingHandlerMapping : Mapped "{[/publishers/api],methods=[PUT]}" onto public void md.esempla.library.rest.controller.PublishersRestController.update(md.esempla.library.domain.Publisher)
2018-04-24 13:27:11.829  INFO 31196 --- [           main] s.w.s.m.m.a.RequestMappingHandlerMapping : Mapped "{[/publishers/api/{id}],methods=[DELETE]}" onto public void md.esempla.library.rest.controller.PublishersRestController.delete(java.lang.Long)
2018-04-24 13:27:11.830  INFO 31196 --- [           main] s.w.s.m.m.a.RequestMappingHandlerMapping : Mapped "{[/publishers/api],methods=[POST]}" onto public java.lang.Long md.esempla.library.rest.controller.PublishersRestController.create(md.esempla.library.domain.Publisher)
2018-04-24 13:27:11.833  INFO 31196 --- [           main] s.w.s.m.m.a.RequestMappingHandlerMapping : Mapped "{[/error],produces=[text/html]}" onto public org.springframework.web.servlet.ModelAndView org.springframework.boot.autoconfigure.web.BasicErrorController.errorHtml(javax.servlet.http.HttpServletRequest,javax.servlet.http.HttpServletResponse)
2018-04-24 13:27:11.834  INFO 31196 --- [           main] s.w.s.m.m.a.RequestMappingHandlerMapping : Mapped "{[/error]}" onto public org.springframework.http.ResponseEntity<java.util.Map<java.lang.String, java.lang.Object>> org.springframework.boot.autoconfigure.web.BasicErrorController.error(javax.servlet.http.HttpServletRequest)
2018-04-24 13:27:11.915  INFO 31196 --- [           main] o.s.w.s.handler.SimpleUrlHandlerMapping  : Mapped URL path [/webjars/**] onto handler of type [class org.springframework.web.servlet.resource.ResourceHttpRequestHandler]
2018-04-24 13:27:11.915  INFO 31196 --- [           main] o.s.w.s.handler.SimpleUrlHandlerMapping  : Mapped URL path [/**] onto handler of type [class org.springframework.web.servlet.resource.ResourceHttpRequestHandler]
2018-04-24 13:27:11.984  INFO 31196 --- [           main] o.s.w.s.handler.SimpleUrlHandlerMapping  : Mapped URL path [/**/favicon.ico] onto handler of type [class org.springframework.web.servlet.resource.ResourceHttpRequestHandler]
2018-04-24 13:27:12.509  INFO 31196 --- [           main] m.e.l.r.c.AuhorsRestControllerTest       : Started AuhorsRestControllerTest in 7.953 seconds (JVM running for 9.354)
2018-04-24 13:27:12.755  INFO 31196 --- [           main] s.w.s.m.m.a.RequestMappingHandlerAdapter : Looking for @ControllerAdvice: org.springframework.test.web.servlet.setup.StubWebApplicationContext@5d221b20
2018-04-24 13:27:12.766  INFO 31196 --- [           main] o.s.mock.web.MockServletContext          : Initializing Spring FrameworkServlet ''
2018-04-24 13:27:12.767  INFO 31196 --- [           main] o.s.t.web.servlet.TestDispatcherServlet  : FrameworkServlet '': initialization started
2018-04-24 13:27:12.769  INFO 31196 --- [           main] o.s.t.web.servlet.TestDispatcherServlet  : FrameworkServlet '': initialization completed in 1 ms
]]></system-out>
  </testcase>
  <testcase name="updateAuthorsTest" classname="md.esempla.library.rest.controller.AuhorsRestControllerTest" time="0.028"/>
  <testcase name="createAuthorTest" classname="md.esempla.library.rest.controller.AuhorsRestControllerTest" time="0.229">
    <error message="I/O error on GET request for &quot;http://localhost:8080/api/authors/2&quot;: Connection refused (Connection refused); nested exception is java.net.ConnectException: Connection refused (Connection refused)" type="org.springframework.web.client.ResourceAccessException"><![CDATA[org.springframework.web.client.ResourceAccessException: I/O error on GET request for "http://localhost:8080/api/authors/2": Connection refused (Connection refused); nested exception is java.net.ConnectException: Connection refused (Connection refused)
	at java.net.PlainSocketImpl.socketConnect(Native Method)
	at java.net.AbstractPlainSocketImpl.doConnect(AbstractPlainSocketImpl.java:350)
	at java.net.AbstractPlainSocketImpl.connectToAddress(AbstractPlainSocketImpl.java:206)
	at java.net.AbstractPlainSocketImpl.connect(AbstractPlainSocketImpl.java:188)
	at java.net.SocksSocketImpl.connect(SocksSocketImpl.java:392)
	at java.net.Socket.connect(Socket.java:589)
	at java.net.Socket.connect(Socket.java:538)
	at sun.net.NetworkClient.doConnect(NetworkClient.java:180)
	at sun.net.www.http.HttpClient.openServer(HttpClient.java:463)
	at sun.net.www.http.HttpClient.openServer(HttpClient.java:558)
	at sun.net.www.http.HttpClient.<init>(HttpClient.java:242)
	at sun.net.www.http.HttpClient.New(HttpClient.java:339)
	at sun.net.www.http.HttpClient.New(HttpClient.java:357)
	at sun.net.www.protocol.http.HttpURLConnection.getNewHttpClient(HttpURLConnection.java:1220)
	at sun.net.www.protocol.http.HttpURLConnection.plainConnect0(HttpURLConnection.java:1156)
	at sun.net.www.protocol.http.HttpURLConnection.plainConnect(HttpURLConnection.java:1050)
	at sun.net.www.protocol.http.HttpURLConnection.connect(HttpURLConnection.java:984)
	at org.springframework.http.client.SimpleBufferingClientHttpRequest.executeInternal(SimpleBufferingClientHttpRequest.java:78)
	at org.springframework.http.client.AbstractBufferingClientHttpRequest.executeInternal(AbstractBufferingClientHttpRequest.java:48)
	at org.springframework.http.client.AbstractClientHttpRequest.execute(AbstractClientHttpRequest.java:53)
	at org.springframework.web.client.RestTemplate.doExecute(RestTemplate.java:660)
	at org.springframework.web.client.RestTemplate.execute(RestTemplate.java:621)
	at org.springframework.web.client.RestTemplate.getForObject(RestTemplate.java:295)
	at md.esempla.library.rest.controller.AuhorsRestControllerTest.createAuthorTest(AuhorsRestControllerTest.java:50)
]]></error>
    <system-out><![CDATA[2018-04-24 13:27:12.902  INFO 31196 --- [           main] s.w.s.m.m.a.RequestMappingHandlerAdapter : Looking for @ControllerAdvice: org.springframework.test.web.servlet.setup.StubWebApplicationContext@7dd3981e
2018-04-24 13:27:12.909  INFO 31196 --- [           main] o.s.mock.web.MockServletContext          : Initializing Spring FrameworkServlet ''
2018-04-24 13:27:12.910  INFO 31196 --- [           main] o.s.t.web.servlet.TestDispatcherServlet  : FrameworkServlet '': initialization started
2018-04-24 13:27:12.910  INFO 31196 --- [           main] o.s.t.web.servlet.TestDispatcherServlet  : FrameworkServlet '': initialization completed in 0 ms
]]></system-out>
  </testcase>
</testsuite>